{"/home/travis/build/npmtest/node-npmtest-underscore/test.js":{"path":"/home/travis/build/npmtest/node-npmtest-underscore/test.js","s":{"1":2,"2":2,"3":2,"4":2,"5":2,"6":2,"7":2,"8":2,"9":2,"10":2,"11":2,"12":2,"13":2},"b":{"1":[2,1,1],"2":[2,1],"3":[1,1],"4":[2,1]},"f":{"1":2,"2":2,"3":2,"4":2},"fnMap":{"1":{"name":"(anonymous_1)","line":13,"loc":{"start":{"line":13,"column":1},"end":{"line":13,"column":13}}},"2":{"name":"(anonymous_2)","line":20,"loc":{"start":{"line":20,"column":5},"end":{"line":20,"column":17}}},"3":{"name":"(anonymous_3)","line":24,"loc":{"start":{"line":24,"column":9},"end":{"line":24,"column":21}}},"4":{"name":"(anonymous_4)","line":47,"loc":{"start":{"line":47,"column":5},"end":{"line":47,"column":17}}}},"statementMap":{"1":{"start":{"line":13,"column":0},"end":{"line":50,"column":5}},"2":{"start":{"line":15,"column":4},"end":{"line":15,"column":14}},"3":{"start":{"line":20,"column":4},"end":{"line":42,"column":9}},"4":{"start":{"line":22,"column":8},"end":{"line":22,"column":19}},"5":{"start":{"line":24,"column":8},"end":{"line":32,"column":13}},"6":{"start":{"line":25,"column":12},"end":{"line":30,"column":13}},"7":{"start":{"line":26,"column":16},"end":{"line":28,"column":27}},"8":{"start":{"line":31,"column":12},"end":{"line":31,"column":53}},"9":{"start":{"line":34,"column":8},"end":{"line":36,"column":21}},"10":{"start":{"line":38,"column":8},"end":{"line":39,"column":49}},"11":{"start":{"line":41,"column":8},"end":{"line":41,"column":33}},"12":{"start":{"line":47,"column":4},"end":{"line":49,"column":9}},"13":{"start":{"line":48,"column":8},"end":{"line":48,"column":15}}},"branchMap":{"1":{"line":26,"type":"binary-expr","locations":[{"start":{"line":26,"column":31},"end":{"line":26,"column":72}},{"start":{"line":27,"column":20},"end":{"line":27,"column":70}},{"start":{"line":28,"column":20},"end":{"line":28,"column":26}}]},"2":{"line":31,"type":"binary-expr","locations":[{"start":{"line":31,"column":27},"end":{"line":31,"column":39}},{"start":{"line":31,"column":43},"end":{"line":31,"column":52}}]},"3":{"line":34,"type":"cond-expr","locations":[{"start":{"line":35,"column":14},"end":{"line":35,"column":20}},{"start":{"line":36,"column":14},"end":{"line":36,"column":20}}]},"4":{"line":38,"type":"binary-expr","locations":[{"start":{"line":38,"column":38},"end":{"line":38,"column":59}},{"start":{"line":39,"column":12},"end":{"line":39,"column":31}}]}},"code":["/* istanbul instrument in package npmtest_underscore */","/* jslint-utility2 */","/*jslint","    bitwise: true,","    browser: true,","    maxerr: 4,","    maxlen: 100,","    node: true,","    nomen: true,","    regexp: true,","    stupid: true","*/","(function () {","    'use strict';","    var local;","","","","    // run shared js-env code - init-before","    (function () {","        // init local","        local = {};","        // init modeJs","        (function () {","            try {","                local.modeJs = typeof process.versions.node === 'string' &&","                    typeof require('http').createServer === 'function' &&","                    'node';","            } catch (ignore) {","            }","            local.modeJs = local.modeJs || 'browser';","        }());","        // init global","        local.global = local.modeJs === 'browser'","            ? window","            : global;","        // re-init local","        local = local.global.local = (local.global.utility2 ||","            require('utility2')).requireReadme();","        // init test","        local.testRunInit(local);","    }());","","","","    // run shared js-env code - function","    (function () {","        return;","    }());","}());",""],"l":{"13":2,"15":2,"20":2,"22":2,"24":2,"25":2,"26":2,"31":2,"34":2,"38":2,"41":2,"47":2,"48":2}},"/home/travis/build/npmtest/node-npmtest-underscore/lib.npmtest_underscore.js":{"path":"/home/travis/build/npmtest/node-npmtest-underscore/lib.npmtest_underscore.js","s":{"1":2,"2":2,"3":2,"4":2,"5":2,"6":2,"7":2,"8":2,"9":2,"10":0,"11":0,"12":0,"13":0,"14":0,"15":0,"16":0,"17":2,"18":2,"19":2,"20":2,"21":2,"22":2,"23":2,"24":2,"25":0,"26":2,"27":1,"28":1,"29":1,"30":1,"31":1,"32":1,"33":1,"34":1,"35":1,"36":1,"37":1,"38":1,"39":1,"40":1,"41":1,"42":1,"43":1,"44":1,"45":1,"46":1,"47":1,"48":1,"49":1,"50":1,"51":1,"52":1,"53":1,"54":1,"55":1,"56":1,"57":1,"58":1,"59":1,"60":1,"61":1,"62":2,"63":2},"b":{"1":[2,1,1],"2":[2,0],"3":[2,1,1],"4":[2,1],"5":[1,1],"6":[2,2],"7":[1,1]},"f":{"1":2,"2":2,"3":2,"4":0,"5":2,"6":0},"fnMap":{"1":{"name":"(anonymous_1)","line":13,"loc":{"start":{"line":13,"column":1},"end":{"line":13,"column":13}}},"2":{"name":"(anonymous_2)","line":21,"loc":{"start":{"line":21,"column":5},"end":{"line":21,"column":17}},"skip":true},"3":{"name":"(anonymous_3)","line":23,"loc":{"start":{"line":23,"column":9},"end":{"line":23,"column":21}},"skip":true},"4":{"name":"(anonymous_4)","line":31,"loc":{"start":{"line":31,"column":27},"end":{"line":31,"column":43}},"skip":true},"5":{"name":"(anonymous_5)","line":47,"loc":{"start":{"line":47,"column":9},"end":{"line":47,"column":21}},"skip":true},"6":{"name":"(anonymous_6)","line":65,"loc":{"start":{"line":65,"column":20},"end":{"line":65,"column":32}},"skip":true}},"statementMap":{"1":{"start":{"line":13,"column":0},"end":{"line":120,"column":5}},"2":{"start":{"line":15,"column":4},"end":{"line":15,"column":14}},"3":{"start":{"line":21,"column":4},"end":{"line":119,"column":9},"skip":true},"4":{"start":{"line":23,"column":8},"end":{"line":43,"column":13},"skip":true},"5":{"start":{"line":24,"column":12},"end":{"line":24,"column":43},"skip":true},"6":{"start":{"line":25,"column":12},"end":{"line":25,"column":71},"skip":true},"7":{"start":{"line":26,"column":12},"end":{"line":26,"column":52},"skip":true},"8":{"start":{"line":27,"column":12},"end":{"line":29,"column":13},"skip":true},"9":{"start":{"line":28,"column":16},"end":{"line":28,"column":23},"skip":true},"10":{"start":{"line":30,"column":12},"end":{"line":30,"column":41},"skip":true},"11":{"start":{"line":31,"column":12},"end":{"line":42,"column":14},"skip":true},"12":{"start":{"line":36,"column":16},"end":{"line":36,"column":61},"skip":true},"13":{"start":{"line":37,"column":16},"end":{"line":37,"column":43},"skip":true},"14":{"start":{"line":38,"column":16},"end":{"line":38,"column":55},"skip":true},"15":{"start":{"line":39,"column":16},"end":{"line":39,"column":35},"skip":true},"16":{"start":{"line":41,"column":16},"end":{"line":41,"column":28},"skip":true},"17":{"start":{"line":45,"column":8},"end":{"line":45,"column":19},"skip":true},"18":{"start":{"line":47,"column":8},"end":{"line":55,"column":13},"skip":true},"19":{"start":{"line":48,"column":12},"end":{"line":53,"column":13},"skip":true},"20":{"start":{"line":49,"column":16},"end":{"line":51,"column":27},"skip":true},"21":{"start":{"line":54,"column":12},"end":{"line":54,"column":53},"skip":true},"22":{"start":{"line":57,"column":8},"end":{"line":59,"column":21},"skip":true},"23":{"start":{"line":61,"column":8},"end":{"line":63,"column":18},"skip":true},"24":{"start":{"line":65,"column":8},"end":{"line":70,"column":10},"skip":true},"25":{"start":{"line":69,"column":12},"end":{"line":69,"column":19},"skip":true},"26":{"start":{"line":72,"column":8},"end":{"line":111,"column":9},"skip":true},"27":{"start":{"line":73,"column":12},"end":{"line":73,"column":61},"skip":true},"28":{"start":{"line":77,"column":12},"end":{"line":77,"column":45},"skip":true},"29":{"start":{"line":78,"column":12},"end":{"line":78,"column":59},"skip":true},"30":{"start":{"line":79,"column":12},"end":{"line":79,"column":47},"skip":true},"31":{"start":{"line":80,"column":12},"end":{"line":80,"column":47},"skip":true},"32":{"start":{"line":81,"column":12},"end":{"line":81,"column":51},"skip":true},"33":{"start":{"line":82,"column":12},"end":{"line":82,"column":45},"skip":true},"34":{"start":{"line":83,"column":12},"end":{"line":83,"column":43},"skip":true},"35":{"start":{"line":84,"column":12},"end":{"line":84,"column":39},"skip":true},"36":{"start":{"line":85,"column":12},"end":{"line":85,"column":45},"skip":true},"37":{"start":{"line":86,"column":12},"end":{"line":86,"column":45},"skip":true},"38":{"start":{"line":87,"column":12},"end":{"line":87,"column":37},"skip":true},"39":{"start":{"line":88,"column":12},"end":{"line":88,"column":41},"skip":true},"40":{"start":{"line":89,"column":12},"end":{"line":89,"column":43},"skip":true},"41":{"start":{"line":90,"column":12},"end":{"line":90,"column":45},"skip":true},"42":{"start":{"line":91,"column":12},"end":{"line":91,"column":39},"skip":true},"43":{"start":{"line":92,"column":12},"end":{"line":92,"column":37},"skip":true},"44":{"start":{"line":93,"column":12},"end":{"line":93,"column":41},"skip":true},"45":{"start":{"line":94,"column":12},"end":{"line":94,"column":47},"skip":true},"46":{"start":{"line":95,"column":12},"end":{"line":95,"column":49},"skip":true},"47":{"start":{"line":96,"column":12},"end":{"line":96,"column":55},"skip":true},"48":{"start":{"line":97,"column":12},"end":{"line":97,"column":49},"skip":true},"49":{"start":{"line":98,"column":12},"end":{"line":98,"column":41},"skip":true},"50":{"start":{"line":99,"column":12},"end":{"line":99,"column":45},"skip":true},"51":{"start":{"line":100,"column":12},"end":{"line":100,"column":61},"skip":true},"52":{"start":{"line":101,"column":12},"end":{"line":101,"column":45},"skip":true},"53":{"start":{"line":102,"column":12},"end":{"line":102,"column":39},"skip":true},"54":{"start":{"line":103,"column":12},"end":{"line":103,"column":39},"skip":true},"55":{"start":{"line":104,"column":12},"end":{"line":104,"column":39},"skip":true},"56":{"start":{"line":105,"column":12},"end":{"line":105,"column":41},"skip":true},"57":{"start":{"line":106,"column":12},"end":{"line":106,"column":37},"skip":true},"58":{"start":{"line":107,"column":12},"end":{"line":107,"column":37},"skip":true},"59":{"start":{"line":108,"column":12},"end":{"line":108,"column":41},"skip":true},"60":{"start":{"line":109,"column":12},"end":{"line":109,"column":35},"skip":true},"61":{"start":{"line":110,"column":12},"end":{"line":110,"column":49},"skip":true},"62":{"start":{"line":113,"column":8},"end":{"line":113,"column":55},"skip":true},"63":{"start":{"line":118,"column":8},"end":{"line":118,"column":15},"skip":true}},"branchMap":{"1":{"line":25,"type":"binary-expr","locations":[{"start":{"line":25,"column":23},"end":{"line":25,"column":49},"skip":true},{"start":{"line":25,"column":53},"end":{"line":25,"column":59},"skip":true},{"start":{"line":25,"column":64},"end":{"line":25,"column":70},"skip":true}]},"2":{"line":27,"type":"if","locations":[{"start":{"line":27,"column":12},"end":{"line":27,"column":12},"skip":true},{"start":{"line":27,"column":12},"end":{"line":27,"column":12},"skip":true}]},"3":{"line":49,"type":"binary-expr","locations":[{"start":{"line":49,"column":31},"end":{"line":49,"column":72},"skip":true},{"start":{"line":50,"column":20},"end":{"line":50,"column":70},"skip":true},{"start":{"line":51,"column":20},"end":{"line":51,"column":26},"skip":true}]},"4":{"line":54,"type":"binary-expr","locations":[{"start":{"line":54,"column":27},"end":{"line":54,"column":39},"skip":true},{"start":{"line":54,"column":43},"end":{"line":54,"column":52},"skip":true}]},"5":{"line":57,"type":"cond-expr","locations":[{"start":{"line":58,"column":14},"end":{"line":58,"column":20},"skip":true},{"start":{"line":59,"column":14},"end":{"line":59,"column":20},"skip":true}]},"6":{"line":61,"type":"binary-expr","locations":[{"start":{"line":61,"column":16},"end":{"line":61,"column":44},"skip":true},{"start":{"line":63,"column":12},"end":{"line":63,"column":17},"skip":true}]},"7":{"line":72,"type":"if","locations":[{"start":{"line":72,"column":8},"end":{"line":72,"column":8},"skip":true},{"start":{"line":72,"column":8},"end":{"line":72,"column":8},"skip":true}]}},"code":["/* istanbul instrument in package npmtest_underscore */","/* jslint-utility2 */","/*jslint","    bitwise: true,","    browser: true,","    maxerr: 4,","    maxlen: 100,","    node: true,","    nomen: true,","    regexp: true,","    stupid: true","*/","(function () {","    'use strict';","    var local;","","","","    // run shared js-env code - init-before","    /* istanbul ignore next */","    (function () {","        // init debug_inline","        (function () {","            var consoleError, context, key;","            context = (typeof window === \"object\" && window) || global;","            key = \"debug_inline\".replace(\"_i\", \"I\");","            if (context[key]) {","                return;","            }","            consoleError = console.error;","            context[key] = function (arg0) {","            /*","             * this function will both print arg0 to stderr and return it","             */","                // debug arguments","                context[\"_\" + key + \"Arguments\"] = arguments;","                consoleError(\"\\n\\n\" + key);","                consoleError.apply(console, arguments);","                consoleError(\"\\n\");","                // return arg0 for inspection","                return arg0;","            };","        }());","        // init local","        local = {};","        // init modeJs","        (function () {","            try {","                local.modeJs = typeof process.versions.node === 'string' &&","                    typeof require('http').createServer === 'function' &&","                    'node';","            } catch (ignore) {","            }","            local.modeJs = local.modeJs || 'browser';","        }());","        // init global","        local.global = local.modeJs === 'browser'","            ? window","            : global;","        // re-init local","        local = local.global.utility2_rollup ||","            // local.global.utility2_rollup_old || require('./assets.utility2.rollup.js') ||","            local;","        // init nop","        local.nop = function () {","        /*","         * this function will do nothing","         */","            return;","        };","        // init exports","        if (local.modeJs === 'browser') {","            local.global.utility2_npmtest_underscore = local;","        } else {","            // require builtins","            // local.assert = require('assert');","            local.buffer = require('buffer');","            local.child_process = require('child_process');","            local.cluster = require('cluster');","            local.console = require('console');","            local.constants = require('constants');","            local.crypto = require('crypto');","            local.dgram = require('dgram');","            local.dns = require('dns');","            local.domain = require('domain');","            local.events = require('events');","            local.fs = require('fs');","            local.http = require('http');","            local.https = require('https');","            local.module = require('module');","            local.net = require('net');","            local.os = require('os');","            local.path = require('path');","            local.process = require('process');","            local.punycode = require('punycode');","            local.querystring = require('querystring');","            local.readline = require('readline');","            local.repl = require('repl');","            local.stream = require('stream');","            local.string_decoder = require('string_decoder');","            local.timers = require('timers');","            local.tls = require('tls');","            local.tty = require('tty');","            local.url = require('url');","            local.util = require('util');","            local.v8 = require('v8');","            local.vm = require('vm');","            local.zlib = require('zlib');","            module.exports = local;","            module.exports.__dirname = __dirname;","        }","        // init lib main","        local.local = local.npmtest_underscore = local;","","","","        /* validateLineSortedReset */","        return;","    }());","}());",""],"l":{"13":2,"15":2,"21":2,"23":2,"24":2,"25":2,"26":2,"27":2,"28":2,"30":1,"31":1,"36":1,"37":1,"38":1,"39":1,"41":1,"45":2,"47":2,"48":2,"49":2,"54":2,"57":2,"61":2,"65":2,"69":1,"72":2,"73":1,"77":1,"78":1,"79":1,"80":1,"81":1,"82":1,"83":1,"84":1,"85":1,"86":1,"87":1,"88":1,"89":1,"90":1,"91":1,"92":1,"93":1,"94":1,"95":1,"96":1,"97":1,"98":1,"99":1,"100":1,"101":1,"102":1,"103":1,"104":1,"105":1,"106":1,"107":1,"108":1,"109":1,"110":1,"113":2,"118":2}},"/home/travis/build/npmtest/node-npmtest-underscore/example.js":{"path":"/home/travis/build/npmtest/node-npmtest-underscore/example.js","s":{"1":2,"2":2,"3":2,"4":2,"5":2,"6":2,"7":2,"8":2,"9":2,"10":2,"11":2,"12":2,"13":1,"14":2,"15":2,"16":2,"17":2,"18":2,"19":0,"20":2,"21":1,"22":1,"23":1,"24":1,"25":1,"26":0,"27":0,"28":1,"29":1,"30":2,"31":0,"32":0,"33":0,"34":1,"35":2,"36":2,"37":20,"38":20,"39":20,"40":20,"41":0,"42":20,"43":20,"44":20,"45":1,"46":3,"47":1,"48":1,"49":1,"50":1,"51":1,"52":1,"53":1,"54":1,"55":1,"56":1,"57":1,"58":1,"59":1,"60":1,"61":1,"62":1,"63":1,"64":1,"65":1,"66":1,"67":1,"68":1,"69":1,"70":1,"71":1,"72":1,"73":1,"74":1,"75":1,"76":1,"77":1,"78":1,"79":1,"80":1,"81":1,"82":1,"83":1,"84":1,"85":3,"86":3,"87":3,"88":0,"89":1,"90":1,"91":1,"92":6,"93":1,"94":2,"95":0,"96":2,"97":1,"98":1,"99":1,"100":0,"101":0,"102":0,"103":0,"104":0,"105":0,"106":0,"107":0,"108":0,"109":0,"110":0,"111":0,"112":0,"113":0,"114":0,"115":0},"b":{"1":[2,1,1],"2":[2,1],"3":[1,1],"4":[2,2],"5":[1,1],"6":[1,1],"7":[2,0],"8":[2,1,1,1,1,1],"9":[0,2,0],"10":[1,1],"11":[2,1,1],"12":[1,0],"13":[0,2],"14":[2,0,0,0,0,0,0],"15":[0,20],"16":[20,0],"17":[1,1],"18":[3,3],"19":[0,3],"20":[1,1],"21":[1,2,0,2,1],"22":[1,0],"23":[1,0],"24":[0,0],"25":[0,0],"26":[0,0],"27":[0,0],"28":[0,0],"29":[0,0]},"f":{"1":2,"2":2,"3":2,"4":2,"5":2,"6":2,"7":20,"8":20,"9":3,"10":1,"11":3,"12":6,"13":0},"fnMap":{"1":{"name":"(anonymous_1)","line":28,"loc":{"start":{"line":28,"column":1},"end":{"line":28,"column":13}}},"2":{"name":"(anonymous_2)","line":35,"loc":{"start":{"line":35,"column":5},"end":{"line":35,"column":17}}},"3":{"name":"(anonymous_3)","line":39,"loc":{"start":{"line":39,"column":9},"end":{"line":39,"column":21}}},"4":{"name":"(anonymous_4)","line":66,"loc":{"start":{"line":66,"column":31},"end":{"line":66,"column":48}},"skip":true},"5":{"name":"(anonymous_5)","line":75,"loc":{"start":{"line":75,"column":26},"end":{"line":75,"column":45}},"skip":true},"6":{"name":"(anonymous_6)","line":119,"loc":{"start":{"line":119,"column":33},"end":{"line":119,"column":48}},"skip":true},"7":{"name":"(anonymous_7)","line":121,"loc":{"start":{"line":121,"column":27},"end":{"line":121,"column":39}},"skip":true},"8":{"name":"(anonymous_8)","line":129,"loc":{"start":{"line":129,"column":59},"end":{"line":129,"column":74}},"skip":true},"9":{"name":"(anonymous_9)","line":139,"loc":{"start":{"line":139,"column":45},"end":{"line":139,"column":62}},"skip":true},"10":{"name":"(anonymous_10)","line":140,"loc":{"start":{"line":140,"column":73},"end":{"line":140,"column":92}},"skip":true},"11":{"name":"(anonymous_11)","line":196,"loc":{"start":{"line":196,"column":18},"end":{"line":196,"column":34}},"skip":true},"12":{"name":"(anonymous_12)","line":469,"loc":{"start":{"line":469,"column":47},"end":{"line":469,"column":73}},"skip":true},"13":{"name":"(anonymous_13)","line":502,"loc":{"start":{"line":502,"column":32},"end":{"line":502,"column":61}},"skip":true}},"statementMap":{"1":{"start":{"line":28,"column":0},"end":{"line":513,"column":5}},"2":{"start":{"line":30,"column":4},"end":{"line":30,"column":14}},"3":{"start":{"line":35,"column":4},"end":{"line":58,"column":9}},"4":{"start":{"line":37,"column":8},"end":{"line":37,"column":19}},"5":{"start":{"line":39,"column":8},"end":{"line":47,"column":13}},"6":{"start":{"line":40,"column":12},"end":{"line":45,"column":13}},"7":{"start":{"line":41,"column":16},"end":{"line":43,"column":27}},"8":{"start":{"line":46,"column":12},"end":{"line":46,"column":53}},"9":{"start":{"line":49,"column":8},"end":{"line":51,"column":21}},"10":{"start":{"line":53,"column":8},"end":{"line":55,"column":45}},"11":{"start":{"line":57,"column":8},"end":{"line":57,"column":35}},"12":{"start":{"line":59,"column":4},"end":{"line":512,"column":5}},"13":{"start":{"line":66,"column":8},"end":{"line":117,"column":10},"skip":true},"14":{"start":{"line":67,"column":12},"end":{"line":85,"column":13},"skip":true},"15":{"start":{"line":73,"column":16},"end":{"line":84,"column":19},"skip":true},"16":{"start":{"line":76,"column":20},"end":{"line":83,"column":21},"skip":true},"17":{"start":{"line":79,"column":24},"end":{"line":79,"column":43},"skip":true},"18":{"start":{"line":80,"column":24},"end":{"line":80,"column":30},"skip":true},"19":{"start":{"line":82,"column":24},"end":{"line":82,"column":49},"skip":true},"20":{"start":{"line":86,"column":12},"end":{"line":103,"column":13},"skip":true},"21":{"start":{"line":89,"column":16},"end":{"line":98,"column":17},"skip":true},"22":{"start":{"line":90,"column":20},"end":{"line":90,"column":88},"skip":true},"23":{"start":{"line":91,"column":20},"end":{"line":91,"column":97},"skip":true},"24":{"start":{"line":92,"column":20},"end":{"line":92,"column":42},"skip":true},"25":{"start":{"line":93,"column":20},"end":{"line":93,"column":48},"skip":true},"26":{"start":{"line":96,"column":20},"end":{"line":96,"column":86},"skip":true},"27":{"start":{"line":97,"column":20},"end":{"line":97,"column":96},"skip":true},"28":{"start":{"line":99,"column":16},"end":{"line":99,"column":22},"skip":true},"29":{"start":{"line":102,"column":16},"end":{"line":102,"column":22},"skip":true},"30":{"start":{"line":104,"column":12},"end":{"line":116,"column":13},"skip":true},"31":{"start":{"line":110,"column":16},"end":{"line":115,"column":17},"skip":true},"32":{"start":{"line":112,"column":20},"end":{"line":112,"column":78},"skip":true},"33":{"start":{"line":114,"column":20},"end":{"line":114,"column":47},"skip":true},"34":{"start":{"line":119,"column":8},"end":{"line":137,"column":11},"skip":true},"35":{"start":{"line":120,"column":12},"end":{"line":120,"column":54},"skip":true},"36":{"start":{"line":121,"column":12},"end":{"line":136,"column":14},"skip":true},"37":{"start":{"line":122,"column":16},"end":{"line":122,"column":28},"skip":true},"38":{"start":{"line":123,"column":16},"end":{"line":123,"column":69},"skip":true},"39":{"start":{"line":124,"column":16},"end":{"line":124,"column":75},"skip":true},"40":{"start":{"line":125,"column":16},"end":{"line":127,"column":17},"skip":true},"41":{"start":{"line":126,"column":20},"end":{"line":126,"column":27},"skip":true},"42":{"start":{"line":129,"column":16},"end":{"line":133,"column":36},"skip":true},"43":{"start":{"line":130,"column":20},"end":{"line":132,"column":55},"skip":true},"44":{"start":{"line":135,"column":16},"end":{"line":135,"column":57},"skip":true},"45":{"start":{"line":139,"column":8},"end":{"line":143,"column":11},"skip":true},"46":{"start":{"line":140,"column":12},"end":{"line":142,"column":15},"skip":true},"47":{"start":{"line":141,"column":16},"end":{"line":141,"column":70},"skip":true},"48":{"start":{"line":145,"column":8},"end":{"line":145,"column":31},"skip":true},"49":{"start":{"line":146,"column":8},"end":{"line":146,"column":14},"skip":true},"50":{"start":{"line":154,"column":8},"end":{"line":154,"column":31},"skip":true},"51":{"start":{"line":157,"column":8},"end":{"line":157,"column":41},"skip":true},"52":{"start":{"line":158,"column":8},"end":{"line":158,"column":55},"skip":true},"53":{"start":{"line":159,"column":8},"end":{"line":159,"column":43},"skip":true},"54":{"start":{"line":160,"column":8},"end":{"line":160,"column":43},"skip":true},"55":{"start":{"line":161,"column":8},"end":{"line":161,"column":47},"skip":true},"56":{"start":{"line":162,"column":8},"end":{"line":162,"column":41},"skip":true},"57":{"start":{"line":163,"column":8},"end":{"line":163,"column":39},"skip":true},"58":{"start":{"line":164,"column":8},"end":{"line":164,"column":35},"skip":true},"59":{"start":{"line":165,"column":8},"end":{"line":165,"column":41},"skip":true},"60":{"start":{"line":166,"column":8},"end":{"line":166,"column":41},"skip":true},"61":{"start":{"line":167,"column":8},"end":{"line":167,"column":33},"skip":true},"62":{"start":{"line":168,"column":8},"end":{"line":168,"column":37},"skip":true},"63":{"start":{"line":169,"column":8},"end":{"line":169,"column":39},"skip":true},"64":{"start":{"line":170,"column":8},"end":{"line":170,"column":41},"skip":true},"65":{"start":{"line":171,"column":8},"end":{"line":171,"column":35},"skip":true},"66":{"start":{"line":172,"column":8},"end":{"line":172,"column":33},"skip":true},"67":{"start":{"line":173,"column":8},"end":{"line":173,"column":37},"skip":true},"68":{"start":{"line":174,"column":8},"end":{"line":174,"column":43},"skip":true},"69":{"start":{"line":175,"column":8},"end":{"line":175,"column":45},"skip":true},"70":{"start":{"line":176,"column":8},"end":{"line":176,"column":51},"skip":true},"71":{"start":{"line":177,"column":8},"end":{"line":177,"column":45},"skip":true},"72":{"start":{"line":178,"column":8},"end":{"line":178,"column":37},"skip":true},"73":{"start":{"line":179,"column":8},"end":{"line":179,"column":41},"skip":true},"74":{"start":{"line":180,"column":8},"end":{"line":180,"column":57},"skip":true},"75":{"start":{"line":181,"column":8},"end":{"line":181,"column":41},"skip":true},"76":{"start":{"line":182,"column":8},"end":{"line":182,"column":35},"skip":true},"77":{"start":{"line":183,"column":8},"end":{"line":183,"column":35},"skip":true},"78":{"start":{"line":184,"column":8},"end":{"line":184,"column":35},"skip":true},"79":{"start":{"line":185,"column":8},"end":{"line":185,"column":37},"skip":true},"80":{"start":{"line":186,"column":8},"end":{"line":186,"column":33},"skip":true},"81":{"start":{"line":187,"column":8},"end":{"line":187,"column":33},"skip":true},"82":{"start":{"line":188,"column":8},"end":{"line":188,"column":37},"skip":true},"83":{"start":{"line":191,"column":8},"end":{"line":191,"column":50},"skip":true},"84":{"start":{"line":192,"column":8},"end":{"line":205,"column":11},"skip":true},"85":{"start":{"line":197,"column":12},"end":{"line":197,"column":30},"skip":true},"86":{"start":{"line":198,"column":12},"end":{"line":198,"column":66},"skip":true},"87":{"start":{"line":199,"column":12},"end":{"line":204,"column":13},"skip":true},"88":{"start":{"line":200,"column":16},"end":{"line":203,"column":18},"skip":true},"89":{"start":{"line":207,"column":8},"end":{"line":455,"column":2},"skip":true},"90":{"start":{"line":460,"column":8},"end":{"line":463,"column":36},"skip":true},"91":{"start":{"line":466,"column":8},"end":{"line":482,"column":15},"skip":true},"92":{"start":{"line":470,"column":16},"end":{"line":481,"column":17},"skip":true},"93":{"start":{"line":472,"column":20},"end":{"line":472,"column":60},"skip":true},"94":{"start":{"line":474,"column":20},"end":{"line":474,"column":48},"skip":true},"95":{"start":{"line":476,"column":20},"end":{"line":476,"column":48},"skip":true},"96":{"start":{"line":478,"column":20},"end":{"line":478,"column":35},"skip":true},"97":{"start":{"line":480,"column":20},"end":{"line":480,"column":34},"skip":true},"98":{"start":{"line":484,"column":8},"end":{"line":486,"column":9},"skip":true},"99":{"start":{"line":485,"column":12},"end":{"line":485,"column":18},"skip":true},"100":{"start":{"line":487,"column":8},"end":{"line":489,"column":54},"skip":true},"101":{"start":{"line":490,"column":8},"end":{"line":490,"column":82},"skip":true},"102":{"start":{"line":493,"column":8},"end":{"line":495,"column":9},"skip":true},"103":{"start":{"line":494,"column":12},"end":{"line":494,"column":82},"skip":true},"104":{"start":{"line":497,"column":8},"end":{"line":499,"column":9},"skip":true},"105":{"start":{"line":498,"column":12},"end":{"line":498,"column":18},"skip":true},"106":{"start":{"line":500,"column":8},"end":{"line":500,"column":54},"skip":true},"107":{"start":{"line":501,"column":8},"end":{"line":501,"column":69},"skip":true},"108":{"start":{"line":502,"column":8},"end":{"line":510,"column":36},"skip":true},"109":{"start":{"line":503,"column":12},"end":{"line":503,"column":61},"skip":true},"110":{"start":{"line":504,"column":12},"end":{"line":507,"column":13},"skip":true},"111":{"start":{"line":505,"column":16},"end":{"line":505,"column":75},"skip":true},"112":{"start":{"line":506,"column":16},"end":{"line":506,"column":23},"skip":true},"113":{"start":{"line":508,"column":12},"end":{"line":508,"column":38},"skip":true},"114":{"start":{"line":509,"column":12},"end":{"line":509,"column":27},"skip":true},"115":{"start":{"line":511,"column":8},"end":{"line":511,"column":14},"skip":true}},"branchMap":{"1":{"line":41,"type":"binary-expr","locations":[{"start":{"line":41,"column":31},"end":{"line":41,"column":72}},{"start":{"line":42,"column":20},"end":{"line":42,"column":70}},{"start":{"line":43,"column":20},"end":{"line":43,"column":26}}]},"2":{"line":46,"type":"binary-expr","locations":[{"start":{"line":46,"column":27},"end":{"line":46,"column":39}},{"start":{"line":46,"column":43},"end":{"line":46,"column":52}}]},"3":{"line":49,"type":"cond-expr","locations":[{"start":{"line":50,"column":14},"end":{"line":50,"column":20}},{"start":{"line":51,"column":14},"end":{"line":51,"column":20}}]},"4":{"line":53,"type":"binary-expr","locations":[{"start":{"line":53,"column":16},"end":{"line":53,"column":44}},{"start":{"line":53,"column":49},"end":{"line":55,"column":43}}]},"5":{"line":53,"type":"cond-expr","locations":[{"start":{"line":54,"column":14},"end":{"line":54,"column":54}},{"start":{"line":55,"column":14},"end":{"line":55,"column":43}}]},"6":{"line":59,"type":"switch","locations":[{"start":{"line":65,"column":4},"end":{"line":146,"column":14},"skip":true},{"start":{"line":152,"column":4},"end":{"line":511,"column":14},"skip":true}]},"7":{"line":67,"type":"if","locations":[{"start":{"line":67,"column":12},"end":{"line":67,"column":12},"skip":true},{"start":{"line":67,"column":12},"end":{"line":67,"column":12},"skip":true}]},"8":{"line":67,"type":"binary-expr","locations":[{"start":{"line":67,"column":16},"end":{"line":67,"column":22},"skip":true},{"start":{"line":67,"column":27},"end":{"line":67,"column":32},"skip":true},{"start":{"line":68,"column":20},"end":{"line":68,"column":39},"skip":true},{"start":{"line":69,"column":20},"end":{"line":69,"column":49},"skip":true},{"start":{"line":70,"column":20},"end":{"line":70,"column":58},"skip":true},{"start":{"line":71,"column":20},"end":{"line":71,"column":69},"skip":true}]},"9":{"line":76,"type":"switch","locations":[{"start":{"line":77,"column":20},"end":{"line":77,"column":33},"skip":true},{"start":{"line":78,"column":20},"end":{"line":80,"column":30},"skip":true},{"start":{"line":81,"column":20},"end":{"line":82,"column":49},"skip":true}]},"10":{"line":86,"type":"switch","locations":[{"start":{"line":87,"column":12},"end":{"line":99,"column":22},"skip":true},{"start":{"line":101,"column":12},"end":{"line":102,"column":22},"skip":true}]},"11":{"line":86,"type":"binary-expr","locations":[{"start":{"line":86,"column":20},"end":{"line":86,"column":25},"skip":true},{"start":{"line":86,"column":29},"end":{"line":86,"column":48},"skip":true},{"start":{"line":86,"column":52},"end":{"line":86,"column":74},"skip":true}]},"12":{"line":89,"type":"if","locations":[{"start":{"line":89,"column":16},"end":{"line":89,"column":16},"skip":true},{"start":{"line":89,"column":16},"end":{"line":89,"column":16},"skip":true}]},"13":{"line":104,"type":"if","locations":[{"start":{"line":104,"column":12},"end":{"line":104,"column":12},"skip":true},{"start":{"line":104,"column":12},"end":{"line":104,"column":12},"skip":true}]},"14":{"line":104,"type":"binary-expr","locations":[{"start":{"line":104,"column":16},"end":{"line":104,"column":61},"skip":true},{"start":{"line":104,"column":66},"end":{"line":104,"column":72},"skip":true},{"start":{"line":104,"column":77},"end":{"line":104,"column":82},"skip":true},{"start":{"line":105,"column":20},"end":{"line":105,"column":39},"skip":true},{"start":{"line":106,"column":20},"end":{"line":106,"column":49},"skip":true},{"start":{"line":107,"column":20},"end":{"line":107,"column":58},"skip":true},{"start":{"line":108,"column":20},"end":{"line":108,"column":68},"skip":true}]},"15":{"line":125,"type":"if","locations":[{"start":{"line":125,"column":16},"end":{"line":125,"column":16},"skip":true},{"start":{"line":125,"column":16},"end":{"line":125,"column":16},"skip":true}]},"16":{"line":130,"type":"cond-expr","locations":[{"start":{"line":131,"column":26},"end":{"line":131,"column":29},"skip":true},{"start":{"line":132,"column":26},"end":{"line":132,"column":54},"skip":true}]},"17":{"line":191,"type":"binary-expr","locations":[{"start":{"line":191,"column":27},"end":{"line":191,"column":43},"skip":true},{"start":{"line":191,"column":47},"end":{"line":191,"column":49},"skip":true}]},"18":{"line":198,"type":"binary-expr","locations":[{"start":{"line":198,"column":37},"end":{"line":198,"column":59},"skip":true},{"start":{"line":198,"column":63},"end":{"line":198,"column":65},"skip":true}]},"19":{"line":199,"type":"if","locations":[{"start":{"line":199,"column":12},"end":{"line":199,"column":12},"skip":true},{"start":{"line":199,"column":12},"end":{"line":199,"column":12},"skip":true}]},"20":{"line":461,"type":"binary-expr","locations":[{"start":{"line":461,"column":12},"end":{"line":461,"column":61},"skip":true},{"start":{"line":462,"column":12},"end":{"line":463,"column":35},"skip":true}]},"21":{"line":470,"type":"switch","locations":[{"start":{"line":471,"column":16},"end":{"line":472,"column":60},"skip":true},{"start":{"line":473,"column":16},"end":{"line":474,"column":48},"skip":true},{"start":{"line":475,"column":16},"end":{"line":476,"column":48},"skip":true},{"start":{"line":477,"column":16},"end":{"line":478,"column":35},"skip":true},{"start":{"line":479,"column":16},"end":{"line":480,"column":34},"skip":true}]},"22":{"line":484,"type":"if","locations":[{"start":{"line":484,"column":8},"end":{"line":484,"column":8},"skip":true},{"start":{"line":484,"column":8},"end":{"line":484,"column":8},"skip":true}]},"23":{"line":484,"type":"binary-expr","locations":[{"start":{"line":484,"column":12},"end":{"line":484,"column":35},"skip":true},{"start":{"line":484,"column":39},"end":{"line":484,"column":67},"skip":true}]},"24":{"line":488,"type":"binary-expr","locations":[{"start":{"line":488,"column":12},"end":{"line":488,"column":50},"skip":true},{"start":{"line":489,"column":12},"end":{"line":489,"column":53},"skip":true}]},"25":{"line":490,"type":"binary-expr","locations":[{"start":{"line":490,"column":43},"end":{"line":490,"column":75},"skip":true},{"start":{"line":490,"column":79},"end":{"line":490,"column":81},"skip":true}]},"26":{"line":493,"type":"if","locations":[{"start":{"line":493,"column":8},"end":{"line":493,"column":8},"skip":true},{"start":{"line":493,"column":8},"end":{"line":493,"column":8},"skip":true}]},"27":{"line":497,"type":"if","locations":[{"start":{"line":497,"column":8},"end":{"line":497,"column":8},"skip":true},{"start":{"line":497,"column":8},"end":{"line":497,"column":8},"skip":true}]},"28":{"line":500,"type":"binary-expr","locations":[{"start":{"line":500,"column":27},"end":{"line":500,"column":43},"skip":true},{"start":{"line":500,"column":47},"end":{"line":500,"column":53},"skip":true}]},"29":{"line":504,"type":"if","locations":[{"start":{"line":504,"column":12},"end":{"line":504,"column":12},"skip":true},{"start":{"line":504,"column":12},"end":{"line":504,"column":12},"skip":true}]}},"code":["/*","example.js","","this script will run a web-demo of npmtest-underscore","","instruction","    1. save this script as example.js","    2. run the shell command:","        $ npm install npmtest-underscore && PORT=8081 node example.js","    3. open a browser to http://127.0.0.1:8081 and play with the web-demo","    4. edit this script to suit your needs","*/","","","","/* istanbul instrument in package npmtest_underscore */","/* jslint-utility2 */","/*jslint","    bitwise: true,","    browser: true,","    maxerr: 4,","    maxlen: 100,","    node: true,","    nomen: true,","    regexp: true,","    stupid: true","*/","(function () {","    'use strict';","    var local;","","","","    // run shared js-env code - init-before","    (function () {","        // init local","        local = {};","        // init modeJs","        (function () {","            try {","                local.modeJs = typeof process.versions.node === 'string' &&","                    typeof require('http').createServer === 'function' &&","                    'node';","            } catch (ignore) {","            }","            local.modeJs = local.modeJs || 'browser';","        }());","        // init global","        local.global = local.modeJs === 'browser'","            ? window","            : global;","        // re-init local","        local = local.global.utility2_rollup || (local.modeJs === 'browser'","            ? local.global.utility2_npmtest_underscore","            : global.utility2_moduleExports);","        // init exports","        local.global.local = local;","    }());","    switch (local.modeJs) {","","","","    // run browser js-env code - init-test","    /* istanbul ignore next */","    case 'browser':","        local.testRunBrowser = function (event) {","            if (!event || (event &&","                    event.currentTarget &&","                    event.currentTarget.className &&","                    event.currentTarget.className.includes &&","                    event.currentTarget.className.includes('onreset'))) {","                // reset output","                Array.from(","                    document.querySelectorAll('body > .resettable')","                ).forEach(function (element) {","                    switch (element.tagName) {","                    case 'INPUT':","                    case 'TEXTAREA':","                        element.value = '';","                        break;","                    default:","                        element.textContent = '';","                    }","                });","            }","            switch (event && event.currentTarget && event.currentTarget.id) {","            case 'testRunButton1':","                // show tests","                if (document.querySelector('#testReportDiv1').style.maxHeight === '0px') {","                    local.uiAnimateSlideDown(document.querySelector('#testReportDiv1'));","                    document.querySelector('#testRunButton1').textContent = 'hide internal test';","                    local.modeTest = true;","                    local.testRunDefault(local);","                // hide tests","                } else {","                    local.uiAnimateSlideUp(document.querySelector('#testReportDiv1'));","                    document.querySelector('#testRunButton1').textContent = 'run internal test';","                }","                break;","            // custom-case","            default:","                break;","            }","            if (document.querySelector('#inputTextareaEval1') && (!event || (event &&","                    event.currentTarget &&","                    event.currentTarget.className &&","                    event.currentTarget.className.includes &&","                    event.currentTarget.className.includes('oneval')))) {","                // try to eval input-code","                try {","                    /*jslint evil: true*/","                    eval(document.querySelector('#inputTextareaEval1').value);","                } catch (errorCaught) {","                    console.error(errorCaught);","                }","            }","        };","        // log stderr and stdout to #outputTextareaStdout1","        ['error', 'log'].forEach(function (key) {","            console[key + '_original'] = console[key];","            console[key] = function () {","                var element;","                console[key + '_original'].apply(console, arguments);","                element = document.querySelector('#outputTextareaStdout1');","                if (!element) {","                    return;","                }","                // append text to #outputTextareaStdout1","                element.value += Array.from(arguments).map(function (arg) {","                    return typeof arg === 'string'","                        ? arg","                        : JSON.stringify(arg, null, 4);","                }).join(' ') + '\\n';","                // scroll textarea to bottom","                element.scrollTop = element.scrollHeight;","            };","        });","        // init event-handling","        ['change', 'click', 'keyup'].forEach(function (event) {","            Array.from(document.querySelectorAll('.on' + event)).forEach(function (element) {","                element.addEventListener(event, local.testRunBrowser);","            });","        });","        // run tests","        local.testRunBrowser();","        break;","","","","    // run node js-env code - init-test","    /* istanbul ignore next */","    case 'node':","        // init exports","        module.exports = local;","        // require builtins","        // local.assert = require('assert');","        local.buffer = require('buffer');","        local.child_process = require('child_process');","        local.cluster = require('cluster');","        local.console = require('console');","        local.constants = require('constants');","        local.crypto = require('crypto');","        local.dgram = require('dgram');","        local.dns = require('dns');","        local.domain = require('domain');","        local.events = require('events');","        local.fs = require('fs');","        local.http = require('http');","        local.https = require('https');","        local.module = require('module');","        local.net = require('net');","        local.os = require('os');","        local.path = require('path');","        local.process = require('process');","        local.punycode = require('punycode');","        local.querystring = require('querystring');","        local.readline = require('readline');","        local.repl = require('repl');","        local.stream = require('stream');","        local.string_decoder = require('string_decoder');","        local.timers = require('timers');","        local.tls = require('tls');","        local.tty = require('tty');","        local.url = require('url');","        local.util = require('util');","        local.v8 = require('v8');","        local.vm = require('vm');","        local.zlib = require('zlib');","        /* validateLineSortedReset */","        // init assets","        local.assetsDict = local.assetsDict || {};","        [","            'assets.index.template.html',","            'assets.swgg.swagger.json',","            'assets.swgg.swagger.server.json'","        ].forEach(function (file) {","            file = '/' + file;","            local.assetsDict[file] = local.assetsDict[file] || '';","            if (local.fs.existsSync(local.__dirname + file)) {","                local.assetsDict[file] = local.fs.readFileSync(","                    local.__dirname + file,","                    'utf8'","                );","            }","        });","        /* jslint-ignore-begin */","        local.assetsDict['/assets.index.template.html'] = '\\","<!doctype html>\\n\\","<html lang=\"en\">\\n\\","<head>\\n\\","<meta charset=\"UTF-8\">\\n\\","<meta name=\"viewport\" content=\"width=device-width, initial-scale=1\">\\n\\","<!-- \"assets.utility2.template.html\" -->\\n\\","<title>{{env.npm_package_name}} ({{env.npm_package_version}})</title>\\n\\","<style>\\n\\","/* jslint-utility2 */\\n\\","/*csslint\\n\\","*/\\n\\","/* jslint-ignore-begin */\\n\\","*,\\n\\","*:after,\\n\\","*:before {\\n\\","    box-sizing: border-box;\\n\\","}\\n\\","/* jslint-ignore-end */\\n\\","@keyframes uiAnimateShake {\\n\\","    0%, 50% {\\n\\","        transform: translateX(10px);\\n\\","    }\\n\\","    25%, 75% {\\n\\","        transform: translateX(-10px);\\n\\","    }\\n\\","    100% {\\n\\","        transform: translateX(0);\\n\\","    }\\n\\","}\\n\\","@keyframes uiAnimateSpin {\\n\\","    0% {\\n\\","        transform: rotate(0deg);\\n\\","    }\\n\\","    100% {\\n\\","        transform: rotate(360deg);\\n\\","    }\\n\\","}\\n\\","a {\\n\\","    overflow-wrap: break-word;\\n\\","}\\n\\","body {\\n\\","    background: #eef;\\n\\","    font-family: Arial, Helvetica, sans-serif;\\n\\","    margin: 0 40px;\\n\\","}\\n\\","body > div,\\n\\","body > pre,\\n\\","body > textarea,\\n\\","body > .button {\\n\\","    margin-bottom: 20px;\\n\\","}\\n\\","body > textarea {\\n\\","    height: 10rem;\\n\\","    width: 100%;\\n\\","}\\n\\","body > textarea[readonly] {\\n\\","    background: #ddd;\\n\\","}\\n\\","body > .button {\\n\\","    width: 20rem;\\n\\","}\\n\\","code,\\n\\","pre,\\n\\","textarea {\\n\\","    font-family: Consolas, Menlo, monospace;\\n\\","    font-size: small;\\n\\","}\\n\\","pre {\\n\\","    overflow-wrap: break-word;\\n\\","    white-space: pre-wrap;\\n\\","}\\n\\","textarea {\\n\\","    overflow: auto;\\n\\","    white-space: pre;\\n\\","}\\n\\",".button {\\n\\","    background-color: #fff;\\n\\","    border: 1px solid;\\n\\","    border-bottom-color: rgb(186, 186, 186);\\n\\","    border-left-color: rgb(209, 209, 209);\\n\\","    border-radius: 4px;\\n\\","    border-right-color: rgb(209, 209, 209);\\n\\","    border-top-color: rgb(216, 216, 216);\\n\\","    color: #00d;\\n\\","    cursor: pointer;\\n\\","    display: inline-block;\\n\\","    font-family: Arial, Helvetica, sans-serif;\\n\\","    font-size: 12px;\\n\\","    font-style: normal;\\n\\","    font-weight: normal;\\n\\","    margin: 0;\\n\\","    padding: 2px 7px 3px 7px;\\n\\","    text-align: center;\\n\\","    text-decoration: underline;\\n\\","}\\n\\",".colorError {\\n\\","    color: #d00;\\n\\","}\\n\\",".uiAnimateShake {\\n\\","    animation-duration: 500ms;\\n\\","    animation-name: uiAnimateShake;\\n\\","}\\n\\",".uiAnimateSlide {\\n\\","    overflow-y: hidden;\\n\\","    transition: max-height ease-in 250ms, min-height ease-in 250ms, padding-bottom ease-in 250ms, padding-top ease-in 250ms;\\n\\","}\\n\\",".utility2FooterDiv {\\n\\","    text-align: center;\\n\\","}\\n\\",".zeroPixel {\\n\\","    border: 0;\\n\\","    height: 0;\\n\\","    margin: 0;\\n\\","    padding: 0;\\n\\","    width: 0;\\n\\","}\\n\\","</style>\\n\\","</head>\\n\\","<body>\\n\\","<div id=\"ajaxProgressDiv1\" style=\"background: #d00; height: 2px; left: 0; margin: 0; padding: 0; position: fixed; top: 0; transition: background 500ms, width 1500ms; width: 0%; z-index: 1;\"></div>\\n\\","<div class=\"uiAnimateSpin\" style=\"animation: uiAnimateSpin 2s linear infinite; border: 5px solid #999; border-radius: 50%; border-top: 5px solid #7d7; display: none; height: 25px; vertical-align: middle; width: 25px;\"></div>\\n\\","<code style=\"display: none;\"></code><div class=\"button colorError uiAnimateShake uiAnimateSlide utility2FooterDiv zeroPixel\" style=\"display: none;\"></div><pre style=\"display: none;\"></pre><textarea readonly style=\"display: none;\"></textarea>\\n\\","<script>\\n\\","/* jslint-utility2 */\\n\\","/*jslint\\n\\","    bitwise: true,\\n\\","    browser: true,\\n\\","    maxerr: 4,\\n\\","    maxlen: 100,\\n\\","    node: true,\\n\\","    nomen: true,\\n\\","    regexp: true,\\n\\","    stupid: true\\n\\","*/\\n\\","// init timerIntervalAjaxProgressUpdate\\n\\","(function () {\\n\\","/*\\n\\"," * this function will increment the ajax-progress-bar until the webpage has loaded\\n\\"," */\\n\\","    \"use strict\";\\n\\","    var ajaxProgressDiv1,\\n\\","        ajaxProgressState,\\n\\","        ajaxProgressUpdate;\\n\\","    if (window.timerIntervalAjaxProgressUpdate) {\\n\\","        return;\\n\\","    }\\n\\","    ajaxProgressDiv1 = document.querySelector(\"#ajaxProgressDiv1\");\\n\\","    setTimeout(function () {\\n\\","        ajaxProgressDiv1.style.width = \"25%\";\\n\\","    });\\n\\","    ajaxProgressState = 0;\\n\\","    ajaxProgressUpdate = (window.local &&\\n\\","        window.local.ajaxProgressUpdate) || function () {\\n\\","        ajaxProgressDiv1.style.width = \"100%\";\\n\\","        setTimeout(function () {\\n\\","            ajaxProgressDiv1.style.background = \"transparent\";\\n\\","            setTimeout(function () {\\n\\","                ajaxProgressDiv1.style.width = \"0%\";\\n\\","            }, 500);\\n\\","        }, 1500);\\n\\","    };\\n\\","    window.timerIntervalAjaxProgressUpdate = setInterval(function () {\\n\\","        ajaxProgressState += 1;\\n\\","        ajaxProgressDiv1.style.width = Math.max(\\n\\","            100 - 75 * Math.exp(-0.125 * ajaxProgressState),\\n\\","            ajaxProgressDiv1.style.width.slice(0, -1) | 0\\n\\","        ) + \"%\";\\n\\","    }, 1000);\\n\\","    window.addEventListener(\"load\", function () {\\n\\","        clearInterval(window.timerIntervalAjaxProgressUpdate);\\n\\","        ajaxProgressUpdate();\\n\\","    });\\n\\","}());\\n\\","// init domOnEventSelectAllWithinPre\\n\\","(function () {\\n\\","/*\\n\\"," * this function will limit select-all within <pre tabIndex=\"0\"> elements\\n\\"," * https://stackoverflow.com/questions/985272/selecting-text-in-an-element-akin-to-highlighting-with-your-mouse\\n\\"," */\\n\\","    \"use strict\";\\n\\","    if (window.domOnEventSelectAllWithinPre) {\\n\\","        return;\\n\\","    }\\n\\","    window.domOnEventSelectAllWithinPre = function (event) {\\n\\","        var range, selection;\\n\\","        if (event &&\\n\\","                event.code === \"KeyA\" &&\\n\\","                (event.ctrlKey || event.metaKey) &&\\n\\","                event.target.closest(\"pre\")) {\\n\\","            range = document.createRange();\\n\\","            range.selectNodeContents(event.target.closest(\"pre\"));\\n\\","            selection = window.getSelection();\\n\\","            selection.removeAllRanges();\\n\\","            selection.addRange(range);\\n\\","            event.preventDefault();\\n\\","        }\\n\\","    };\\n\\","    document.addEventListener(\"keydown\", window.domOnEventSelectAllWithinPre);\\n\\","}());\\n\\","</script>\\n\\","<h1>\\n\\","<!-- utility2-comment\\n\\","    <a\\n\\","        {{#if env.npm_package_homepage}}\\n\\","        href=\"{{env.npm_package_homepage}}\"\\n\\","        {{/if env.npm_package_homepage}}\\n\\","        target=\"_blank\"\\n\\","    >\\n\\","utility2-comment -->\\n\\","        {{env.npm_package_name}} ({{env.npm_package_version}})\\n\\","<!-- utility2-comment\\n\\","    </a>\\n\\","utility2-comment -->\\n\\","</h1>\\n\\","<h3>{{env.npm_package_description}}</h3>\\n\\","<!-- utility2-comment\\n\\","<a class=\"button\" download href=\"assets.app.js\">download standalone app</a><br>\\n\\","<button class=\"button onclick onreset\" id=\"testRunButton1\">run internal test</button><br>\\n\\","<div class=\"uiAnimateSlide\" id=\"testReportDiv1\" style=\"border-bottom: 0; border-top: 0; margin-bottom: 0; margin-top: 0; max-height: 0; padding-bottom: 0; padding-top: 0;\"></div>\\n\\","utility2-comment -->\\n\\","\\n\\","\\n\\","\\n\\","<label>stderr and stdout</label>\\n\\","<textarea class=\"resettable\" id=\"outputTextareaStdout1\" readonly></textarea>\\n\\","<!-- utility2-comment\\n\\","{{#if isRollup}}\\n\\","<script src=\"assets.app.js\"></script>\\n\\","{{#unless isRollup}}\\n\\","utility2-comment -->\\n\\","<script src=\"assets.utility2.rollup.js\"></script>\\n\\","<script>window.utility2.onResetBefore.counter += 1;</script>\\n\\","<script src=\"jsonp.utility2.stateInit?callback=window.utility2.stateInit\"></script>\\n\\","<script src=\"assets.npmtest_underscore.js\"></script>\\n\\","<script src=\"assets.example.js\"></script>\\n\\","<script src=\"assets.test.js\"></script>\\n\\","<script>window.utility2.onResetBefore();</script>\\n\\","<!-- utility2-comment\\n\\","{{/if isRollup}}\\n\\","utility2-comment -->\\n\\","<div class=\"utility2FooterDiv\">\\n\\","    [ this app was created with\\n\\","    <a href=\"https://github.com/kaizhu256/node-utility2\" target=\"_blank\">utility2</a>\\n\\","    ]\\n\\","</div>\\n\\","</body>\\n\\","</html>\\n\\","';","        /* jslint-ignore-end */","        /* validateLineSortedReset */","        /* jslint-ignore-begin */","        // bug-workaround - long $npm_package_buildCustomOrg","        local.assetsDict['/assets.npmtest_underscore.js'] =","            local.assetsDict['/assets.npmtest_underscore.js'] ||","            local.fs.readFileSync(local.__dirname + '/lib.npmtest_underscore.js', 'utf8'","        ).replace((/^#!\\//), '// ');","        /* jslint-ignore-end */","        /* validateLineSortedReset */","        local.assetsDict['/'] =","            local.assetsDict['/assets.example.html'] =","            local.assetsDict['/assets.index.template.html']","            .replace((/\\{\\{env\\.(\\w+?)\\}\\}/g), function (match0, match1) {","                switch (match1) {","                case 'npm_package_description':","                    return 'the greatest app in the world!';","                case 'npm_package_name':","                    return 'npmtest-underscore';","                case 'npm_package_nameLib':","                    return 'npmtest_underscore';","                case 'npm_package_version':","                    return '0.0.1';","                default:","                    return match0;","                }","            });","        // init cli","        if (module !== require.main || local.global.utility2_rollup) {","            break;","        }","        local.assetsDict['/assets.example.js'] =","            local.assetsDict['/assets.example.js'] ||","            local.fs.readFileSync(__filename, 'utf8');","        local.assetsDict['/favicon.ico'] = local.assetsDict['/favicon.ico'] || '';","        // if $npm_config_timeout_exit exists,","        // then exit this process after $npm_config_timeout_exit ms","        if (Number(process.env.npm_config_timeout_exit)) {","            setTimeout(process.exit, Number(process.env.npm_config_timeout_exit));","        }","        // start server","        if (local.global.utility2_serverHttp1) {","            break;","        }","        process.env.PORT = process.env.PORT || '8081';","        console.error('server starting on port ' + process.env.PORT);","        local.http.createServer(function (request, response) {","            request.urlParsed = local.url.parse(request.url);","            if (local.assetsDict[request.urlParsed.pathname] !== undefined) {","                response.end(local.assetsDict[request.urlParsed.pathname]);","                return;","            }","            response.statusCode = 404;","            response.end();","        }).listen(process.env.PORT);","        break;","    }","}());",""],"l":{"28":2,"30":2,"35":2,"37":2,"39":2,"40":2,"41":2,"46":2,"49":2,"53":2,"57":2,"59":2,"66":1,"67":2,"73":2,"76":2,"79":2,"80":2,"82":1,"86":2,"89":1,"90":1,"91":1,"92":1,"93":1,"96":1,"97":1,"99":1,"102":1,"104":2,"110":1,"112":1,"114":1,"119":1,"120":2,"121":2,"122":20,"123":20,"124":20,"125":20,"126":1,"129":20,"130":20,"135":20,"139":1,"140":3,"141":1,"145":1,"146":1,"154":1,"157":1,"158":1,"159":1,"160":1,"161":1,"162":1,"163":1,"164":1,"165":1,"166":1,"167":1,"168":1,"169":1,"170":1,"171":1,"172":1,"173":1,"174":1,"175":1,"176":1,"177":1,"178":1,"179":1,"180":1,"181":1,"182":1,"183":1,"184":1,"185":1,"186":1,"187":1,"188":1,"191":1,"192":1,"197":3,"198":3,"199":3,"200":1,"207":1,"460":1,"466":1,"470":6,"472":1,"474":2,"476":1,"478":2,"480":1,"484":1,"485":1,"487":1,"490":1,"493":1,"494":1,"497":1,"498":1,"500":1,"501":1,"502":1,"503":1,"504":1,"505":1,"506":1,"508":1,"509":1,"511":1}},"/home/travis/build/npmtest/node-npmtest-underscore/node_modules/underscore/underscore.js":{"path":"/home/travis/build/npmtest/node-npmtest-underscore/node_modules/underscore/underscore.js","s":{"1":1,"2":1,"3":1,"4":1,"5":1,"6":1,"7":1,"8":1,"9":1,"10":0,"11":0,"12":0,"13":0,"14":0,"15":1,"16":1,"17":1,"18":1,"19":0,"20":1,"21":1,"22":4,"23":4,"24":0,"25":0,"26":0,"27":0,"28":0,"29":0,"30":0,"31":0,"32":0,"33":1,"34":1,"35":0,"36":0,"37":0,"38":0,"39":0,"40":0,"41":0,"42":0,"43":0,"44":1,"45":0,"46":1,"47":11,"48":11,"49":2,"50":2,"51":3,"52":2,"53":0,"54":2,"55":0,"56":0,"57":0,"58":0,"59":0,"60":0,"61":1,"62":0,"63":0,"64":0,"65":0,"66":0,"67":0,"68":0,"69":0,"70":1,"71":1,"72":4,"73":1,"74":0,"75":1,"76":0,"77":0,"78":0,"79":0,"80":0,"81":0,"82":1,"83":1,"84":1,"85":4,"86":4,"87":1,"88":4,"89":4,"90":4,"91":4,"92":161,"93":0,"94":0,"95":0,"96":4,"97":1,"98":0,"99":0,"100":0,"101":0,"102":0,"103":0,"104":1,"105":2,"106":0,"107":0,"108":0,"109":0,"110":0,"111":0,"112":0,"113":0,"114":2,"115":0,"116":0,"117":1,"118":1,"119":1,"120":0,"121":0,"122":0,"123":0,"124":1,"125":0,"126":0,"127":0,"128":0,"129":0,"130":0,"131":1,"132":0,"133":1,"134":0,"135":0,"136":0,"137":0,"138":0,"139":0,"140":0,"141":1,"142":0,"143":0,"144":0,"145":0,"146":0,"147":0,"148":0,"149":1,"150":0,"151":0,"152":0,"153":0,"154":0,"155":1,"156":0,"157":0,"158":0,"159":0,"160":0,"161":0,"162":0,"163":0,"164":0,"165":0,"166":0,"167":0,"168":0,"169":0,"170":0,"171":1,"172":0,"173":1,"174":0,"175":1,"176":0,"177":1,"178":0,"179":0,"180":0,"181":0,"182":0,"183":0,"184":0,"185":0,"186":0,"187":0,"188":0,"189":0,"190":0,"191":0,"192":1,"193":0,"194":0,"195":0,"196":0,"197":0,"198":0,"199":0,"200":0,"201":0,"202":0,"203":0,"204":0,"205":0,"206":0,"207":1,"208":0,"209":1,"210":0,"211":0,"212":0,"213":0,"214":0,"215":0,"216":0,"217":0,"218":0,"219":0,"220":0,"221":0,"222":0,"223":0,"224":1,"225":0,"226":0,"227":0,"228":0,"229":0,"230":0,"231":0,"232":0,"233":0,"234":0,"235":0,"236":0,"237":1,"238":4,"239":0,"240":0,"241":0,"242":0,"243":0,"244":0,"245":1,"246":0,"247":0,"248":0,"249":1,"250":0,"251":1,"252":0,"253":0,"254":0,"255":1,"256":1,"257":0,"258":0,"259":0,"260":0,"261":0,"262":0,"263":0,"264":0,"265":0,"266":1,"267":0,"268":0,"269":0,"270":1,"271":0,"272":1,"273":0,"274":0,"275":0,"276":0,"277":0,"278":1,"279":0,"280":1,"281":0,"282":0,"283":0,"284":0,"285":0,"286":1,"287":0,"288":1,"289":0,"290":1,"291":0,"292":0,"293":0,"294":0,"295":0,"296":0,"297":0,"298":0,"299":0,"300":0,"301":0,"302":0,"303":0,"304":0,"305":1,"306":0,"307":1,"308":0,"309":1,"310":0,"311":0,"312":0,"313":0,"314":0,"315":0,"316":0,"317":0,"318":0,"319":0,"320":0,"321":0,"322":0,"323":0,"324":0,"325":0,"326":0,"327":0,"328":0,"329":0,"330":0,"331":1,"332":0,"333":1,"334":0,"335":0,"336":0,"337":0,"338":0,"339":0,"340":0,"341":0,"342":0,"343":0,"344":0,"345":0,"346":0,"347":1,"348":0,"349":0,"350":0,"351":1,"352":0,"353":0,"354":0,"355":0,"356":0,"357":1,"358":1,"359":0,"360":0,"361":0,"362":0,"363":0,"364":0,"365":1,"366":2,"367":0,"368":0,"369":0,"370":0,"371":0,"372":0,"373":0,"374":1,"375":1,"376":1,"377":0,"378":0,"379":0,"380":0,"381":0,"382":0,"383":0,"384":0,"385":0,"386":1,"387":2,"388":0,"389":0,"390":0,"391":0,"392":0,"393":0,"394":0,"395":0,"396":0,"397":0,"398":0,"399":0,"400":0,"401":0,"402":0,"403":1,"404":1,"405":1,"406":0,"407":0,"408":0,"409":0,"410":0,"411":0,"412":0,"413":0,"414":0,"415":0,"416":1,"417":0,"418":0,"419":0,"420":0,"421":0,"422":0,"423":0,"424":1,"425":0,"426":0,"427":0,"428":0,"429":0,"430":0,"431":0,"432":1,"433":0,"434":0,"435":0,"436":0,"437":0,"438":1,"439":2,"440":2,"441":0,"442":0,"443":0,"444":0,"445":0,"446":0,"447":0,"448":2,"449":1,"450":1,"451":0,"452":0,"453":0,"454":0,"455":0,"456":0,"457":0,"458":1,"459":0,"460":0,"461":0,"462":0,"463":0,"464":0,"465":0,"466":0,"467":1,"468":0,"469":0,"470":1,"471":1,"472":0,"473":0,"474":0,"475":0,"476":0,"477":0,"478":0,"479":0,"480":0,"481":0,"482":0,"483":0,"484":0,"485":0,"486":0,"487":0,"488":0,"489":0,"490":0,"491":0,"492":0,"493":0,"494":0,"495":0,"496":0,"497":0,"498":0,"499":0,"500":0,"501":0,"502":0,"503":0,"504":0,"505":1,"506":0,"507":0,"508":0,"509":0,"510":0,"511":0,"512":0,"513":0,"514":0,"515":0,"516":0,"517":0,"518":0,"519":0,"520":0,"521":0,"522":0,"523":0,"524":0,"525":1,"526":0,"527":1,"528":0,"529":0,"530":1,"531":0,"532":0,"533":0,"534":0,"535":0,"536":0,"537":0,"538":0,"539":1,"540":0,"541":0,"542":0,"543":1,"544":0,"545":0,"546":0,"547":0,"548":0,"549":0,"550":0,"551":1,"552":1,"553":1,"554":1,"555":1,"556":0,"557":0,"558":0,"559":0,"560":0,"561":0,"562":0,"563":0,"564":0,"565":0,"566":1,"567":3,"568":0,"569":3,"570":3,"571":0,"572":0,"573":0,"574":0,"575":0,"576":0,"577":0,"578":1,"579":0,"580":0,"581":0,"582":0,"583":0,"584":0,"585":0,"586":0,"587":1,"588":0,"589":0,"590":0,"591":0,"592":0,"593":0,"594":1,"595":0,"596":0,"597":0,"598":0,"599":0,"600":0,"601":1,"602":0,"603":0,"604":0,"605":0,"606":0,"607":0,"608":1,"609":1,"610":1,"611":1,"612":6,"613":1,"614":1,"615":1,"616":1,"617":141,"618":139,"619":1,"620":1,"621":3,"622":0,"623":0,"624":0,"625":0,"626":0,"627":0,"628":0,"629":0,"630":0,"631":0,"632":0,"633":0,"634":1,"635":1,"636":1,"637":0,"638":0,"639":0,"640":0,"641":0,"642":0,"643":1,"644":0,"645":1,"646":0,"647":0,"648":0,"649":0,"650":0,"651":0,"652":0,"653":0,"654":0,"655":0,"656":0,"657":0,"658":0,"659":0,"660":0,"661":0,"662":1,"663":0,"664":0,"665":0,"666":0,"667":0,"668":0,"669":0,"670":0,"671":0,"672":1,"673":1,"674":0,"675":0,"676":0,"677":0,"678":1,"679":0,"680":0,"681":0,"682":1,"683":0,"684":0,"685":1,"686":0,"687":0,"688":0,"689":0,"690":0,"691":0,"692":0,"693":0,"694":0,"695":1,"696":1,"697":0,"698":0,"699":0,"700":0,"701":0,"702":0,"703":0,"704":0,"705":0,"706":0,"707":1,"708":0,"709":0,"710":0,"711":0,"712":0,"713":0,"714":0,"715":0,"716":0,"717":0,"718":0,"719":0,"720":0,"721":0,"722":0,"723":0,"724":0,"725":0,"726":0,"727":0,"728":0,"729":0,"730":0,"731":0,"732":0,"733":0,"734":0,"735":0,"736":0,"737":0,"738":0,"739":0,"740":0,"741":0,"742":0,"743":0,"744":0,"745":0,"746":0,"747":0,"748":0,"749":0,"750":0,"751":0,"752":0,"753":0,"754":0,"755":1,"756":0,"757":1,"758":0,"759":0,"760":0,"761":0,"762":0,"763":1,"764":0,"765":1,"766":0,"767":1,"768":3,"769":3,"770":1,"771":12,"772":1,"773":1,"774":0,"775":0,"776":1,"777":1,"778":1,"779":141,"780":1,"781":0,"782":1,"783":0,"784":1,"785":0,"786":1,"787":0,"788":1,"789":0,"790":1,"791":0,"792":0,"793":0,"794":0,"795":0,"796":0,"797":0,"798":0,"799":0,"800":1,"801":0,"802":0,"803":1,"804":0,"805":1,"806":0,"807":0,"808":1,"809":1,"810":0,"811":0,"812":0,"813":0,"814":1,"815":0,"816":0,"817":0,"818":0,"819":1,"820":0,"821":0,"822":0,"823":1,"824":0,"825":0,"826":0,"827":0,"828":0,"829":1,"830":0,"831":0,"832":0,"833":0,"834":1,"835":0,"836":1,"837":1,"838":1,"839":2,"840":0,"841":2,"842":2,"843":2,"844":2,"845":0,"846":0,"847":1,"848":1,"849":1,"850":0,"851":0,"852":0,"853":0,"854":0,"855":0,"856":0,"857":0,"858":0,"859":0,"860":0,"861":0,"862":1,"863":1,"864":0,"865":0,"866":1,"867":1,"868":1,"869":1,"870":1,"871":0,"872":1,"873":0,"874":0,"875":0,"876":0,"877":0,"878":0,"879":0,"880":0,"881":0,"882":0,"883":0,"884":0,"885":0,"886":0,"887":0,"888":0,"889":0,"890":0,"891":0,"892":0,"893":0,"894":0,"895":0,"896":0,"897":0,"898":0,"899":0,"900":0,"901":0,"902":0,"903":1,"904":0,"905":0,"906":0,"907":1,"908":0,"909":1,"910":1,"911":139,"912":139,"913":0,"914":0,"915":0,"916":1,"917":1,"918":1,"919":7,"920":7,"921":0,"922":0,"923":0,"924":0,"925":0,"926":1,"927":3,"928":3,"929":0,"930":1,"931":0,"932":1,"933":1,"934":0,"935":1,"936":0,"937":0},"b":{"1":[1,0,0,1,1,1,0,0],"2":[1,0],"3":[0,0],"4":[0,0],"5":[1,0],"6":[1,1],"7":[1,0],"8":[1,1,1],"9":[4,0],"10":[0,0,0],"11":[0,0],"12":[0,0],"13":[0,0],"14":[0,0],"15":[0,0],"16":[0,0],"17":[11,0],"18":[0,2,0],"19":[0,0],"20":[0,0],"21":[0,4],"22":[0,0],"23":[0,0],"24":[0,0],"25":[4,4,4],"26":[4,0],"27":[0,0],"28":[0,0],"29":[0,0],"30":[0,0],"31":[0,0],"32":[0,0],"33":[0,0],"34":[0,0],"35":[0,0],"36":[0,0],"37":[0,0],"38":[0,0],"39":[0,0],"40":[0,0],"41":[0,0],"42":[0,0],"43":[0,0],"44":[0,0],"45":[0,0],"46":[0,0],"47":[0,0],"48":[0,0],"49":[0,0],"50":[0,0],"51":[0,0],"52":[0,0],"53":[0,0],"54":[0,0],"55":[0,0],"56":[0,0],"57":[0,0],"58":[0,0],"59":[0,0],"60":[0,0,0,0],"61":[0,0],"62":[0,0],"63":[0,0],"64":[0,0],"65":[0,0,0],"66":[0,0],"67":[0,0,0,0],"68":[0,0],"69":[0,0],"70":[0,0],"71":[0,0],"72":[0,0,0],"73":[0,0],"74":[0,0],"75":[0,0],"76":[0,0],"77":[0,0],"78":[0,0],"79":[0,0],"80":[0,0],"81":[0,0],"82":[0,0],"83":[0,0],"84":[0,0],"85":[0,0],"86":[0,0],"87":[0,0],"88":[0,0],"89":[0,0],"90":[0,0],"91":[0,0],"92":[0,0],"93":[0,0],"94":[0,0],"95":[0,0],"96":[0,0],"97":[0,0],"98":[0,0],"99":[0,0],"100":[0,0],"101":[0,0],"102":[0,0],"103":[0,0],"104":[0,0],"105":[0,0],"106":[0,0],"107":[0,0],"108":[0,0,0],"109":[0,0],"110":[0,0],"111":[0,0],"112":[0,0],"113":[0,0],"114":[0,0],"115":[0,0],"116":[0,0],"117":[0,0],"118":[0,0],"119":[0,0],"120":[0,0],"121":[0,0],"122":[0,0],"123":[0,0],"124":[0,0,0],"125":[0,0],"126":[0,0],"127":[0,0],"128":[0,0],"129":[0,0],"130":[0,0],"131":[0,0],"132":[0,0],"133":[0,0],"134":[0,0],"135":[0,0,0],"136":[0,0],"137":[0,0],"138":[0,0],"139":[0,0],"140":[0,0],"141":[0,0],"142":[0,0],"143":[0,0],"144":[0,0],"145":[0,0],"146":[0,0],"147":[0,0],"148":[0,0],"149":[0,0],"150":[0,0],"151":[0,0],"152":[0,0],"153":[0,0],"154":[0,0],"155":[0,0],"156":[0,0],"157":[0,0],"158":[0,0],"159":[0,0],"160":[0,0],"161":[0,0],"162":[0,0],"163":[0,0],"164":[0,0],"165":[0,0],"166":[0,0],"167":[0,0],"168":[0,0],"169":[0,0],"170":[0,0],"171":[0,0],"172":[0,0,0],"173":[0,0],"174":[0,0],"175":[0,0],"176":[0,0,0],"177":[0,3],"178":[3,0],"179":[0,0],"180":[0,0],"181":[0,0],"182":[0,0],"183":[139,2],"184":[0,0],"185":[0,0],"186":[0,0],"187":[0,0],"188":[0,0],"189":[0,0],"190":[0,0],"191":[0,0],"192":[0,0],"193":[0,0],"194":[0,0],"195":[0,0],"196":[0,0],"197":[0,0],"198":[0,0],"199":[0,0],"200":[0,0],"201":[0,0],"202":[0,0],"203":[0,0],"204":[0,0],"205":[0,0],"206":[0,0],"207":[0,0],"208":[0,0,0],"209":[0,0],"210":[0,0],"211":[0,0],"212":[0,0,0,0,0,0],"213":[0,0],"214":[0,0],"215":[0,0],"216":[0,0],"217":[0,0],"218":[0,0],"219":[0,0,0,0],"220":[0,0,0,0],"221":[0,0],"222":[0,0],"223":[0,0],"224":[0,0],"225":[0,0],"226":[0,0],"227":[0,0],"228":[0,0],"229":[0,0],"230":[0,0],"231":[0,0],"232":[0,0,0,0],"233":[0,0],"234":[1,0],"235":[3,3,3],"236":[0,1],"237":[1,0],"238":[1,0],"239":[1,1,1],"240":[141,2],"241":[0,0,0],"242":[0,0],"243":[0,0,0],"244":[0,0],"245":[0,0],"246":[0,0],"247":[0,0],"248":[0,0],"249":[0,0],"250":[0,0],"251":[1,0],"252":[0,0],"253":[0,0],"254":[0,0],"255":[0,0],"256":[0,0],"257":[0,0],"258":[0,0],"259":[0,0],"260":[0,0],"261":[0,0],"262":[0,0],"263":[0,0],"264":[0,0],"265":[0,0],"266":[0,0],"267":[0,0],"268":[0,0],"269":[0,0],"270":[0,0],"271":[0,0],"272":[0,0],"273":[0,0],"274":[0,0,0],"275":[0,1],"276":[1,0]},"f":{"1":1,"2":0,"3":0,"4":4,"5":0,"6":0,"7":0,"8":0,"9":0,"10":0,"11":11,"12":2,"13":0,"14":1,"15":4,"16":0,"17":0,"18":4,"19":4,"20":0,"21":2,"22":0,"23":0,"24":0,"25":0,"26":0,"27":0,"28":0,"29":0,"30":0,"31":0,"32":0,"33":0,"34":0,"35":0,"36":0,"37":0,"38":0,"39":0,"40":0,"41":0,"42":0,"43":0,"44":0,"45":4,"46":0,"47":0,"48":0,"49":0,"50":0,"51":0,"52":0,"53":0,"54":0,"55":0,"56":0,"57":0,"58":0,"59":0,"60":0,"61":0,"62":0,"63":0,"64":0,"65":0,"66":0,"67":0,"68":0,"69":2,"70":0,"71":0,"72":2,"73":0,"74":0,"75":0,"76":0,"77":0,"78":0,"79":2,"80":0,"81":0,"82":0,"83":0,"84":0,"85":0,"86":0,"87":0,"88":0,"89":0,"90":0,"91":0,"92":0,"93":0,"94":0,"95":0,"96":0,"97":0,"98":0,"99":0,"100":0,"101":0,"102":0,"103":0,"104":3,"105":0,"106":0,"107":0,"108":0,"109":1,"110":1,"111":3,"112":0,"113":0,"114":0,"115":0,"116":0,"117":0,"118":0,"119":0,"120":0,"121":0,"122":0,"123":0,"124":0,"125":0,"126":0,"127":0,"128":3,"129":12,"130":1,"131":0,"132":141,"133":0,"134":0,"135":0,"136":0,"137":0,"138":0,"139":0,"140":0,"141":0,"142":0,"143":0,"144":0,"145":0,"146":0,"147":0,"148":0,"149":0,"150":0,"151":0,"152":0,"153":0,"154":2,"155":0,"156":0,"157":0,"158":0,"159":0,"160":0,"161":0,"162":0,"163":0,"164":0,"165":1,"166":139,"167":0,"168":7,"169":0,"170":3,"171":0,"172":0,"173":0,"174":0},"fnMap":{"1":{"name":"(anonymous_1)","line":6,"loc":{"start":{"line":6,"column":1},"end":{"line":6,"column":12}}},"2":{"name":"(anonymous_2)","line":39,"loc":{"start":{"line":39,"column":13},"end":{"line":39,"column":23}}},"3":{"name":"(anonymous_3)","line":42,"loc":{"start":{"line":42,"column":10},"end":{"line":42,"column":24}}},"4":{"name":"(anonymous_4)","line":68,"loc":{"start":{"line":68,"column":19},"end":{"line":68,"column":53}}},"5":{"name":"(anonymous_5)","line":71,"loc":{"start":{"line":71,"column":21},"end":{"line":71,"column":37}}},"6":{"name":"(anonymous_6)","line":75,"loc":{"start":{"line":75,"column":21},"end":{"line":75,"column":56}}},"7":{"name":"(anonymous_7)","line":78,"loc":{"start":{"line":78,"column":21},"end":{"line":78,"column":69}}},"8":{"name":"(anonymous_8)","line":82,"loc":{"start":{"line":82,"column":11},"end":{"line":82,"column":22}}},"9":{"name":"(anonymous_9)","line":92,"loc":{"start":{"line":92,"column":11},"end":{"line":92,"column":46}}},"10":{"name":"(anonymous_10)","line":103,"loc":{"start":{"line":103,"column":33},"end":{"line":103,"column":58}}},"11":{"name":"(anonymous_11)","line":112,"loc":{"start":{"line":112,"column":22},"end":{"line":112,"column":49}}},"12":{"name":"(anonymous_12)","line":114,"loc":{"start":{"line":114,"column":11},"end":{"line":114,"column":22}}},"13":{"name":"(anonymous_13)","line":136,"loc":{"start":{"line":136,"column":19},"end":{"line":136,"column":39}}},"14":{"name":"(anonymous_14)","line":145,"loc":{"start":{"line":145,"column":24},"end":{"line":145,"column":38}}},"15":{"name":"(anonymous_15)","line":146,"loc":{"start":{"line":146,"column":11},"end":{"line":146,"column":25}}},"16":{"name":"(anonymous_16)","line":151,"loc":{"start":{"line":151,"column":12},"end":{"line":151,"column":32}}},"17":{"name":"(anonymous_17)","line":155,"loc":{"start":{"line":155,"column":16},"end":{"line":155,"column":36}}},"18":{"name":"(anonymous_18)","line":170,"loc":{"start":{"line":170,"column":20},"end":{"line":170,"column":41}}},"19":{"name":"(anonymous_19)","line":181,"loc":{"start":{"line":181,"column":23},"end":{"line":181,"column":56}}},"20":{"name":"(anonymous_20)","line":198,"loc":{"start":{"line":198,"column":22},"end":{"line":198,"column":55}}},"21":{"name":"(anonymous_21)","line":211,"loc":{"start":{"line":211,"column":21},"end":{"line":211,"column":35}}},"22":{"name":"(anonymous_22)","line":214,"loc":{"start":{"line":214,"column":18},"end":{"line":214,"column":57}}},"23":{"name":"(anonymous_23)","line":229,"loc":{"start":{"line":229,"column":11},"end":{"line":229,"column":50}}},"24":{"name":"(anonymous_24)","line":243,"loc":{"start":{"line":243,"column":22},"end":{"line":243,"column":56}}},"25":{"name":"(anonymous_25)","line":251,"loc":{"start":{"line":251,"column":24},"end":{"line":251,"column":58}}},"26":{"name":"(anonymous_26)","line":254,"loc":{"start":{"line":254,"column":16},"end":{"line":254,"column":45}}},"27":{"name":"(anonymous_27)","line":261,"loc":{"start":{"line":261,"column":13},"end":{"line":261,"column":47}}},"28":{"name":"(anonymous_28)","line":267,"loc":{"start":{"line":267,"column":20},"end":{"line":267,"column":54}}},"29":{"name":"(anonymous_29)","line":280,"loc":{"start":{"line":280,"column":19},"end":{"line":280,"column":53}}},"30":{"name":"(anonymous_30)","line":293,"loc":{"start":{"line":293,"column":40},"end":{"line":293,"column":78}}},"31":{"name":"(anonymous_31)","line":300,"loc":{"start":{"line":300,"column":27},"end":{"line":300,"column":53}}},"32":{"name":"(anonymous_32)","line":308,"loc":{"start":{"line":308,"column":22},"end":{"line":308,"column":40}}},"33":{"name":"(anonymous_33)","line":322,"loc":{"start":{"line":322,"column":12},"end":{"line":322,"column":31}}},"34":{"name":"(anonymous_34)","line":328,"loc":{"start":{"line":328,"column":12},"end":{"line":328,"column":33}}},"35":{"name":"(anonymous_35)","line":334,"loc":{"start":{"line":334,"column":16},"end":{"line":334,"column":37}}},"36":{"name":"(anonymous_36)","line":339,"loc":{"start":{"line":339,"column":10},"end":{"line":339,"column":43}}},"37":{"name":"(anonymous_37)","line":352,"loc":{"start":{"line":352,"column":18},"end":{"line":352,"column":43}}},"38":{"name":"(anonymous_38)","line":364,"loc":{"start":{"line":364,"column":10},"end":{"line":364,"column":43}}},"39":{"name":"(anonymous_39)","line":377,"loc":{"start":{"line":377,"column":18},"end":{"line":377,"column":43}}},"40":{"name":"(anonymous_40)","line":389,"loc":{"start":{"line":389,"column":14},"end":{"line":389,"column":28}}},"41":{"name":"(anonymous_41)","line":397,"loc":{"start":{"line":397,"column":13},"end":{"line":397,"column":37}}},"42":{"name":"(anonymous_42)","line":416,"loc":{"start":{"line":416,"column":13},"end":{"line":416,"column":46}}},"43":{"name":"(anonymous_43)","line":419,"loc":{"start":{"line":419,"column":30},"end":{"line":419,"column":57}}},"44":{"name":"(anonymous_44)","line":425,"loc":{"start":{"line":425,"column":12},"end":{"line":425,"column":34}}},"45":{"name":"(anonymous_45)","line":437,"loc":{"start":{"line":437,"column":14},"end":{"line":437,"column":44}}},"46":{"name":"(anonymous_46)","line":438,"loc":{"start":{"line":438,"column":11},"end":{"line":438,"column":44}}},"47":{"name":"(anonymous_47)","line":441,"loc":{"start":{"line":441,"column":18},"end":{"line":441,"column":41}}},"48":{"name":"(anonymous_48)","line":451,"loc":{"start":{"line":451,"column":20},"end":{"line":451,"column":49}}},"49":{"name":"(anonymous_49)","line":457,"loc":{"start":{"line":457,"column":20},"end":{"line":457,"column":49}}},"50":{"name":"(anonymous_50)","line":464,"loc":{"start":{"line":464,"column":20},"end":{"line":464,"column":49}}},"51":{"name":"(anonymous_51)","line":470,"loc":{"start":{"line":470,"column":14},"end":{"line":470,"column":28}}},"52":{"name":"(anonymous_52)","line":482,"loc":{"start":{"line":482,"column":11},"end":{"line":482,"column":25}}},"53":{"name":"(anonymous_53)","line":489,"loc":{"start":{"line":489,"column":22},"end":{"line":489,"column":52}}},"54":{"name":"(anonymous_54)","line":499,"loc":{"start":{"line":499,"column":30},"end":{"line":499,"column":56}}},"55":{"name":"(anonymous_55)","line":508,"loc":{"start":{"line":508,"column":14},"end":{"line":508,"column":40}}},"56":{"name":"(anonymous_56)","line":514,"loc":{"start":{"line":514,"column":11},"end":{"line":514,"column":37}}},"57":{"name":"(anonymous_57)","line":523,"loc":{"start":{"line":523,"column":29},"end":{"line":523,"column":55}}},"58":{"name":"(anonymous_58)","line":528,"loc":{"start":{"line":528,"column":14},"end":{"line":528,"column":30}}},"59":{"name":"(anonymous_59)","line":533,"loc":{"start":{"line":533,"column":16},"end":{"line":533,"column":57}}},"60":{"name":"(anonymous_60)","line":555,"loc":{"start":{"line":555,"column":14},"end":{"line":555,"column":39}}},"61":{"name":"(anonymous_61)","line":560,"loc":{"start":{"line":560,"column":28},"end":{"line":560,"column":57}}},"62":{"name":"(anonymous_62)","line":570,"loc":{"start":{"line":570,"column":22},"end":{"line":570,"column":67}}},"63":{"name":"(anonymous_63)","line":599,"loc":{"start":{"line":599,"column":26},"end":{"line":599,"column":43}}},"64":{"name":"(anonymous_64)","line":605,"loc":{"start":{"line":605,"column":19},"end":{"line":605,"column":35}}},"65":{"name":"(anonymous_65)","line":622,"loc":{"start":{"line":622,"column":31},"end":{"line":622,"column":53}}},"66":{"name":"(anonymous_66)","line":624,"loc":{"start":{"line":624,"column":27},"end":{"line":624,"column":42}}},"67":{"name":"(anonymous_67)","line":631,"loc":{"start":{"line":631,"column":12},"end":{"line":631,"column":28}}},"68":{"name":"(anonymous_68)","line":648,"loc":{"start":{"line":648,"column":13},"end":{"line":648,"column":36}}},"69":{"name":"(anonymous_69)","line":661,"loc":{"start":{"line":661,"column":35},"end":{"line":661,"column":49}}},"70":{"name":"(anonymous_70)","line":662,"loc":{"start":{"line":662,"column":11},"end":{"line":662,"column":47}}},"71":{"name":"(anonymous_71)","line":679,"loc":{"start":{"line":679,"column":18},"end":{"line":679,"column":58}}},"72":{"name":"(anonymous_72)","line":691,"loc":{"start":{"line":691,"column":26},"end":{"line":691,"column":68}}},"73":{"name":"(anonymous_73)","line":692,"loc":{"start":{"line":692,"column":11},"end":{"line":692,"column":38}}},"74":{"name":"(anonymous_74)","line":725,"loc":{"start":{"line":725,"column":12},"end":{"line":725,"column":40}}},"75":{"name":"(anonymous_75)","line":746,"loc":{"start":{"line":746,"column":12},"end":{"line":746,"column":35}}},"76":{"name":"(anonymous_76)","line":761,"loc":{"start":{"line":761,"column":21},"end":{"line":761,"column":84}}},"77":{"name":"(anonymous_77)","line":772,"loc":{"start":{"line":772,"column":25},"end":{"line":772,"column":55}}},"78":{"name":"(anonymous_78)","line":774,"loc":{"start":{"line":774,"column":30},"end":{"line":774,"column":49}}},"79":{"name":"(anonymous_79)","line":784,"loc":{"start":{"line":784,"column":28},"end":{"line":784,"column":54}}},"80":{"name":"(anonymous_80)","line":786,"loc":{"start":{"line":786,"column":16},"end":{"line":786,"column":27}}},"81":{"name":"(anonymous_81)","line":803,"loc":{"start":{"line":803,"column":28},"end":{"line":803,"column":48}}},"82":{"name":"(anonymous_82)","line":814,"loc":{"start":{"line":814,"column":14},"end":{"line":814,"column":37}}},"83":{"name":"(anonymous_83)","line":815,"loc":{"start":{"line":815,"column":18},"end":{"line":815,"column":32}}},"84":{"name":"(anonymous_84)","line":827,"loc":{"start":{"line":827,"column":26},"end":{"line":827,"column":53}}},"85":{"name":"(anonymous_85)","line":828,"loc":{"start":{"line":828,"column":22},"end":{"line":828,"column":33}}},"86":{"name":"(anonymous_86)","line":842,"loc":{"start":{"line":842,"column":15},"end":{"line":842,"column":45}}},"87":{"name":"(anonymous_87)","line":847,"loc":{"start":{"line":847,"column":16},"end":{"line":847,"column":27}}},"88":{"name":"(anonymous_88)","line":854,"loc":{"start":{"line":854,"column":20},"end":{"line":854,"column":31}}},"89":{"name":"(anonymous_89)","line":874,"loc":{"start":{"line":874,"column":23},"end":{"line":874,"column":34}}},"90":{"name":"(anonymous_90)","line":887,"loc":{"start":{"line":887,"column":15},"end":{"line":887,"column":47}}},"91":{"name":"(anonymous_91)","line":890,"loc":{"start":{"line":890,"column":16},"end":{"line":890,"column":40}}},"92":{"name":"(anonymous_92)","line":895,"loc":{"start":{"line":895,"column":34},"end":{"line":895,"column":49}}},"93":{"name":"(anonymous_93)","line":908,"loc":{"start":{"line":908,"column":23},"end":{"line":908,"column":34}}},"94":{"name":"(anonymous_94)","line":919,"loc":{"start":{"line":919,"column":11},"end":{"line":919,"column":35}}},"95":{"name":"(anonymous_95)","line":924,"loc":{"start":{"line":924,"column":13},"end":{"line":924,"column":33}}},"96":{"name":"(anonymous_96)","line":925,"loc":{"start":{"line":925,"column":11},"end":{"line":925,"column":22}}},"97":{"name":"(anonymous_97)","line":932,"loc":{"start":{"line":932,"column":14},"end":{"line":932,"column":25}}},"98":{"name":"(anonymous_98)","line":935,"loc":{"start":{"line":935,"column":11},"end":{"line":935,"column":22}}},"99":{"name":"(anonymous_99)","line":944,"loc":{"start":{"line":944,"column":12},"end":{"line":944,"column":34}}},"100":{"name":"(anonymous_100)","line":945,"loc":{"start":{"line":945,"column":11},"end":{"line":945,"column":22}}},"101":{"name":"(anonymous_101)","line":953,"loc":{"start":{"line":953,"column":13},"end":{"line":953,"column":35}}},"102":{"name":"(anonymous_102)","line":955,"loc":{"start":{"line":955,"column":11},"end":{"line":955,"column":22}}},"103":{"name":"(anonymous_103)","line":978,"loc":{"start":{"line":978,"column":28},"end":{"line":978,"column":48}}},"104":{"name":"(anonymous_104)","line
[...]
=== 1);","  };","","  // Is a given value an array?","  // Delegates to ECMA5's native Array.isArray","  _.isArray = nativeIsArray || function(obj) {","    return toString.call(obj) === '[object Array]';","  };","","  // Is a given variable an object?","  _.isObject = function(obj) {","    var type = typeof obj;","    return type === 'function' || type === 'object' && !!obj;","  };","","  // Add some isType methods: isArguments, isFunction, isString, isNumber, isDate, isRegExp, isError, isMap, isWeakMap, isSet, isWeakSet.","  _.each(['Arguments', 'Function', 'String', 'Number', 'Date', 'RegExp', 'Error', 'Symbol', 'Map', 'WeakMap', 'Set', 'WeakSet'], function(name) {","    _['is' + name] = function(obj) {","      return toString.call(obj) === '[object ' + name + ']';","    };","  });","","  // Define a fallback version of the method in browsers (ahem, IE < 9), where","  // there isn't any inspectable \"Arguments\" type.","  if (!_.isArguments(arguments)) {","    _.isArguments = function(obj) {","      return has(obj, 'callee');","    };","  }","","  // Optimize `isFunction` if appropriate. Work around some typeof bugs in old v8,","  // IE 11 (#1621), Safari 8 (#1929), and PhantomJS (#2236).","  var nodelist = root.document && root.document.childNodes;","  if (typeof /./ != 'function' && typeof Int8Array != 'object' && typeof nodelist != 'function') {","    _.isFunction = function(obj) {","      return typeof obj == 'function' || false;","    };","  }","","  // Is a given object a finite number?","  _.isFinite = function(obj) {","    return !_.isSymbol(obj) && isFinite(obj) && !isNaN(parseFloat(obj));","  };","","  // Is the given value `NaN`?","  _.isNaN = function(obj) {","    return _.isNumber(obj) && isNaN(obj);","  };","","  // Is a given value a boolean?","  _.isBoolean = function(obj) {","    return obj === true || obj === false || toString.call(obj) === '[object Boolean]';","  };","","  // Is a given value equal to null?","  _.isNull = function(obj) {","    return obj === null;","  };","","  // Is a given variable undefined?","  _.isUndefined = function(obj) {","    return obj === void 0;","  };","","  // Shortcut function for checking if an object has a given property directly","  // on itself (in other words, not on a prototype).","  _.has = function(obj, path) {","    if (!_.isArray(path)) {","      return has(obj, path);","    }","    var length = path.length;","    for (var i = 0; i < length; i++) {","      var key = path[i];","      if (obj == null || !hasOwnProperty.call(obj, key)) {","        return false;","      }","      obj = obj[key];","    }","    return !!length;","  };","","  // Utility Functions","  // -----------------","","  // Run Underscore.js in *noConflict* mode, returning the `_` variable to its","  // previous owner. Returns a reference to the Underscore object.","  _.noConflict = function() {","    root._ = previousUnderscore;","    return this;","  };","","  // Keep the identity function around for default iteratees.","  _.identity = function(value) {","    return value;","  };","","  // Predicate-generating functions. Often useful outside of Underscore.","  _.constant = function(value) {","    return function() {","      return value;","    };","  };","","  _.noop = function(){};","","  // Creates a function that, when passed an object, will traverse that object’s","  // properties down the given `path`, specified as an array of keys or indexes.","  _.property = function(path) {","    if (!_.isArray(path)) {","      return shallowProperty(path);","    }","    return function(obj) {","      return deepGet(obj, path);","    };","  };","","  // Generates a function for a given object that returns a given property.","  _.propertyOf = function(obj) {","    if (obj == null) {","      return function(){};","    }","    return function(path) {","      return !_.isArray(path) ? obj[path] : deepGet(obj, path);","    };","  };","","  // Returns a predicate for checking whether an object has a given set of","  // `key:value` pairs.","  _.matcher = _.matches = function(attrs) {","    attrs = _.extendOwn({}, attrs);","    return function(obj) {","      return _.isMatch(obj, attrs);","    };","  };","","  // Run a function **n** times.","  _.times = function(n, iteratee, context) {","    var accum = Array(Math.max(0, n));","    iteratee = optimizeCb(iteratee, context, 1);","    for (var i = 0; i < n; i++) accum[i] = iteratee(i);","    return accum;","  };","","  // Return a random integer between min and max (inclusive).","  _.random = function(min, max) {","    if (max == null) {","      max = min;","      min = 0;","    }","    return min + Math.floor(Math.random() * (max - min + 1));","  };","","  // A (possibly faster) way to get the current timestamp as an integer.","  _.now = Date.now || function() {","    return new Date().getTime();","  };","","  // List of HTML entities for escaping.","  var escapeMap = {","    '&': '&amp;',","    '<': '&lt;',","    '>': '&gt;',","    '\"': '&quot;',","    \"'\": '&#x27;',","    '`': '&#x60;'","  };","  var unescapeMap = _.invert(escapeMap);","","  // Functions for escaping and unescaping strings to/from HTML interpolation.","  var createEscaper = function(map) {","    var escaper = function(match) {","      return map[match];","    };","    // Regexes for identifying a key that needs to be escaped.","    var source = '(?:' + _.keys(map).join('|') + ')';","    var testRegexp = RegExp(source);","    var replaceRegexp = RegExp(source, 'g');","    return function(string) {","      string = string == null ? '' : '' + string;","      return testRegexp.test(string) ? string.replace(replaceRegexp, escaper) : string;","    };","  };","  _.escape = createEscaper(escapeMap);","  _.unescape = createEscaper(unescapeMap);","","  // Traverses the children of `obj` along `path`. If a child is a function, it","  // is invoked with its parent as context. Returns the value of the final","  // child, or `fallback` if any child is undefined.","  _.result = function(obj, path, fallback) {","    if (!_.isArray(path)) path = [path];","    var length = path.length;","    if (!length) {","      return _.isFunction(fallback) ? fallback.call(obj) : fallback;","    }","    for (var i = 0; i < length; i++) {","      var prop = obj == null ? void 0 : obj[path[i]];","      if (prop === void 0) {","        prop = fallback;","        i = length; // Ensure we don't continue iterating.","      }","      obj = _.isFunction(prop) ? prop.call(obj) : prop;","    }","    return obj;","  };","","  // Generate a unique integer id (unique within the entire client session).","  // Useful for temporary DOM ids.","  var idCounter = 0;","  _.uniqueId = function(prefix) {","    var id = ++idCounter + '';","    return prefix ? prefix + id : id;","  };","","  // By default, Underscore uses ERB-style template delimiters, change the","  // following template settings to use alternative delimiters.","  _.templateSettings = {","    evaluate: /<%([\\s\\S]+?)%>/g,","    interpolate: /<%=([\\s\\S]+?)%>/g,","    escape: /<%-([\\s\\S]+?)%>/g","  };","","  // When customizing `templateSettings`, if you don't want to define an","  // interpolation, evaluation or escaping regex, we need one that is","  // guaranteed not to match.","  var noMatch = /(.)^/;","","  // Certain characters need to be escaped so that they can be put into a","  // string literal.","  var escapes = {","    \"'\": \"'\",","    '\\\\': '\\\\',","    '\\r': 'r',","    '\\n': 'n',","    '\\u2028': 'u2028',","    '\\u2029': 'u2029'","  };","","  var escapeRegExp = /\\\\|'|\\r|\\n|\\u2028|\\u2029/g;","","  var escapeChar = function(match) {","    return '\\\\' + escapes[match];","  };","","  // JavaScript micro-templating, similar to John Resig's implementation.","  // Underscore templating handles arbitrary delimiters, preserves whitespace,","  // and correctly escapes quotes within interpolated code.","  // NB: `oldSettings` only exists for backwards compatibility.","  _.template = function(text, settings, oldSettings) {","    if (!settings && oldSettings) settings = oldSettings;","    settings = _.defaults({}, settings, _.templateSettings);","","    // Combine delimiters into one regular expression via alternation.","    var matcher = RegExp([","      (settings.escape || noMatch).source,","      (settings.interpolate || noMatch).source,","      (settings.evaluate || noMatch).source","    ].join('|') + '|$', 'g');","","    // Compile the template source, escaping string literals appropriately.","    var index = 0;","    var source = \"__p+='\";","    text.replace(matcher, function(match, escape, interpolate, evaluate, offset) {","      source += text.slice(index, offset).replace(escapeRegExp, escapeChar);","      index = offset + match.length;","","      if (escape) {","        source += \"'+\\n((__t=(\" + escape + \"))==null?'':_.escape(__t))+\\n'\";","      } else if (interpolate) {","        source += \"'+\\n((__t=(\" + interpolate + \"))==null?'':__t)+\\n'\";","      } else if (evaluate) {","        source += \"';\\n\" + evaluate + \"\\n__p+='\";","      }","","      // Adobe VMs need the match returned to produce the correct offset.","      return match;","    });","    source += \"';\\n\";","","    // If a variable is not specified, place data values in local scope.","    if (!settings.variable) source = 'with(obj||{}){\\n' + source + '}\\n';","","    source = \"var __t,__p='',__j=Array.prototype.join,\" +","      \"print=function(){__p+=__j.call(arguments,'');};\\n\" +","      source + 'return __p;\\n';","","    var render;","    try {","      render = new Function(settings.variable || 'obj', '_', source);","    } catch (e) {","      e.source = source;","      throw e;","    }","","    var template = function(data) {","      return render.call(this, data, _);","    };","","    // Provide the compiled source as a convenience for precompilation.","    var argument = settings.variable || 'obj';","    template.source = 'function(' + argument + '){\\n' + source + '}';","","    return template;","  };","","  // Add a \"chain\" function. Start chaining a wrapped Underscore object.","  _.chain = function(obj) {","    var instance = _(obj);","    instance._chain = true;","    return instance;","  };","","  // OOP","  // ---------------","  // If Underscore is called as a function, it returns a wrapped object that","  // can be used OO-style. This wrapper holds altered versions of all the","  // underscore functions. Wrapped objects may be chained.","","  // Helper function to continue chaining intermediate results.","  var chainResult = function(instance, obj) {","    return instance._chain ? _(obj).chain() : obj;","  };","","  // Add your own custom functions to the Underscore object.","  _.mixin = function(obj) {","    _.each(_.functions(obj), function(name) {","      var func = _[name] = obj[name];","      _.prototype[name] = function() {","        var args = [this._wrapped];","        push.apply(args, arguments);","        return chainResult(this, func.apply(_, args));","      };","    });","    return _;","  };","","  // Add all of the Underscore functions to the wrapper object.","  _.mixin(_);","","  // Add all mutator Array functions to the wrapper.","  _.each(['pop', 'push', 'reverse', 'shift', 'sort', 'splice', 'unshift'], function(name) {","    var method = ArrayProto[name];","    _.prototype[name] = function() {","      var obj = this._wrapped;","      method.apply(obj, arguments);","      if ((name === 'shift' || name === 'splice') && obj.length === 0) delete obj[0];","      return chainResult(this, obj);","    };","  });","","  // Add all accessor Array functions to the wrapper.","  _.each(['concat', 'join', 'slice'], function(name) {","    var method = ArrayProto[name];","    _.prototype[name] = function() {","      return chainResult(this, method.apply(this._wrapped, arguments));","    };","  });","","  // Extracts the result from a wrapped and chained object.","  _.prototype.value = function() {","    return this._wrapped;","  };","","  // Provide unwrapping proxy for some methods used in engine operations","  // such as arithmetic and JSON stringification.","  _.prototype.valueOf = _.prototype.toJSON = _.prototype.value;","","  _.prototype.toString = function() {","    return String(this._wrapped);","  };","","  // AMD registration happens at the end for compatibility with AMD loaders","  // that may not enforce next-turn semantics on modules. Even though general","  // practice for AMD registration is to be anonymous, underscore registers","  // as a named module because, like jQuery, it is a base library that is","  // popular enough to be bundled in a third party lib, but not be part of","  // an AMD load request. Those cases could generate an error when an","  // anonymous define() is called outside of a loader request.","  if (typeof define == 'function' && define.amd) {","    define('underscore', [], function() {","      return _;","    });","  }","}());",""],"l":{"6":1,"14":1,"20":1,"23":1,"24":1,"27":1,"34":1,"39":1,"42":1,"43":0,"44":0,"45":0,"53":1,"54":1,"55":1,"57":1,"59":0,"63":1,"68":1,"69":4,"70":0,"71":0,"72":0,"75":0,"76":0,"78":0,"79":0,"82":0,"83":0,"87":1,"92":1,"93":0,"94":0,"95":0,"96":0,"97":0,"103":1,"104":0,"112":1,"113":11,"114":11,"115":2,"118":2,"119":3,"121":2,"122":0,"123":2,"124":0,"126":0,"127":0,"128":0,"130":0,"131":0,"136":1,"137":0,"138":0,"139":0,"140":0,"141":0,"142":0,"145":1,"146":1,"147":4,"151":1,"152":0,"155":1,"156":0,"157":0,"158":0,"159":0,"161":0,"168":1,"169":1,"170":1,"171":4,"172":4,"181":1,"182":4,"183":4,"184":4,"185":4,"186":161,"189":0,"190":0,"191":0,"194":4,"198":1,"199":0,"200":0,"203":0,"204":0,"205":0,"207":0,"211":1,"214":2,"215":0,"218":0,"219":0,"220":0,"222":0,"223":0,"224":0,"226":0,"229":2,"230":0,"231":0,"237":1,"240":1,"243":1,"244":0,"245":0,"246":0,"251":1,"252":0,"253":0,"254":0,"255":0,"257":0,"261":1,"262":0,"267":1,"268":0,"269":0,"271":0,"272":0,"273":0,"275":0,"280":1,"281":0,"282":0,"284":0,"285":0,"286":0,"288":0,"293":1,"294":0,"295":0,"296":0,"300":1,"301":0,"302":0,"303":0,"304":0,"305":0,"306":0,"308":0,"309":0,"310":0,"311":0,"312":0,"314":0,"315":0,"317":0,"322":1,"323":0,"328":1,"329":0,"334":1,"335":0,"339":1,"340":0,"342":0,"343":0,"344":0,"345":0,"346":0,"347":0,"351":0,"352":0,"353":0,"354":0,"355":0,"356":0,"360":0,"364":1,"365":0,"367":0,"368":0,"369":0,"370":0,"371":0,"372":0,"376":0,"377":0,"378":0,"379":0,"380":0,"381":0,"385":0,"389":1,"390":0,"397":1,"398":0,"399":0,"400":0,"402":0,"403":0,"404":0,"405":0,"406":0,"407":0,"408":0,"409":0,"410":0,"412":0,"416":1,"417":0,"418":0,"419":0,"420":0,"426":0,"427":0,"428":0,"429":0,"430":0,"432":0,"437":1,"438":4,"439":0,"440":0,"441":0,"442":0,"443":0,"445":0,"451":1,"452":0,"457":1,"458":0,"464":1,"465":0,"468":1,"470":1,"471":0,"472":0,"473":0,"475":0,"477":0,"478":0,"482":1,"483":0,"484":0,"489":1,"490":0,"499":1,"500":0,"501":0,"502":0,"508":1,"509":0,"514":1,"515":0,"516":0,"517":0,"523":1,"524":0,"528":1,"529":0,"533":1,"534":0,"535":0,"536":0,"537":0,"538":0,"540":0,"541":0,"542":0,"544":0,"545":0,"547":0,"548":0,"551":0,"555":1,"556":0,"560":1,"561":0,"570":1,"571":0,"572":0,"573":0,"574":0,"576":0,"577":0,"578":0,"579":0,"580":0,"582":0,"583":0,"584":0,"585":0,"586":0,"587":0,"588":0,"590":0,"591":0,"594":0,"599":1,"600":0,"605":1,"606":0,"607":0,"608":0,"609":0,"610":0,"611":0,"612":0,"613":0,"615":0,"617":0,"622":1,"623":0,"624":0,"625":0,"631":1,"632":0,"633":0,"635":0,"636":0,"638":0,"643":1,"648":1,"649":0,"650":0,"651":0,"652":0,"654":0,"657":0,"661":1,"662":2,"663":0,"664":0,"665":0,"666":0,"667":0,"669":0,"674":1,"675":1,"679":1,"680":0,"681":0,"682":0,"683":0,"684":0,"685":0,"687":0,"691":1,"692":2,"693":0,"694":0,"695":0,"696":0,"698":0,"700":0,"701":0,"702":0,"704":0,"705":0,"706":0,"708":0,"709":0,"711":0,"719":1,"720":1,"725":1,"726":0,"727":0,"728":0,"730":0,"731":0,"734":0,"735":0,"737":0,"738":0,"741":0,"746":1,"747":0,"748":0,"749":0,"750":0,"751":0,"753":0,"761":1,"762":0,"763":0,"764":0,"765":0,"766":0,"772":1,"773":0,"774":0,"775":0,"777":0,"784":1,"785":2,"786":2,"787":0,"788":0,"789":0,"790":0,"792":0,"793":0,"795":2,"798":1,"803":1,"804":0,"805":0,"806":0,"807":0,"808":0,"809":0,"814":1,"815":0,"816":0,"817":0,"818":0,"819":0,"821":0,"822":0,"827":1,"828":0,"829":0,"835":1,"842":1,"843":0,"844":0,"845":0,"847":0,"848":0,"849":0,"850":0,"851":0,"854":0,"855":0,"856":0,"857":0,"858":0,"859":0,"860":0,"861":0,"862":0,"863":0,"865":0,"866":0,"867":0,"868":0,"869":0,"871":0,"874":0,"875":0,"876":0,"877":0,"880":0,"887":1,"888":0,"890":0,"891":0,"892":0,"895":0,"896":0,"897":0,"898":0,"899":0,"900":0,"902":0,"905":0,"908":0,"909":0,"910":0,"913":0,"919":1,"920":0,"924":1,"925":0,"926":0,"932":1,"933":0,"934":0,"935":0,"936":0,"937":0,"938":0,"939":0,"944":1,"945":0,"946":0,"947":0,"953":1,"954":0,"955":0,"956":0,"957":0,"959":0,"960":0,"966":1,"968":1,"974":1,"975":1,"978":1,"979":0,"980":0,"981":0,"984":0,"985":0,"987":0,"988":0,"989":0,"990":0,"997":1,"998":3,"999":3,"1000":0,"1001":0,"1003":0,"1004":0,"1008":1,"1009":0,"1010":0,"1011":0,"1013":0,"1014":0,"1018":1,"1019":0,"1020":0,"1021":0,"1022":0,"1023":0,"1025":0,"1030":1,"1031":0,"1032":0,"1035":0,"1036":0,"1037":0,"1039":0,"1044":1,"1045":0,"1046":0,"1047":0,"1048":0,"1049":0,"1051":0,"1055":1,"1056":1,"1057":1,"1058":1,"1059":6,"1061":1,"1066":1,"1067":1,"1068":1,"1069":141,"1071":1,"1075":1,"1076":3,"1077":0,"1078":0,"1079":0,"1080":0,"1081":0,"1084":0,"1085":0,"1086":0,"1089":0,"1094":1,"1098":1,"1101":1,"1102":0,"1103":0,"1104":0,"1105":0,"1106":0,"1111":1,"1112":0,"1116":1,"1117":0,"1118":0,"1119":0,"1120":0,"1121":0,"1123":0,"1124":0,"1125":0,"1127":0,"1128":0,"1129":0,"1130":0,"1132":0,"1136":1,"1137":0,"1138":0,"1139":0,"1140":0,"1142":0,"1143":0,"1144":0,"1147":0,"1151":1,"1156":1,"1157":0,"1158":0,"1159":0,"1163":1,"1164":0,"1165":0,"1171":1,"1172":0,"1173":0,"1177":1,"1178":0,"1179":0,"1180":0,"1181":0,"1182":0,"1183":0,"1185":0,"1190":1,"1191":1,"1194":0,"1196":0,"1198":0,"1200":0,"1201":0,"1202":0,"1206":1,"1208":0,"1209":0,"1211":0,"1212":0,"1213":0,"1220":0,"1224":0,"1226":0,"1232":0,"1234":0,"1237":0,"1238":0,"1239":0,"1243":0,"1244":0,"1247":0,"1255":0,"1256":0,"1257":0,"1258":0,"1261":0,"1265":0,"1266":0,"1269":0,"1271":0,"1272":0,"1274":0,"1275":0,"1279":0,"1280":0,"1282":0,"1283":0,"1285":0,"1286":0,"1290":0,"1291":0,"1292":0,"1296":1,"1297":0,"1302":1,"1303":0,"1304":0,"1305":0,"1309":1,"1310":0,"1315":1,"1316":0,"1320":1,"1321":3,"1322":3,"1326":1,"1327":12,"1328":1,"1334":1,"1335":0,"1336":0,"1342":1,"1343":1,"1344":1,"1345":141,"1350":1,"1351":0,"1355":1,"1356":0,"1360":1,"1361":0,"1365":1,"1366":0,"1370":1,"1371":0,"1376":1,"1377":0,"1378":0,"1380":0,"1381":0,"1382":0,"1383":0,"1384":0,"1386":0,"1388":0,"1396":1,"1397":0,"1398":0,"1402":1,"1403":0,"1407":1,"1408":0,"1409":0,"1413":1,"1417":1,"1418":0,"1419":0,"1421":0,"1422":0,"1427":1,"1428":0,"1429":0,"1431":0,"1432":0,"1438":1,"1439":0,"1440":0,"1441":0,"1446":1,"1447":0,"1448":0,"1449":0,"1450":0,"1454":1,"1455":0,"1456":0,"1457":0,"1459":0,"1463":1,"1464":0,"1468":1,"1476":1,"1479":1,"1480":2,"1481":0,"1484":2,"1485":2,"1486":2,"1487":2,"1488":0,"1489":0,"1492":1,"1493":1,"1498":1,"1499":0,"1500":0,"1501":0,"1502":0,"1504":0,"1505":0,"1506":0,"1507":0,"1508":0,"1510":0,"1512":0,"1517":1,"1518":1,"1519":0,"1520":0,"1525":1,"1534":1,"1538":1,"1547":1,"1549":1,"1550":0,"1557":1,"1558":0,"1559":0,"1562":0,"1569":0,"1570":0,"1571":0,"1572":0,"1573":0,"1575":0,"1576":0,"1577":0,"1578":0,"1579":0,"1580":0,"1584":0,"1586":0,"1589":0,"1591":0,"1595":0,"1596":0,"1597":0,"1599":0,"1600":0,"1603":0,"1604":0,"1608":0,"1609":0,"1611":0,"1615":1,"1616":0,"1617":0,"1618":0,"1628":1,"1629":0,"1633":1,"1634":1,"1635":139,"1636":139,"1637":0,"1638":0,"1639":0,"1642":1,"1646":1,"1649":1,"1650":7,"1651":7,"1652":0,"1653":0,"1654":0,"1655":0,"1660":1,"1661":3,"1662":3,"1663":0,"1668":1,"1669":0,"1674":1,"1676":1,"1677":0,"1687":1,"1688":0,"1689":0}}}