{"/home/travis/build/npmtest/node-npmtest-underscore/test.js":{"path":"/home/travis/build/npmtest/node-npmtest-underscore/test.js","s":{"1":2,"2":2,"3":2,"4":2,"5":2,"6":2,"7":2,"8":1,"9":2,"10":2,"11":1,"12":1,"13":1,"14":1,"15":2,"16":2,"17":2,"18":2,"19":1,"20":1,"21":2,"22":2,"23":2,"24":1,"25":1,"26":1,"27":1,"28":1,"29":1,"30":1,"31":1,"32":1,"33":1,"34":1,"35":1,"36":1,"37":1,"38":1,"39":2,"40":2,"41":1,"42":2,"43":2,"44":1,"45":2,"46":2,"47":1,"48":2,"49":2,"50":1,"51":1,"52":1,"53":1,"54":1},"b":{"1":[2,1,1,1],"2":[1,1,1,1],"3":[1,1],"4":[1,1],"5":[1,1],"6":[1,1],"7":[1,1],"8":[1,1],"9":[1,1],"10":[1,1,1],"11":[1,1],"12":[1,1],"13":[1,1],"14":[1,1],"15":[1,1],"16":[1,1],"17":[1,1]},"f":{"1":2,"2":2,"3":2,"4":2,"5":2,"6":1,"7":1,"8":1,"9":2,"10":2,"11":2,"12":2,"13":1},"fnMap":{"1":{"name":"(anonymous_1)","line":12,"loc":{"start":{"line":12,"column":1},"end":{"line":12,"column":13}}},"2":{"name":"(anonymous_2)","line":19,"loc":{"start":{"line":19,"column":5},"end":{"line":19,"column":17}}},"3":{"name":"(anonymous_3)","line":23,"loc":{"start":{"line":23,"column":24},"end":{"line":23,"column":36}}},"4":{"name":"(anonymous_4)","line":61,"loc":{"start":{"line":61,"column":5},"end":{"line":61,"column":17}}},"5":{"name":"(anonymous_5)","line":82,"loc":{"start":{"line":82,"column":5},"end":{"line":82,"column":17}}},"6":{"name":"(anonymous_6)","line":91,"loc":{"start":{"line":91,"column":77},"end":{"line":94,"column":10}}},"7":{"name":"(anonymous_7)","line":112,"loc":{"start":{"line":112,"column":83},"end":{"line":115,"column":10}},"skip":true},"8":{"name":"(anonymous_8)","line":123,"loc":{"start":{"line":123,"column":77},"end":{"line":126,"column":10}},"skip":true},"9":{"name":"(anonymous_9)","line":139,"loc":{"start":{"line":139,"column":12},"end":{"line":139,"column":40}},"skip":true},"10":{"name":"(anonymous_10)","line":147,"loc":{"start":{"line":147,"column":77},"end":{"line":150,"column":10}},"skip":true},"11":{"name":"(anonymous_11)","line":158,"loc":{"start":{"line":158,"column":83},"end":{"line":161,"column":10}},"skip":true},"12":{"name":"(anonymous_12)","line":169,"loc":{"start":{"line":169,"column":79},"end":{"line":172,"column":10}},"skip":true},"13":{"name":"(anonymous_13)","line":180,"loc":{"start":{"line":180,"column":75},"end":{"line":183,"column":10}},"skip":true}},"statementMap":{"1":{"start":{"line":12,"column":0},"end":{"line":195,"column":5}},"2":{"start":{"line":14,"column":4},"end":{"line":14,"column":14}},"3":{"start":{"line":19,"column":4},"end":{"line":56,"column":9}},"4":{"start":{"line":21,"column":8},"end":{"line":21,"column":19}},"5":{"start":{"line":23,"column":8},"end":{"line":35,"column":13}},"6":{"start":{"line":24,"column":12},"end":{"line":34,"column":13}},"7":{"start":{"line":25,"column":16},"end":{"line":28,"column":30}},"8":{"start":{"line":30,"column":16},"end":{"line":33,"column":27}},"9":{"start":{"line":37,"column":8},"end":{"line":39,"column":21}},"10":{"start":{"line":40,"column":8},"end":{"line":53,"column":9}},"11":{"start":{"line":43,"column":12},"end":{"line":46,"column":14}},"12":{"start":{"line":47,"column":12},"end":{"line":47,"column":18}},"13":{"start":{"line":50,"column":12},"end":{"line":51,"column":33}},"14":{"start":{"line":52,"column":12},"end":{"line":52,"column":18}},"15":{"start":{"line":55,"column":8},"end":{"line":55,"column":35}},"16":{"start":{"line":61,"column":4},"end":{"line":63,"column":9}},"17":{"start":{"line":62,"column":8},"end":{"line":62,"column":15}},"18":{"start":{"line":64,"column":4},"end":{"line":77,"column":5}},"19":{"start":{"line":70,"column":8},"end":{"line":70,"column":14}},"20":{"start":{"line":76,"column":8},"end":{"line":76,"column":14}},"21":{"start":{"line":82,"column":4},"end":{"line":84,"column":9}},"22":{"start":{"line":83,"column":8},"end":{"line":83,"column":15}},"23":{"start":{"line":85,"column":4},"end":{"line":194,"column":5}},"24":{"start":{"line":91,"column":8},"end":{"line":99,"column":10}},"25":{"start":{"line":98,"column":12},"end":{"line":98,"column":35}},"26":{"start":{"line":102,"column":8},"end":{"line":104,"column":63}},"27":{"start":{"line":105,"column":8},"end":{"line":105,"column":14}},"28":{"start":{"line":112,"column":8},"end":{"line":121,"column":10},"skip":true},"29":{"start":{"line":119,"column":12},"end":{"line":119,"column":55},"skip":true},"30":{"start":{"line":120,"column":12},"end":{"line":120,"column":48},"skip":true},"31":{"start":{"line":123,"column":8},"end":{"line":136,"column":10},"skip":true},"32":{"start":{"line":130,"column":12},"end":{"line":130,"column":76},"skip":true},"33":{"start":{"line":131,"column":12},"end":{"line":131,"column":73},"skip":true},"34":{"start":{"line":132,"column":12},"end":{"line":132,"column":74},"skip":true},"35":{"start":{"line":133,"column":12},"end":{"line":133,"column":79},"skip":true},"36":{"start":{"line":134,"column":12},"end":{"line":134,"column":25},"skip":true},"37":{"start":{"line":135,"column":12},"end":{"line":135,"column":45},"skip":true},"38":{"start":{"line":138,"column":8},"end":{"line":145,"column":14},"skip":true},"39":{"start":{"line":143,"column":16},"end":{"line":143,"column":29},"skip":true},"40":{"start":{"line":144,"column":16},"end":{"line":144,"column":55},"skip":true},"41":{"start":{"line":147,"column":8},"end":{"line":156,"column":10},"skip":true},"42":{"start":{"line":154,"column":12},"end":{"line":154,"column":25},"skip":true},"43":{"start":{"line":155,"column":12},"end":{"line":155,"column":45},"skip":true},"44":{"start":{"line":158,"column":8},"end":{"line":167,"column":10},"skip":true},"45":{"start":{"line":165,"column":12},"end":{"line":165,"column":25},"skip":true},"46":{"start":{"line":166,"column":12},"end":{"line":166,"column":48},"skip":true},"47":{"start":{"line":169,"column":8},"end":{"line":178,"column":10},"skip":true},"48":{"start":{"line":176,"column":12},"end":{"line":176,"column":25},"skip":true},"49":{"start":{"line":177,"column":12},"end":{"line":177,"column":46},"skip":true},"50":{"start":{"line":180,"column":8},"end":{"line":189,"column":10},"skip":true},"51":{"start":{"line":187,"column":12},"end":{"line":187,"column":94},"skip":true},"52":{"start":{"line":188,"column":12},"end":{"line":188,"column":48},"skip":true},"53":{"start":{"line":192,"column":8},"end":{"line":192,"column":35},"skip":true},"54":{"start":{"line":193,"column":8},"end":{"line":193,"column":14},"skip":true}},"branchMap":{"1":{"line":25,"type":"binary-expr","locations":[{"start":{"line":25,"column":23},"end":{"line":25,"column":62}},{"start":{"line":26,"column":20},"end":{"line":26,"column":70}},{"start":{"line":27,"column":20},"end":{"line":27,"column":71}},{"start":{"line":28,"column":20},"end":{"line":28,"column":29}}]},"2":{"line":30,"type":"binary-expr","locations":[{"start":{"line":30,"column":23},"end":{"line":30,"column":37}},{"start":{"line":31,"column":20},"end":{"line":31,"column":61}},{"start":{"line":32,"column":20},"end":{"line":32,"column":70}},{"start":{"line":33,"column":20},"end":{"line":33,"column":26}}]},"3":{"line":37,"type":"cond-expr","locations":[{"start":{"line":38,"column":14},"end":{"line":38,"column":20}},{"start":{"line":39,"column":14},"end":{"line":39,"column":20}}]},"4":{"line":40,"type":"switch","locations":[{"start":{"line":42,"column":8},"end":{"line":47,"column":18}},{"start":{"line":49,"column":8},"end":{"line":52,"column":18}}]},"5":{"line":44,"type":"binary-expr","locations":[{"start":{"line":44,"column":16},"end":{"line":44,"column":44}},{"start":{"line":44,"column":48},"end":{"line":44,"column":66}}]},"6":{"line":50,"type":"binary-expr","locations":[{"start":{"line":50,"column":21},"end":{"line":50,"column":49}},{"start":{"line":50,"column":53},"end":{"line":50,"column":72}}]},"7":{"line":64,"type":"switch","locations":[{"start":{"line":69,"column":4},"end":{"line":70,"column":14}},{"start":{"line":75,"column":4},"end":{"line":76,"column":14}}]},"8":{"line":85,"type":"switch","locations":[{"start":{"line":90,"column":4},"end":{"line":105,"column":14}},{"start":{"line":111,"column":4},"end":{"line":193,"column":14},"skip":true}]},"9":{"line":91,"type":"binary-expr","locations":[{"start":{"line":91,"column":42},"end":{"line":91,"column":73}},{"start":{"line":91,"column":77},"end":{"line":99,"column":9}}]},"10":{"line":102,"type":"binary-expr","locations":[{"start":{"line":102,"column":18},"end":{"line":102,"column":32}},{"start":{"line":103,"column":12},"end":{"line":103,"column":53}},{"start":{"line":104,"column":12},"end":{"line":104,"column":61}}]},"11":{"line":112,"type":"binary-expr","locations":[{"start":{"line":112,"column":45},"end":{"line":112,"column":79},"skip":true},{"start":{"line":112,"column":83},"end":{"line":121,"column":9},"skip":true}]},"12":{"line":123,"type":"binary-expr","locations":[{"start":{"line":123,"column":42},"end":{"line":123,"column":73},"skip":true},{"start":{"line":123,"column":77},"end":{"line":136,"column":9},"skip":true}]},"13":{"line":138,"type":"binary-expr","locations":[{"start":{"line":138,"column":48},"end":{"line":138,"column":85},"skip":true},{"start":{"line":139,"column":12},"end":{"line":145,"column":13},"skip":true}]},"14":{"line":147,"type":"binary-expr","locations":[{"start":{"line":147,"column":42},"end":{"line":147,"column":73},"skip":true},{"start":{"line":147,"column":77},"end":{"line":156,"column":9},"skip":true}]},"15":{"line":158,"type":"binary-expr","locations":[{"start":{"line":158,"column":45},"end":{"line":158,"column":79},"skip":true},{"start":{"line":158,"column":83},"end":{"line":167,"column":9},"skip":true}]},"16":{"line":169,"type":"binary-expr","locations":[{"start":{"line":169,"column":43},"end":{"line":169,"column":75},"skip":true},{"start":{"line":169,"column":79},"end":{"line":178,"column":9},"skip":true}]},"17":{"line":180,"type":"binary-expr","locations":[{"start":{"line":180,"column":41},"end":{"line":180,"column":71},"skip":true},{"start":{"line":180,"column":75},"end":{"line":189,"column":9},"skip":true}]}},"code":["/* istanbul instrument in package npmtest_underscore */","/*jslint","    bitwise: true,","    browser: true,","    maxerr: 8,","    maxlen: 96,","    node: true,","    nomen: true,","    regexp: true,","    stupid: true","*/","(function () {","    'use strict';","    var local;","","","","    // run shared js-env code - init-before","    (function () {","        // init local","        local = {};","        // init modeJs","        local.modeJs = (function () {","            try {","                return typeof navigator.userAgent === 'string' &&","                    typeof document.querySelector('body') === 'object' &&","                    typeof XMLHttpRequest.prototype.open === 'function' &&","                    'browser';","            } catch (errorCaughtBrowser) {","                return module.exports &&","                    typeof process.versions.node === 'string' &&","                    typeof require('http').createServer === 'function' &&","                    'node';","            }","        }());","        // init global","        local.global = local.modeJs === 'browser'","            ? window","            : global;","        switch (local.modeJs) {","        // re-init local from window.local","        case 'browser':","            local = local.global.utility2.objectSetDefault(","                local.global.utility2_rollup || local.global.local,","                local.global.utility2","            );","            break;","        // re-init local from example.js","        case 'node':","            local = (local.global.utility2_rollup || require('utility2'))","                .requireReadme();","            break;","        }","        // export local","        local.global.local = local;","    }());","","","","    // run shared js-env code - function","    (function () {","        return;","    }());","    switch (local.modeJs) {","","","","    // run browser js-env code - function","    case 'browser':","        break;","","","","    // run node js-env code - function","    case 'node':","        break;","    }","","","","    // run shared js-env code - init-after","    (function () {","        return;","    }());","    switch (local.modeJs) {","","","","    // run browser js-env code - init-after","    case 'browser':","        local.testCase_browser_nullCase = local.testCase_browser_nullCase || function (","            options,","            onError","        ) {","        /*","         * this function will test browsers's null-case handling-behavior-behavior","         */","            onError(null, options);","        };","","        // run tests","        local.nop(local.modeTest &&","            document.querySelector('#testRunButton1') &&","            document.querySelector('#testRunButton1').click());","        break;","","","","    // run node js-env code - init-after","    /* istanbul ignore next */","    case 'node':","        local.testCase_buildApidoc_default = local.testCase_buildApidoc_default || function (","            options,","            onError","        ) {","        /*","         * this function will test buildApidoc's default handling-behavior-behavior","         */","            options = { modulePathList: module.paths };","            local.buildApidoc(options, onError);","        };","","        local.testCase_buildApp_default = local.testCase_buildApp_default || function (","            options,","            onError","        ) {","        /*","         * this function will test buildApp's default handling-behavior-behavior","         */","            local.testCase_buildReadme_default(options, local.onErrorThrow);","            local.testCase_buildLib_default(options, local.onErrorThrow);","            local.testCase_buildTest_default(options, local.onErrorThrow);","            local.testCase_buildCustomOrg_default(options, local.onErrorThrow);","            options = [];","            local.buildApp(options, onError);","        };","","        local.testCase_buildCustomOrg_default = local.testCase_buildCustomOrg_default ||","            function (options, onError) {","            /*","             * this function will test buildCustomOrg's default handling-behavior","             */","                options = {};","                local.buildCustomOrg(options, onError);","            };","","        local.testCase_buildLib_default = local.testCase_buildLib_default || function (","            options,","            onError","        ) {","        /*","         * this function will test buildLib's default handling-behavior","         */","            options = {};","            local.buildLib(options, onError);","        };","","        local.testCase_buildReadme_default = local.testCase_buildReadme_default || function (","            options,","            onError","        ) {","        /*","         * this function will test buildReadme's default handling-behavior-behavior","         */","            options = {};","            local.buildReadme(options, onError);","        };","","        local.testCase_buildTest_default = local.testCase_buildTest_default || function (","            options,","            onError","        ) {","        /*","         * this function will test buildTest's default handling-behavior","         */","            options = {};","            local.buildTest(options, onError);","        };","","        local.testCase_webpage_default = local.testCase_webpage_default || function (","            options,","            onError","        ) {","        /*","         * this function will test webpage's default handling-behavior","         */","            options = { modeCoverageMerge: true, url: local.serverLocalHost + '?modeTest=1' };","            local.browserTest(options, onError);","        };","","        // run test-server","        local.testRunServer(local);","        break;","    }","}());",""],"l":{"12":2,"14":2,"19":2,"21":2,"23":2,"24":2,"25":2,"30":1,"37":2,"40":2,"43":1,"47":1,"50":1,"52":1,"55":2,"61":2,"62":2,"64":2,"70":1,"76":1,"82":2,"83":2,"85":2,"91":1,"98":1,"102":1,"105":1,"112":1,"119":1,"120":1,"123":1,"130":1,"131":1,"132":1,"133":1,"134":1,"135":1,"138":1,"143":2,"144":2,"147":1,"154":2,"155":2,"158":1,"165":2,"166":2,"169":1,"176":2,"177":2,"180":1,"187":1,"188":1,"192":1,"193":1}},"/home/travis/build/npmtest/node-npmtest-underscore/lib.npmtest_underscore.js":{"path":"/home/travis/build/npmtest/node-npmtest-underscore/lib.npmtest_underscore.js","s":{"1":2,"2":2,"3":2,"4":2,"5":2,"6":2,"7":2,"8":1,"9":2,"10":2,"11":2,"12":2,"13":1,"14":1,"15":1,"16":1},"b":{"1":[2,1,1,1],"2":[1,1,1,1],"3":[1,1],"4":[2,2],"5":[1,1]},"f":{"1":2,"2":2,"3":2},"fnMap":{"1":{"name":"(anonymous_1)","line":12,"loc":{"start":{"line":12,"column":1},"end":{"line":12,"column":13}}},"2":{"name":"(anonymous_2)","line":19,"loc":{"start":{"line":19,"column":5},"end":{"line":19,"column":17}}},"3":{"name":"(anonymous_3)","line":23,"loc":{"start":{"line":23,"column":24},"end":{"line":23,"column":36}}}},"statementMap":{"1":{"start":{"line":12,"column":0},"end":{"line":53,"column":5}},"2":{"start":{"line":14,"column":4},"end":{"line":14,"column":14}},"3":{"start":{"line":19,"column":4},"end":{"line":52,"column":9}},"4":{"start":{"line":21,"column":8},"end":{"line":21,"column":19}},"5":{"start":{"line":23,"column":8},"end":{"line":35,"column":13}},"6":{"start":{"line":24,"column":12},"end":{"line":34,"column":13}},"7":{"start":{"line":25,"column":16},"end":{"line":28,"column":30}},"8":{"start":{"line":30,"column":16},"end":{"line":33,"column":27}},"9":{"start":{"line":37,"column":8},"end":{"line":39,"column":21}},"10":{"start":{"line":41,"column":8},"end":{"line":41,"column":54}},"11":{"start":{"line":43,"column":8},"end":{"line":43,"column":55}},"12":{"start":{"line":45,"column":8},"end":{"line":51,"column":9}},"13":{"start":{"line":46,"column":12},"end":{"line":46,"column":61}},"14":{"start":{"line":48,"column":12},"end":{"line":48,"column":35}},"15":{"start":{"line":49,"column":12},"end":{"line":49,"column":49}},"16":{"start":{"line":50,"column":12},"end":{"line":50,"column":43}}},"branchMap":{"1":{"line":25,"type":"binary-expr","locations":[{"start":{"line":25,"column":23},"end":{"line":25,"column":62}},{"start":{"line":26,"column":20},"end":{"line":26,"column":70}},{"start":{"line":27,"column":20},"end":{"line":27,"column":71}},{"start":{"line":28,"column":20},"end":{"line":28,"column":29}}]},"2":{"line":30,"type":"binary-expr","locations":[{"start":{"line":30,"column":23},"end":{"line":30,"column":37}},{"start":{"line":31,"column":20},"end":{"line":31,"column":61}},{"start":{"line":32,"column":20},"end":{"line":32,"column":70}},{"start":{"line":33,"column":20},"end":{"line":33,"column":26}}]},"3":{"line":37,"type":"cond-expr","locations":[{"start":{"line":38,"column":14},"end":{"line":38,"column":20}},{"start":{"line":39,"column":14},"end":{"line":39,"column":20}}]},"4":{"line":41,"type":"binary-expr","locations":[{"start":{"line":41,"column":16},"end":{"line":41,"column":44}},{"start":{"line":41,"column":48},"end":{"line":41,"column":53}}]},"5":{"line":45,"type":"if","locations":[{"start":{"line":45,"column":8},"end":{"line":45,"column":8}},{"start":{"line":45,"column":8},"end":{"line":45,"column":8}}]}},"code":["/* istanbul instrument in package npmtest_underscore */","/*jslint","    bitwise: true,","    browser: true,","    maxerr: 8,","    maxlen: 96,","    node: true,","    nomen: true,","    regexp: true,","    stupid: true","*/","(function () {","    'use strict';","    var local;","","","","    // run shared js-env code - init-before","    (function () {","        // init local","        local = {};","        // init modeJs","        local.modeJs = (function () {","            try {","                return typeof navigator.userAgent === 'string' &&","                    typeof document.querySelector('body') === 'object' &&","                    typeof XMLHttpRequest.prototype.open === 'function' &&","                    'browser';","            } catch (errorCaughtBrowser) {","                return module.exports &&","                    typeof process.versions.node === 'string' &&","                    typeof require('http').createServer === 'function' &&","                    'node';","            }","        }());","        // init global","        local.global = local.modeJs === 'browser'","            ? window","            : global;","        // init utility2_rollup","        local = local.global.utility2_rollup || local;","        // init lib","        local.local = local.npmtest_underscore = local;","        // init exports","        if (local.modeJs === 'browser') {","            local.global.utility2_npmtest_underscore = local;","        } else {","            module.exports = local;","            module.exports.__dirname = __dirname;","            module.exports.module = module;","        }","    }());","}());",""],"l":{"12":2,"14":2,"19":2,"21":2,"23":2,"24":2,"25":2,"30":1,"37":2,"41":2,"43":2,"45":2,"46":1,"48":1,"49":1,"50":1}},"/home/travis/build/npmtest/node-npmtest-underscore/example.js":{"path":"/home/travis/build/npmtest/node-npmtest-underscore/example.js","s":{"1":2,"2":2,"3":2,"4":2,"5":2,"6":2,"7":2,"8":1,"9":2,"10":2,"11":2,"12":2,"13":1,"14":2,"15":2,"16":2,"17":2,"18":2,"19":0,"20":2,"21":1,"22":1,"23":1,"24":1,"25":1,"26":0,"27":0,"28":1,"29":1,"30":2,"31":0,"32":0,"33":0,"34":1,"35":2,"36":2,"37":3,"38":3,"39":3,"40":3,"41":0,"42":3,"43":3,"44":3,"45":1,"46":3,"47":1,"48":1,"49":1,"50":1,"51":1,"52":1,"53":1,"54":1,"55":1,"56":1,"57":0,"58":1,"59":6,"60":6,"61":1,"62":2,"63":0,"64":2,"65":1,"66":1,"67":0,"68":0,"69":0,"70":0,"71":0,"72":0,"73":0,"74":0,"75":0,"76":0,"77":0,"78":0,"79":0,"80":0,"81":0,"82":0,"83":0},"b":{"1":[2,1,1,1],"2":[1,1,1,1],"3":[1,1],"4":[2,2],"5":[1,1],"6":[1,1],"7":[2,0],"8":[2,1,1,1,1,1],"9":[0,2,0],"10":[1,1],"11":[2,1,1],"12":[1,0],"13":[0,2],"14":[2,0,0,0,0,0,0],"15":[0,3],"16":[3,0],"17":[1,1],"18":[0,1],"19":[1,2,0,2],"20":[1,0],"21":[1,1],"22":[0,0],"23":[0,0],"24":[0,0],"25":[0,0],"26":[0,0],"27":[0,0],"28":[0,0]},"f":{"1":2,"2":2,"3":2,"4":2,"5":2,"6":2,"7":3,"8":3,"9":3,"10":1,"11":6,"12":0},"fnMap":{"1":{"name":"(anonymous_1)","line":26,"loc":{"start":{"line":26,"column":1},"end":{"line":26,"column":13}}},"2":{"name":"(anonymous_2)","line":33,"loc":{"start":{"line":33,"column":5},"end":{"line":33,"column":17}}},"3":{"name":"(anonymous_3)","line":37,"loc":{"start":{"line":37,"column":24},"end":{"line":37,"column":36}}},"4":{"name":"(anonymous_4)","line":69,"loc":{"start":{"line":69,"column":31},"end":{"line":69,"column":48}},"skip":true},"5":{"name":"(anonymous_5)","line":78,"loc":{"start":{"line":78,"column":26},"end":{"line":78,"column":45}},"skip":true},"6":{"name":"(anonymous_6)","line":123,"loc":{"start":{"line":123,"column":33},"end":{"line":123,"column":48}},"skip":true},"7":{"name":"(anonymous_7)","line":125,"loc":{"start":{"line":125,"column":27},"end":{"line":125,"column":39}},"skip":true},"8":{"name":"(anonymous_8)","line":133,"loc":{"start":{"line":133,"column":59},"end":{"line":133,"column":74}},"skip":true},"9":{"name":"(anonymous_9)","line":143,"loc":{"start":{"line":143,"column":45},"end":{"line":143,"column":62}},"skip":true},"10":{"name":"(anonymous_10)","line":144,"loc":{"start":{"line":144,"column":73},"end":{"line":144,"column":92}},"skip":true},"11":{"name":"(anonymous_11)","line":272,"loc":{"start":{"line":272,"column":51},"end":{"line":272,"column":77}},"skip":true},"12":{"name":"(anonymous_12)","line":315,"loc":{"start":{"line":315,"column":32},"end":{"line":315,"column":61}},"skip":true}},"statementMap":{"1":{"start":{"line":26,"column":0},"end":{"line":326,"column":5}},"2":{"start":{"line":28,"column":4},"end":{"line":28,"column":14}},"3":{"start":{"line":33,"column":4},"end":{"line":60,"column":9}},"4":{"start":{"line":35,"column":8},"end":{"line":35,"column":19}},"5":{"start":{"line":37,"column":8},"end":{"line":49,"column":13}},"6":{"start":{"line":38,"column":12},"end":{"line":48,"column":13}},"7":{"start":{"line":39,"column":16},"end":{"line":42,"column":30}},"8":{"start":{"line":44,"column":16},"end":{"line":47,"column":27}},"9":{"start":{"line":51,"column":8},"end":{"line":53,"column":21}},"10":{"start":{"line":55,"column":8},"end":{"line":57,"column":45}},"11":{"start":{"line":59,"column":8},"end":{"line":59,"column":35}},"12":{"start":{"line":61,"column":4},"end":{"line":325,"column":5}},"13":{"start":{"line":69,"column":8},"end":{"line":121,"column":10},"skip":true},"14":{"start":{"line":70,"column":12},"end":{"line":88,"column":13},"skip":true},"15":{"start":{"line":76,"column":16},"end":{"line":87,"column":19},"skip":true},"16":{"start":{"line":79,"column":20},"end":{"line":86,"column":21},"skip":true},"17":{"start":{"line":82,"column":24},"end":{"line":82,"column":43},"skip":true},"18":{"start":{"line":83,"column":24},"end":{"line":83,"column":30},"skip":true},"19":{"start":{"line":85,"column":24},"end":{"line":85,"column":49},"skip":true},"20":{"start":{"line":89,"column":12},"end":{"line":107,"column":13},"skip":true},"21":{"start":{"line":92,"column":16},"end":{"line":102,"column":17},"skip":true},"22":{"start":{"line":93,"column":20},"end":{"line":93,"column":86},"skip":true},"23":{"start":{"line":94,"column":20},"end":{"line":95,"column":45},"skip":true},"24":{"start":{"line":96,"column":20},"end":{"line":96,"column":42},"skip":true},"25":{"start":{"line":97,"column":20},"end":{"line":97,"column":48},"skip":true},"26":{"start":{"line":100,"column":20},"end":{"line":100,"column":85},"skip":true},"27":{"start":{"line":101,"column":20},"end":{"line":101,"column":96},"skip":true},"28":{"start":{"line":103,"column":16},"end":{"line":103,"column":22},"skip":true},"29":{"start":{"line":106,"column":16},"end":{"line":106,"column":22},"skip":true},"30":{"start":{"line":108,"column":12},"end":{"line":120,"column":13},"skip":true},"31":{"start":{"line":114,"column":16},"end":{"line":119,"column":17},"skip":true},"32":{"start":{"line":116,"column":20},"end":{"line":116,"column":78},"skip":true},"33":{"start":{"line":118,"column":20},"end":{"line":118,"column":47},"skip":true},"34":{"start":{"line":123,"column":8},"end":{"line":141,"column":11},"skip":true},"35":{"start":{"line":124,"column":12},"end":{"line":124,"column":54},"skip":true},"36":{"start":{"line":125,"column":12},"end":{"line":140,"column":14},"skip":true},"37":{"start":{"line":126,"column":16},"end":{"line":126,"column":28},"skip":true},"38":{"start":{"line":127,"column":16},"end":{"line":127,"column":69},"skip":true},"39":{"start":{"line":128,"column":16},"end":{"line":128,"column":75},"skip":true},"40":{"start":{"line":129,"column":16},"end":{"line":131,"column":17},"skip":true},"41":{"start":{"line":130,"column":20},"end":{"line":130,"column":27},"skip":true},"42":{"start":{"line":133,"column":16},"end":{"line":137,"column":36},"skip":true},"43":{"start":{"line":134,"column":20},"end":{"line":136,"column":55},"skip":true},"44":{"start":{"line":139,"column":16},"end":{"line":139,"column":57},"skip":true},"45":{"start":{"line":143,"column":8},"end":{"line":147,"column":11},"skip":true},"46":{"start":{"line":144,"column":12},"end":{"line":146,"column":15},"skip":true},"47":{"start":{"line":145,"column":16},"end":{"line":145,"column":70},"skip":true},"48":{"start":{"line":149,"column":8},"end":{"line":149,"column":31},"skip":true},"49":{"start":{"line":150,"column":8},"end":{"line":150,"column":14},"skip":true},"50":{"start":{"line":158,"column":8},"end":{"line":158,"column":31},"skip":true},"51":{"start":{"line":160,"column":8},"end":{"line":160,"column":33},"skip":true},"52":{"start":{"line":161,"column":8},"end":{"line":161,"column":37},"skip":true},"53":{"start":{"line":162,"column":8},"end":{"line":162,"column":35},"skip":true},"54":{"start":{"line":164,"column":8},"end":{"line":164,"column":50},"skip":true},"55":{"start":{"line":166,"column":8},"end":{"line":256,"column":2},"skip":true},"56":{"start":{"line":258,"column":8},"end":{"line":286,"column":9},"skip":true},"57":{"start":{"line":259,"column":12},"end":{"line":269,"column":14},"skip":true},"58":{"start":{"line":271,"column":12},"end":{"line":285,"column":19},"skip":true},"59":{"start":{"line":274,"column":20},"end":{"line":274,"column":35},"skip":true},"60":{"start":{"line":275,"column":20},"end":{"line":284,"column":21},"skip":true},"61":{"start":{"line":277,"column":24},"end":{"line":277,"column":64},"skip":true},"62":{"start":{"line":279,"column":24},"end":{"line":279,"column":40},"skip":true},"63":{"start":{"line":281,"column":24},"end":{"line":281,"column":40},"skip":true},"64":{"start":{"line":283,"column":24},"end":{"line":283,"column":39},"skip":true},"65":{"start":{"line":288,"column":8},"end":{"line":290,"column":9},"skip":true},"66":{"start":{"line":289,"column":12},"end":{"line":289,"column":18},"skip":true},"67":{"start":{"line":291,"column":8},"end":{"line":293,"column":54},"skip":true},"68":{"start":{"line":296,"column":8},"end":{"line":301,"column":37},"skip":true},"69":{"start":{"line":303,"column":8},"end":{"line":303,"column":82},"skip":true},"70":{"start":{"line":306,"column":8},"end":{"line":308,"column":9},"skip":true},"71":{"start":{"line":307,"column":12},"end":{"line":307,"column":82},"skip":true},"72":{"start":{"line":310,"column":8},"end":{"line":312,"column":9},"skip":true},"73":{"start":{"line":311,"column":12},"end":{"line":311,"column":18},"skip":true},"74":{"start":{"line":313,"column":8},"end":{"line":313,"column":54},"skip":true},"75":{"start":{"line":314,"column":8},"end":{"line":314,"column":69},"skip":true},"76":{"start":{"line":315,"column":8},"end":{"line":323,"column":36},"skip":true},"77":{"start":{"line":316,"column":12},"end":{"line":316,"column":61},"skip":true},"78":{"start":{"line":317,"column":12},"end":{"line":320,"column":13},"skip":true},"79":{"start":{"line":318,"column":16},"end":{"line":318,"column":75},"skip":true},"80":{"start":{"line":319,"column":16},"end":{"line":319,"column":23},"skip":true},"81":{"start":{"line":321,"column":12},"end":{"line":321,"column":38},"skip":true},"82":{"start":{"line":322,"column":12},"end":{"line":322,"column":27},"skip":true},"83":{"start":{"line":324,"column":8},"end":{"line":324,"column":14},"skip":true}},"branchMap":{"1":{"line":39,"type":"binary-expr","locations":[{"start":{"line":39,"column":23},"end":{"line":39,"column":62}},{"start":{"line":40,"column":20},"end":{"line":40,"column":70}},{"start":{"line":41,"column":20},"end":{"line":41,"column":71}},{"start":{"line":42,"column":20},"end":{"line":42,"column":29}}]},"2":{"line":44,"type":"binary-expr","locations":[{"start":{"line":44,"column":23},"end":{"line":44,"column":37}},{"start":{"line":45,"column":20},"end":{"line":45,"column":61}},{"start":{"line":46,"column":20},"end":{"line":46,"column":70}},{"start":{"line":47,"column":20},"end":{"line":47,"column":26}}]},"3":{"line":51,"type":"cond-expr","locations":[{"start":{"line":52,"column":14},"end":{"line":52,"column":20}},{"start":{"line":53,"column":14},"end":{"line":53,"column":20}}]},"4":{"line":55,"type":"binary-expr","locations":[{"start":{"line":55,"column":16},"end":{"line":55,"column":44}},{"start":{"line":55,"column":49},"end":{"line":57,"column":43}}]},"5":{"line":55,"type":"cond-expr","locations":[{"start":{"line":56,"column":14},"end":{"line":56,"column":54}},{"start":{"line":57,"column":14},"end":{"line":57,"column":43}}]},"6":{"line":61,"type":"switch","locations":[{"start":{"line":68,"column":4},"end":{"line":150,"column":14},"skip":true},{"start":{"line":156,"column":4},"end":{"line":324,"column":14},"skip":true}]},"7":{"line":70,"type":"if","locations":[{"start":{"line":70,"column":12},"end":{"line":70,"column":12},"skip":true},{"start":{"line":70,"column":12},"end":{"line":70,"column":12},"skip":true}]},"8":{"line":70,"type":"binary-expr","locations":[{"start":{"line":70,"column":16},"end":{"line":70,"column":22},"skip":true},{"start":{"line":70,"column":27},"end":{"line":70,"column":32},"skip":true},{"start":{"line":71,"column":20},"end":{"line":71,"column":39},"skip":true},{"start":{"line":72,"column":20},"end":{"line":72,"column":49},"skip":true},{"start":{"line":73,"column":20},"end":{"line":73,"column":58},"skip":true},{"start":{"line":74,"column":20},"end":{"line":74,"column":69},"skip":true}]},"9":{"line":79,"type":"switch","locations":[{"start":{"line":80,"column":20},"end":{"line":80,"column":33},"skip":true},{"start":{"line":81,"column":20},"end":{"line":83,"column":30},"skip":true},{"start":{"line":84,"column":20},"end":{"line":85,"column":49},"skip":true}]},"10":{"line":89,"type":"switch","locations":[{"start":{"line":90,"column":12},"end":{"line":103,"column":22},"skip":true},{"start":{"line":105,"column":12},"end":{"line":106,"column":22},"skip":true}]},"11":{"line":89,"type":"binary-expr","locations":[{"start":{"line":89,"column":20},"end":{"line":89,"column":25},"skip":true},{"start":{"line":89,"column":29},"end":{"line":89,"column":48},"skip":true},{"start":{"line":89,"column":52},"end":{"line":89,"column":74},"skip":true}]},"12":{"line":92,"type":"if","locations":[{"start":{"line":92,"column":16},"end":{"line":92,"column":16},"skip":true},{"start":{"line":92,"column":16},"end":{"line":92,"column":16},"skip":true}]},"13":{"line":108,"type":"if","locations":[{"start":{"line":108,"column":12},"end":{"line":108,"column":12},"skip":true},{"start":{"line":108,"column":12},"end":{"line":108,"column":12},"skip":true}]},"14":{"line":108,"type":"binary-expr","locations":[{"start":{"line":108,"column":16},"end":{"line":108,"column":61},"skip":true},{"start":{"line":108,"column":66},"end":{"line":108,"column":72},"skip":true},{"start":{"line":108,"column":77},"end":{"line":108,"column":82},"skip":true},{"start":{"line":109,"column":20},"end":{"line":109,"column":39},"skip":true},{"start":{"line":110,"column":20},"end":{"line":110,"column":49},"skip":true},{"start":{"line":111,"column":20},"end":{"line":111,"column":58},"skip":true},{"start":{"line":112,"column":20},"end":{"line":112,"column":68},"skip":true}]},"15":{"line":129,"type":"if","locations":[{"start":{"line":129,"column":16},"end":{"line":129,"column":16},"skip":true},{"start":{"line":129,"column":16},"end":{"line":129,"column":16},"skip":true}]},"16":{"line":134,"type":"cond-expr","locations":[{"start":{"line":135,"column":26},"end":{"line":135,"column":29},"skip":true},{"start":{"line":136,"column":26},"end":{"line":136,"column":54},"skip":true}]},"17":{"line":164,"type":"binary-expr","locations":[{"start":{"line":164,"column":27},"end":{"line":164,"column":43},"skip":true},{"start":{"line":164,"column":47},"end":{"line":164,"column":49},"skip":true}]},"18":{"line":258,"type":"if","locations":[{"start":{"line":258,"column":8},"end":{"line":258,"column":8},"skip":true},{"start":{"line":258,"column":8},"end":{"line":258,"column":8},"skip":true}]},"19":{"line":275,"type":"switch","locations":[{"start":{"line":276,"column":20},"end":{"line":277,"column":64},"skip":true},{"start":{"line":278,"column":20},"end":{"line":279,"column":40},"skip":true},{"start":{"line":280,"column":20},"end":{"line":281,"column":40},"skip":true},{"start":{"line":282,"column":20},"end":{"line":283,"column":39},"skip":true}]},"20":{"line":288,"type":"if","locations":[{"start":{"line":288,"column":8},"end":{"line":288,"column":8},"skip":true},{"start":{"line":288,"column":8},"end":{"line":288,"column":8},"skip":true}]},"21":{"line":288,"type":"binary-expr","locations":[{"start":{"line":288,"column":12},"end":{"line":288,"column":40},"skip":true},{"start":{"line":288,"column":44},"end":{"line":288,"column":67},"skip":true}]},"22":{"line":292,"type":"binary-expr","locations":[{"start":{"line":292,"column":12},"end":{"line":292,"column":50},"skip":true},{"start":{"line":293,"column":12},"end":{"line":293,"column":53},"skip":true}]},"23":{"line":297,"type":"binary-expr","locations":[{"start":{"line":297,"column":12},"end":{"line":297,"column":68},"skip":true},{"start":{"line":298,"column":12},"end":{"line":301,"column":36},"skip":true}]},"24":{"line":303,"type":"binary-expr","locations":[{"start":{"line":303,"column":43},"end":{"line":303,"column":75},"skip":true},{"start":{"line":303,"column":79},"end":{"line":303,"column":81},"skip":true}]},"25":{"line":306,"type":"if","locations":[{"start":{"line":306,"column":8},"end":{"line":306,"column":8},"skip":true},{"start":{"line":306,"column":8},"end":{"line":306,"column":8},"skip":true}]},"26":{"line":310,"type":"if","locations":[{"start":{"line":310,"column":8},"end":{"line":310,"column":8},"skip":true},{"start":{"line":310,"column":8},"end":{"line":310,"column":8},"skip":true}]},"27":{"line":313,"type":"binary-expr","locations":[{"start":{"line":313,"column":27},"end":{"line":313,"column":43},"skip":true},{"start":{"line":313,"column":47},"end":{"line":313,"column":53},"skip":true}]},"28":{"line":317,"type":"if","locations":[{"start":{"line":317,"column":12},"end":{"line":317,"column":12},"skip":true},{"start":{"line":317,"column":12},"end":{"line":317,"column":12},"skip":true}]}},"code":["/*","example.js","","quickstart example","","instruction","    1. save this script as example.js","    2. run the shell command:","        $ npm install npmtest-underscore && PORT=8081 node example.js","    3. play with the browser-demo on http://127.0.0.1:8081","*/","","","","/* istanbul instrument in package npmtest_underscore */","/*jslint","    bitwise: true,","    browser: true,","    maxerr: 8,","    maxlen: 96,","    node: true,","    nomen: true,","    regexp: true,","    stupid: true","*/","(function () {","    'use strict';","    var local;","","","","    // run shared js-env code - init-before","    (function () {","        // init local","        local = {};","        // init modeJs","        local.modeJs = (function () {","            try {","                return typeof navigator.userAgent === 'string' &&","                    typeof document.querySelector('body') === 'object' &&","                    typeof XMLHttpRequest.prototype.open === 'function' &&","                    'browser';","            } catch (errorCaughtBrowser) {","                return module.exports &&","                    typeof process.versions.node === 'string' &&","                    typeof require('http').createServer === 'function' &&","                    'node';","            }","        }());","        // init global","        local.global = local.modeJs === 'browser'","            ? window","            : global;","        // init utility2_rollup","        local = local.global.utility2_rollup || (local.modeJs === 'browser'","            ? local.global.utility2_npmtest_underscore","            : global.utility2_moduleExports);","        // export local","        local.global.local = local;","    }());","    switch (local.modeJs) {","","","","    // init-after","    // run browser js-env code - init-after","    /* istanbul ignore next */","    case 'browser':","        local.testRunBrowser = function (event) {","            if (!event || (event &&","                    event.currentTarget &&","                    event.currentTarget.className &&","                    event.currentTarget.className.includes &&","                    event.currentTarget.className.includes('onreset'))) {","                // reset output","                Array.from(","                    document.querySelectorAll('body > .resettable')","                ).forEach(function (element) {","                    switch (element.tagName) {","                    case 'INPUT':","                    case 'TEXTAREA':","                        element.value = '';","                        break;","                    default:","                        element.textContent = '';","                    }","                });","            }","            switch (event && event.currentTarget && event.currentTarget.id) {","            case 'testRunButton1':","                // show tests","                if (document.querySelector('#testReportDiv1').style.display === 'none') {","                    document.querySelector('#testReportDiv1').style.display = 'block';","                    document.querySelector('#testRunButton1').textContent =","                        'hide internal test';","                    local.modeTest = true;","                    local.testRunDefault(local);","                // hide tests","                } else {","                    document.querySelector('#testReportDiv1').style.display = 'none';","                    document.querySelector('#testRunButton1').textContent = 'run internal test';","                }","                break;","            // custom-case","            default:","                break;","            }","            if (document.querySelector('#inputTextareaEval1') && (!event || (event &&","                    event.currentTarget &&","                    event.currentTarget.className &&","                    event.currentTarget.className.includes &&","                    event.currentTarget.className.includes('oneval')))) {","                // try to eval input-code","                try {","                    /*jslint evil: true*/","                    eval(document.querySelector('#inputTextareaEval1').value);","                } catch (errorCaught) {","                    console.error(errorCaught);","                }","            }","        };","        // log stderr and stdout to #outputTextareaStdout1","        ['error', 'log'].forEach(function (key) {","            console[key + '_original'] = console[key];","            console[key] = function () {","                var element;","                console[key + '_original'].apply(console, arguments);","                element = document.querySelector('#outputTextareaStdout1');","                if (!element) {","                    return;","                }","                // append text to #outputTextareaStdout1","                element.value += Array.from(arguments).map(function (arg) {","                    return typeof arg === 'string'","                        ? arg","                        : JSON.stringify(arg, null, 4);","                }).join(' ') + '\\n';","                // scroll textarea to bottom","                element.scrollTop = element.scrollHeight;","            };","        });","        // init event-handling","        ['change', 'click', 'keyup'].forEach(function (event) {","            Array.from(document.querySelectorAll('.on' + event)).forEach(function (element) {","                element.addEventListener(event, local.testRunBrowser);","            });","        });","        // run tests","        local.testRunBrowser();","        break;","","","","    // run node js-env code - init-after","    /* istanbul ignore next */","    case 'node':","        // export local","        module.exports = local;","        // require modules","        local.fs = require('fs');","        local.http = require('http');","        local.url = require('url');","        // init assets","        local.assetsDict = local.assetsDict || {};","        /* jslint-ignore-begin */","        local.assetsDict['/assets.index.template.html'] = '\\","<!doctype html>\\n\\","<html lang=\"en\">\\n\\","<head>\\n\\","<meta charset=\"UTF-8\">\\n\\","<meta name=\"viewport\" content=\"width=device-width, initial-scale=1\">\\n\\","<title>{{env.npm_package_name}} (v{{env.npm_package_version}})</title>\\n\\","<style>\\n\\","/*csslint\\n\\","    box-sizing: false,\\n\\","    universal-selector: false\\n\\","*/\\n\\","* {\\n\\","    box-sizing: border-box;\\n\\","}\\n\\","body {\\n\\","    background: #dde;\\n\\","    font-family: Arial, Helvetica, sans-serif;\\n\\","    margin: 2rem;\\n\\","}\\n\\","body > * {\\n\\","    margin-bottom: 1rem;\\n\\","}\\n\\",".utility2FooterDiv {\\n\\","    margin-top: 20px;\\n\\","    text-align: center;\\n\\","}\\n\\","</style>\\n\\","<style>\\n\\","/*csslint\\n\\","*/\\n\\","textarea {\\n\\","    font-family: monospace;\\n\\","    height: 10rem;\\n\\","    width: 100%;\\n\\","}\\n\\","textarea[readonly] {\\n\\","    background: #ddd;\\n\\","}\\n\\","</style>\\n\\","</head>\\n\\","<body>\\n\\","<!-- utility2-comment\\n\\","<div id=\"ajaxProgressDiv1\" style=\"background: #d00; height: 2px; left: 0; margin: 0; padding: 0; position: fixed; top: 0; transition: background 0.5s, width 1.5s; width: 25%;\"></div>\\n\\","utility2-comment -->\\n\\","<h1>\\n\\","<!-- utility2-comment\\n\\","    <a\\n\\","        {{#if env.npm_package_homepage}}\\n\\","        href=\"{{env.npm_package_homepage}}\"\\n\\","        {{/if env.npm_package_homepage}}\\n\\","        target=\"_blank\"\\n\\","    >\\n\\","utility2-comment -->\\n\\","        {{env.npm_package_name}} (v{{env.npm_package_version}})\\n\\","<!-- utility2-comment\\n\\","    </a>\\n\\","utility2-comment -->\\n\\","</h1>\\n\\","<h3>{{env.npm_package_description}}</h3>\\n\\","<!-- utility2-comment\\n\\","<h4><a download href=\"assets.app.js\">download standalone app</a></h4>\\n\\","<button class=\"onclick onreset\" id=\"testRunButton1\">run internal test</button><br>\\n\\","<div id=\"testReportDiv1\" style=\"display: none;\"></div>\\n\\","utility2-comment -->\\n\\","\\n\\","\\n\\","\\n\\","<label>stderr and stdout</label>\\n\\","<textarea class=\"resettable\" id=\"outputTextareaStdout1\" readonly></textarea>\\n\\","<!-- utility2-comment\\n\\","{{#if isRollup}}\\n\\","<script src=\"assets.app.js\"></script>\\n\\","{{#unless isRollup}}\\n\\","utility2-comment -->\\n\\","<script src=\"assets.utility2.rollup.js\"></script>\\n\\","<script src=\"jsonp.utility2._stateInit?callback=window.utility2._stateInit\"></script>\\n\\","<script src=\"assets.npmtest_underscore.rollup.js\"></script>\\n\\","<script src=\"assets.example.js\"></script>\\n\\","<script src=\"assets.test.js\"></script>\\n\\","<!-- utility2-comment\\n\\","{{/if isRollup}}\\n\\","utility2-comment -->\\n\\","<div class=\"utility2FooterDiv\">\\n\\","    [ this app was created with\\n\\","    <a href=\"https://github.com/kaizhu256/node-utility2\" target=\"_blank\">utility2</a>\\n\\","    ]\\n\\","</div>\\n\\","</body>\\n\\","</html>\\n\\","';","        /* jslint-ignore-end */","        if (local.templateRender) {","            local.assetsDict['/'] = local.templateRender(","                local.assetsDict['/assets.index.template.html'],","                {","                    env: local.objectSetDefault(local.env, {","                        npm_package_description: 'the greatest app in the world!',","                        npm_package_name: 'my-app',","                        npm_package_nameAlias: 'my_app',","                        npm_package_version: '0.0.1'","                    })","                }","            );","        } else {","            local.assetsDict['/'] = local.assetsDict['/assets.index.template.html']","                .replace((/\\{\\{env\\.(\\w+?)\\}\\}/g), function (match0, match1) {","                    // jslint-hack","                    String(match0);","                    switch (match1) {","                    case 'npm_package_description':","                        return 'the greatest app in the world!';","                    case 'npm_package_name':","                        return 'my-app';","                    case 'npm_package_nameAlias':","                        return 'my_app';","                    case 'npm_package_version':","                        return '0.0.1';","                    }","                });","        }","        // run the cli","        if (local.global.utility2_rollup || module !== require.main) {","            break;","        }","        local.assetsDict['/assets.example.js'] =","            local.assetsDict['/assets.example.js'] ||","            local.fs.readFileSync(__filename, 'utf8');","        // bug-workaround - long $npm_package_buildCustomOrg","        /* jslint-ignore-begin */","        local.assetsDict['/assets.npmtest_underscore.rollup.js'] =","            local.assetsDict['/assets.npmtest_underscore.rollup.js'] ||","            local.fs.readFileSync(","                local.npmtest_underscore.__dirname + '/lib.npmtest_underscore.js',","                'utf8'","            ).replace((/^#!/), '//');","        /* jslint-ignore-end */","        local.assetsDict['/favicon.ico'] = local.assetsDict['/favicon.ico'] || '';","        // if $npm_config_timeout_exit exists,","        // then exit this process after $npm_config_timeout_exit ms","        if (Number(process.env.npm_config_timeout_exit)) {","            setTimeout(process.exit, Number(process.env.npm_config_timeout_exit));","        }","        // start server","        if (local.global.utility2_serverHttp1) {","            break;","        }","        process.env.PORT = process.env.PORT || '8081';","        console.error('server starting on port ' + process.env.PORT);","        local.http.createServer(function (request, response) {","            request.urlParsed = local.url.parse(request.url);","            if (local.assetsDict[request.urlParsed.pathname] !== undefined) {","                response.end(local.assetsDict[request.urlParsed.pathname]);","                return;","            }","            response.statusCode = 404;","            response.end();","        }).listen(process.env.PORT);","        break;","    }","}());",""],"l":{"26":2,"28":2,"33":2,"35":2,"37":2,"38":2,"39":2,"44":1,"51":2,"55":2,"59":2,"61":2,"69":1,"70":2,"76":2,"79":2,"82":2,"83":2,"85":1,"89":2,"92":1,"93":1,"94":1,"96":1,"97":1,"100":1,"101":1,"103":1,"106":1,"108":2,"114":1,"116":1,"118":1,"123":1,"124":2,"125":2,"126":3,"127":3,"128":3,"129":3,"130":1,"133":3,"134":3,"139":3,"143":1,"144":3,"145":1,"149":1,"150":1,"158":1,"160":1,"161":1,"162":1,"164":1,"166":1,"258":1,"259":1,"271":1,"274":6,"275":6,"277":1,"279":2,"281":1,"283":2,"288":1,"289":1,"291":1,"296":1,"303":1,"306":1,"307":1,"310":1,"311":1,"313":1,"314":1,"315":1,"316":1,"317":1,"318":1,"319":1,"321":1,"322":1,"324":1}},"/home/travis/build/npmtest/node-npmtest-underscore/node_modules/underscore/underscore.js":{"path":"/home/travis/build/npmtest/node-npmtest-underscore/node_modules/underscore/underscore.js","s":{"1":1,"2":1,"3":1,"4":1,"5":1,"6":1,"7":1,"8":1,"9":0,"10":0,"11":0,"12":0,"13":0,"14":1,"15":1,"16":1,"17":1,"18":0,"19":1,"20":1,"21":4,"22":4,"23":0,"24":0,"25":0,"26":0,"27":0,"28":0,"29":0,"30":0,"31":0,"32":0,"33":0,"34":1,"35":0,"36":0,"37":0,"38":0,"39":0,"40":0,"41":0,"42":1,"43":0,"44":1,"45":3,"46":0,"47":0,"48":0,"49":0,"50":0,"51":0,"52":0,"53":0,"54":0,"55":0,"56":1,"57":0,"58":0,"59":0,"60":0,"61":0,"62":0,"63":0,"64":0,"65":1,"66":1,"67":4,"68":1,"69":1,"70":1,"71":4,"72":4,"73":1,"74":4,"75":4,"76":4,"77":4,"78":149,"79":0,"80":0,"81":0,"82":4,"83":1,"84":0,"85":0,"86":0,"87":0,"88":0,"89":0,"90":1,"91":1,"92":0,"93":0,"94":0,"95":0,"96":2,"97":0,"98":0,"99":0,"100":0,"101":0,"102":0,"103":1,"104":1,"105":1,"106":0,"107":0,"108":0,"109":0,"110":0,"111":0,"112":1,"113":0,"114":0,"115":0,"116":0,"117":0,"118":0,"119":1,"120":0,"121":1,"122":0,"123":0,"124":0,"125":0,"126":0,"127":0,"128":0,"129":1,"130":0,"131":0,"132":0,"133":0,"134":0,"135":0,"136":0,"137":1,"138":0,"139":0,"140":0,"141":0,"142":0,"143":1,"144":0,"145":0,"146":0,"147":0,"148":0,"149":1,"150":0,"151":1,"152":0,"153":1,"154":0,"155":1,"156":0,"157":0,"158":0,"159":0,"160":0,"161":0,"162":0,"163":0,"164":0,"165":0,"166":0,"167":0,"168":0,"169":0,"170":1,"171":0,"172":0,"173":0,"174":0,"175":0,"176":0,"177":0,"178":0,"179":0,"180":0,"181":0,"182":0,"183":0,"184":0,"185":1,"186":0,"187":0,"188":0,"189":0,"190":0,"191":0,"192":0,"193":0,"194":0,"195":1,"196":0,"197":0,"198":0,"199":0,"200":0,"201":1,"202":0,"203":0,"204":0,"205":0,"206":0,"207":0,"208":0,"209":0,"210":0,"211":0,"212":0,"213":1,"214":3,"215":0,"216":0,"217":0,"218":0,"219":0,"220":0,"221":1,"222":0,"223":0,"224":0,"225":1,"226":0,"227":1,"228":0,"229":0,"230":0,"231":1,"232":0,"233":0,"234":0,"235":0,"236":0,"237":0,"238":0,"239":1,"240":0,"241":0,"242":0,"243":1,"244":0,"245":0,"246":0,"247":0,"248":0,"249":1,"250":0,"251":0,"252":0,"253":0,"254":0,"255":1,"256":0,"257":1,"258":0,"259":0,"260":0,"261":0,"262":0,"263":1,"264":0,"265":1,"266":0,"267":1,"268":0,"269":0,"270":0,"271":0,"272":0,"273":0,"274":0,"275":0,"276":0,"277":0,"278":0,"279":0,"280":0,"281":1,"282":0,"283":1,"284":0,"285":1,"286":0,"287":0,"288":0,"289":0,"290":0,"291":0,"292":0,"293":0,"294":0,"295":0,"296":0,"297":0,"298":0,"299":0,"300":0,"301":0,"302":0,"303":0,"304":0,"305":0,"306":0,"307":1,"308":0,"309":1,"310":0,"311":0,"312":0,"313":0,"314":0,"315":0,"316":0,"317":0,"318":0,"319":0,"320":0,"321":0,"322":1,"323":0,"324":0,"325":0,"326":1,"327":0,"328":1,"329":0,"330":0,"331":0,"332":0,"333":0,"334":1,"335":0,"336":0,"337":0,"338":0,"339":0,"340":0,"341":1,"342":2,"343":0,"344":0,"345":0,"346":0,"347":0,"348":0,"349":0,"350":1,"351":1,"352":1,"353":0,"354":0,"355":0,"356":0,"357":0,"358":0,"359":0,"360":0,"361":0,"362":1,"363":2,"364":0,"365":0,"366":0,"367":0,"368":0,"369":0,"370":0,"371":0,"372":0,"373":0,"374":0,"375":0,"376":0,"377":0,"378":0,"379":1,"380":1,"381":1,"382":0,"383":0,"384":0,"385":0,"386":0,"387":0,"388":0,"389":0,"390":0,"391":1,"392":0,"393":0,"394":0,"395":0,"396":0,"397":0,"398":0,"399":1,"400":0,"401":0,"402":0,"403":0,"404":0,"405":0,"406":0,"407":0,"408":1,"409":2,"410":2,"411":0,"412":0,"413":0,"414":0,"415":0,"416":0,"417":0,"418":2,"419":1,"420":0,"421":0,"422":0,"423":0,"424":0,"425":0,"426":0,"427":1,"428":0,"429":0,"430":0,"431":0,"432":0,"433":0,"434":0,"435":0,"436":1,"437":0,"438":0,"439":0,"440":1,"441":1,"442":0,"443":0,"444":0,"445":0,"446":0,"447":0,"448":0,"449":0,"450":0,"451":0,"452":0,"453":0,"454":0,"455":0,"456":0,"457":0,"458":0,"459":0,"460":0,"461":0,"462":0,"463":0,"464":0,"465":0,"466":0,"467":0,"468":0,"469":0,"470":0,"471":1,"472":0,"473":0,"474":0,"475":0,"476":0,"477":0,"478":0,"479":0,"480":0,"481":0,"482":0,"483":0,"484":0,"485":0,"486":0,"487":0,"488":0,"489":0,"490":0,"491":0,"492":0,"493":1,"494":0,"495":1,"496":0,"497":0,"498":1,"499":0,"500":0,"501":0,"502":0,"503":0,"504":0,"505":0,"506":0,"507":1,"508":0,"509":0,"510":0,"511":1,"512":0,"513":0,"514":0,"515":0,"516":0,"517":0,"518":0,"519":1,"520":1,"521":1,"522":1,"523":0,"524":0,"525":0,"526":0,"527":0,"528":0,"529":0,"530":0,"531":0,"532":0,"533":1,"534":3,"535":0,"536":3,"537":3,"538":0,"539":0,"540":0,"541":0,"542":0,"543":0,"544":0,"545":1,"546":0,"547":0,"548":0,"549":0,"550":0,"551":0,"552":0,"553":0,"554":1,"555":0,"556":0,"557":0,"558":0,"559":0,"560":0,"561":1,"562":0,"563":0,"564":0,"565":0,"566":0,"567":0,"568":1,"569":0,"570":0,"571":0,"572":0,"573":0,"574":0,"575":1,"576":1,"577":1,"578":1,"579":6,"580":1,"581":1,"582":1,"583":1,"584":134,"585":132,"586":1,"587":1,"588":1,"589":1,"590":0,"591":0,"592":0,"593":0,"594":0,"595":0,"596":1,"597":0,"598":0,"599":0,"600":0,"601":0,"602":0,"603":0,"604":0,"605":0,"606":0,"607":0,"608":0,"609":0,"610":0,"611":0,"612":0,"613":1,"614":0,"615":0,"616":0,"617":0,"618":0,"619":0,"620":1,"621":1,"622":0,"623":0,"624":0,"625":0,"626":1,"627":0,"628":0,"629":0,"630":1,"631":0,"632":0,"633":1,"634":0,"635":0,"636":0,"637":0,"638":0,"639":0,"640":0,"641":0,"642":0,"643":1,"644":0,"645":0,"646":0,"647":0,"648":0,"649":0,"650":0,"651":0,"652":0,"653":0,"654":0,"655":0,"656":0,"657":0,"658":0,"659":0,"660":0,"661":0,"662":0,"663":0,"664":0,"665":0,"666":0,"667":0,"668":0,"669":0,"670":0,"671":0,"672":0,"673":0,"674":0,"675":0,"676":0,"677":0,"678":0,"679":0,"680":0,"681":0,"682":0,"683":0,"684":0,"685":0,"686":0,"687":0,"688":0,"689":0,"690":0,"691":0,"692":0,"693":0,"694":1,"695":0,"696":1,"697":0,"698":0,"699":0,"700":0,"701":0,"702":1,"703":0,"704":1,"705":0,"706":1,"707":3,"708":3,"709":1,"710":7,"711":1,"712":1,"713":0,"714":0,"715":1,"716":1,"717":134,"718":1,"719":0,"720":1,"721":0,"722":1,"723":0,"724":1,"725":0,"726":1,"727":0,"728":1,"729":0,"730":1,"731":0,"732":0,"733":1,"734":0,"735":1,"736":0,"737":0,"738":1,"739":1,"740":1,"741":0,"742":0,"743":1,"744":0,"745":0,"746":0,"747":1,"748":0,"749":0,"750":0,"751":0,"752":0,"753":1,"754":0,"755":0,"756":0,"757":0,"758":1,"759":0,"760":1,"761":1,"762":1,"763":2,"764":0,"765":2,"766":2,"767":2,"768":2,"769":0,"770":0,"771":1,"772":1,"773":1,"774":0,"775":0,"776":0,"777":0,"778":1,"779":1,"780":0,"781":0,"782":1,"783":1,"784":1,"785":1,"786":1,"787":0,"788":1,"789":0,"790":0,"791":0,"792":0,"793":0,"794":0,"795":0,"796":0,"797":0,"798":0,"799":0,"800":0,"801":0,"802":0,"803":0,"804":0,"805":0,"806":0,"807":0,"808":0,"809":0,"810":0,"811":0,"812":0,"813":0,"814":0,"815":0,"816":0,"817":0,"818":1,"819":0,"820":0,"821":0,"822":1,"823":0,"824":1,"825":1,"826":132,"827":132,"828":0,"829":0,"830":0,"831":1,"832":1,"833":7,"834":7,"835":0,"836":0,"837":0,"838":0,"839":0,"840":1,"841":3,"842":3,"843":0,"844":1,"845":0,"846":1,"847":1,"848":0,"849":1,"850":0,"851":0},"b":{"1":[0,0],"2":[0,0],"3":[1,0],"4":[1,0],"5":[1,1],"6":[4,0],"7":[0,0,0,0],"8":[0,0],"9":[0,0],"10":[0,0],"11":[0,0],"12":[0,0],"13":[0,0],"14":[0,0],"15":[0,0],"16":[0,0],"17":[0,0],"18":[0,4],"19":[4,4,4],"20":[4,0],"21":[0,0],"22":[0,0],"23":[0,0],"24":[0,0],"25":[0,0],"26":[0,0],"27":[0,0],"28":[0,0],"29":[0,0],"30":[0,0],"31":[0,0],"32":[0,0],"33":[0,0],"34":[0,0],"35":[0,0],"36":[0,0],"37":[0,0],"38":[0,0],"39":[0,0],"40":[0,0],"41":[0,0],"42":[0,0],"43":[0,0],"44":[0,0],"45":[0,0],"46":[0,0],"47":[0,0],"48":[0,0],"49":[0,0],"50":[0,0],"51":[0,0],"52":[0,0],"53":[0,0,0],"54":[0,0],"55":[0,0],"56":[0,0],"57":[0,0],"58":[0,0],"59":[0,0,0],"60":[0,0],"61":[0,0],"62":[0,0],"63":[0,0],"64":[0,0],"65":[0,0],"66":[0,0],"67":[0,0],"68":[0,0],"69":[0,0],"70":[0,0],"71":[0,0],"72":[0,0],"73":[0,0],"74":[0,0],"75":[0,0],"76":[0,0],"77":[0,0],"78":[0,0],"79":[0,0],"80":[0,0],"81":[0,0],"82":[0,0],"83":[0,0],"84":[0,0],"85":[0,0],"86":[0,0],"87":[0,0],"88":[0,0],"89":[0,0,0],"90":[0,0],"91":[0,0],"92":[0,0],"93":[0,0],"94":[0,0],"95":[0,0],"96":[0,0],"97":[0,0],"98":[0,0],"99":[0,0],"100":[0,0],"101":[0,0],"102":[0,0],"103":[0,0],"104":[0,0,0],"105":[0,0],"106":[0,0],"107":[0,0],"108":[0,0],"109":[0,0],"110":[0,0],"111":[0,0],"112":[0,0],"113":[0,0],"114":[0,0],"115":[0,0,0],"116":[0,0],"117":[0,0],"118":[0,0],"119":[0,0],"120":[0,0],"121":[0,0],"122":[0,0],"123":[0,0],"124":[0,0],"125":[0,0],"126":[0,0],"127":[0,0],"128":[0,0],"129":[0,0],"130":[0,0],"131":[0,0],"132":[0,0],"133":[0,0],"134":[0,0],"135":[0,0],"136":[0,0],"137":[0,0],"138":[0,0],"139":[0,0],"140":[0,0],"141":[0,0],"142":[0,0],"143":[0,0],"144":[0,0],"145":[0,0],"146":[0,0],"147":[0,0],"148":[0,0],"149":[0,0],"150":[0,0],"151":[0,0],"152":[0,0],"153":[0,0],"154":[0,0,0],"155":[0,0],"156":[0,0],"157":[0,0],"158":[0,0,0],"159":[0,3],"160":[3,0],"161":[0,0],"162":[0,0],"163":[0,0],"164":[0,0],"165":[132,2],"166":[0,0],"167":[0,0],"168":[0,0],"169":[0,0],"170":[0,0],"171":[0,0],"172":[0,0],"173":[0,0],"174":[0,0],"175":[0,0],"176":[0,0],"177":[0,0],"178":[0,0],"179":[0,0],"180":[0,0],"181":[0,0],"182":[0,0],"183":[0,0],"184":[0,0,0,0,0],"185":[0,0],"186":[0,0],"187":[0,0],"188":[0,0],"189":[0,0],"190":[0,0],"191":[0,0,0,0],"192":[0,0,0,0],"193":[0,0],"194":[0,0],"195":[0,0],"196":[0,0],"197":[0,0],"198":[0,0],"199":[0,0],"200":[0,0],"201":[0,0],"202":[0,0],"203":[0,0],"204":[0,0,0,0],"205":[0,0],"206":[1,0],"207":[3,3,3],"208":[0,1],"209":[1,0],"210":[1,1],"211":[134,2],"212":[0,0],"213":[0,0],"214":[0,0,0],"215":[0,0],"216":[0,0],"217":[0,0],"218":[1,0],"219":[0,0],"220":[0,0],"221":[0,0],"222":[0,0],"223":[0,0],"224":[0,0],"225":[0,0],"226":[0,0],"227":[0,0],"228":[0,0],"229":[0,0],"230":[0,0],"231":[0,0],"232":[0,0],"233":[0,0],"234":[0,0],"235":[0,0],"236":[0,0],"237":[0,0],"238":[0,0,0],"239":[0,1],"240":[1,0]},"f":{"1":1,"2":0,"3":0,"4":4,"5":0,"6":0,"7":0,"8":0,"9":0,"10":0,"11":0,"12":3,"13":0,"14":0,"15":1,"16":4,"17":4,"18":4,"19":0,"20":2,"21":0,"22":0,"23":0,"24":0,"25":0,"26":0,"27":0,"28":0,"29":0,"30":0,"31":0,"32":0,"33":0,"34":0,"35":0,"36":0,"37":0,"38":0,"39":0,"40":0,"41":0,"42":0,"43":0,"44":3,"45":0,"46":0,"47":0,"48":0,"49":0,"50":0,"51":0,"52":0,"53":0,"54":0,"55":0,"56":0,"57":0,"58":0,"59":0,"60":0,"61":0,"62":0,"63":0,"64":0,"65":0,"66":0,"67":0,"68":0,"69":0,"70":2,"71":0,"72":0,"73":2,"74":0,"75":0,"76":0,"77":0,"78":0,"79":2,"80":0,"81":0,"82":0,"83":0,"84":0,"85":0,"86":0,"87":0,"88":0,"89":0,"90":0,"91":0,"92":0,"93":0,"94":0,"95":0,"96":0,"97":0,"98":0,"99":0,"100":0,"101":0,"102":3,"103":0,"104":0,"105":0,"106":0,"107":1,"108":1,"109":0,"110":0,"111":0,"112":0,"113":0,"114":0,"115":0,"116":0,"117":0,"118":0,"119":0,"120":0,"121":0,"122":0,"123":3,"124":7,"125":1,"126":0,"127":134,"128":0,"129":0,"130":0,"131":0,"132":0,"133":0,"134":0,"135":0,"136":0,"137":0,"138":0,"139":0,"140":0,"141":0,"142":0,"143":0,"144":0,"145":0,"146":0,"147":2,"148":0,"149":0,"150":0,"151":0,"152":0,"153":0,"154":0,"155":0,"156":0,"157":0,"158":1,"159":132,"160":0,"161":7,"162":0,"163":3,"164":0,"165":0,"166":0,"167":0},"fnMap":{"1":{"name":"(anonymous_1)","line":6,"loc":{"start":{"line":6,"column":1},"end":{"line":6,"column":12}}},"2":{"name":"(anonymous_2)","line":36,"loc":{"start":{"line":36,"column":13},"end":{"line":36,"column":23}}},"3":{"name":"(anonymous_3)","line":39,"loc":{"start":{"line":39,"column":10},"end":{"line":39,"column":24}}},"4":{"name":"(anonymous_4)","line":63,"loc":{"start":{"line":63,"column":19},"end":{"line":63,"column":53}}},"5":{"name":"(anonymous_5)","line":66,"loc":{"start":{"line":66,"column":21},"end":{"line":66,"column":37}}},"6":{"name":"(anonymous_6)","line":69,"loc":{"start":{"line":69,"column":21},"end":{"line":69,"column":44}}},"7":{"name":"(anonymous_7)","line":72,"loc":{"start":{"line":72,"column":21},"end":{"line":72,"column":56}}},"8":{"name":"(anonymous_8)","line":75,"loc":{"start":{"line":75,"column":21},"end":{"line":75,"column":69}}},"9":{"name":"(anonymous_9)","line":79,"loc":{"start":{"line":79,"column":11},"end":{"line":79,"column":22}}},"10":{"name":"(anonymous_10)","line":87,"loc":{"start":{"line":87,"column":11},"end":{"line":87,"column":46}}},"11":{"name":"(anonymous_11)","line":93,"loc":{"start":{"line":93,"column":15},"end":{"line":93,"column":40}}},"12":{"name":"(anonymous_12)","line":98,"loc":{"start":{"line":98,"column":23},"end":{"line":98,"column":57}}},"13":{"name":"(anonymous_13)","line":99,"loc":{"start":{"line":99,"column":11},"end":{"line":99,"column":25}}},"14":{"name":"(anonymous_14)","line":116,"loc":{"start":{"line":116,"column":19},"end":{"line":116,"column":39}}},"15":{"name":"(anonymous_15)","line":125,"loc":{"start":{"line":125,"column":17},"end":{"line":125,"column":31}}},"16":{"name":"(anonymous_16)","line":126,"loc":{"start":{"line":126,"column":11},"end":{"line":126,"column":25}}},"17":{"name":"(anonymous_17)","line":137,"loc":{"start":{"line":137,"column":20},"end":{"line":137,"column":41}}},"18":{"name":"(anonymous_18)","line":148,"loc":{"start":{"line":148,"column":23},"end":{"line":148,"column":56}}},"19":{"name":"(anonymous_19)","line":165,"loc":{"start":{"line":165,"column":22},"end":{"line":165,"column":55}}},"20":{"name":"createReduce","line":178,"loc":{"start":{"line":178,"column":2},"end":{"line":178,"column":29}}},"21":{"name":"iterator","line":181,"loc":{"start":{"line":181,"column":4},"end":{"line":181,"column":64}}},"22":{"name":"(anonymous_22)","line":189,"loc":{"start":{"line":189,"column":11},"end":{"line":189,"column":50}}},"23":{"name":"(anonymous_23)","line":211,"loc":{"start":{"line":211,"column":22},"end":{"line":211,"column":56}}},"24":{"name":"(anonymous_24)","line":223,"loc":{"start":{"line":223,"column":24},"end":{"line":223,"column":58}}},"25":{"name":"(anonymous_25)","line":226,"loc":{"start":{"line":226,"column":16},"end":{"line":226,"column":45}}},"26":{"name":"(anonymous_26)","line":233,"loc":{"start":{"line":233,"column":13},"end":{"line":233,"column":47}}},"27":{"name":"(anonymous_27)","line":239,"loc":{"start":{"line":239,"column":20},"end":{"line":239,"column":54}}},"28":{"name":"(anonymous_28)","line":252,"loc":{"start":{"line":252,"column":19},"end":{"line":252,"column":53}}},"29":{"name":"(anonymous_29)","line":265,"loc":{"start":{"line":265,"column":40},"end":{"line":265,"column":78}}},"30":{"name":"(anonymous_30)","line":272,"loc":{"start":{"line":272,"column":13},"end":{"line":272,"column":35}}},"31":{"name":"(anonymous_31)","line":275,"loc":{"start":{"line":275,"column":22},"end":{"line":275,"column":38}}},"32":{"name":"(anonymous_32)","line":282,"loc":{"start":{"line":282,"column":12},"end":{"line":282,"column":31}}},"33":{"name":"(anonymous_33)","line":288,"loc":{"start":{"line":288,"column":12},"end":{"line":288,"column":33}}},"34":{"name":"(anonymous_34)","line":294,"loc":{"start":{"line":294,"column":16},"end":{"line":294,"column":37}}},"35":{"name":"(anonymous_35)","line":299,"loc":{"start":{"line":299,"column":10},"end":{"line":299,"column":43}}},"36":{"name":"(anonymous_36)","line":312,"loc":{"start":{"line":312,"column":18},"end":{"line":312,"column":47}}},"37":{"name":"(anonymous_37)","line":324,"loc":{"start":{"line":324,"column":10},"end":{"line":324,"column":43}}},"38":{"name":"(anonymous_38)","line":337,"loc":{"start":{"line":337,"column":18},"end":{"line":337,"column":47}}},"39":{"name":"(anonymous_39)","line":350,"loc":{"start":{"line":350,"column":14},"end":{"line":350,"column":28}}},"40":{"name":"(anonymous_40)","line":365,"loc":{"start":{"line":365,"column":13},"end":{"line":365,"column":37}}},"41":{"name":"(anonymous_41)","line":374,"loc":{"start":{"line":374,"column":13},"end":{"line":374,"column":46}}},"42":{"name":"(anonymous_42)","line":376,"loc":{"start":{"line":376,"column":30},"end":{"line":376,"column":59}}},"43":{"name":"(anonymous_43)","line":382,"loc":{"start":{"line":382,"column":12},"end":{"line":382,"column":34}}},"44":{"name":"(anonymous_44)","line":394,"loc":{"start":{"line":394,"column":14},"end":{"line":394,"column":33}}},"45":{"name":"(anonymous_45)","line":395,"loc":{"start":{"line":395,"column":11},"end":{"line":395,"column":44}}},"46":{"name":"(anonymous_46)","line":398,"loc":{"start":{"line":398,"column":18},"end":{"line":398,"column":41}}},"47":{"name":"(anonymous_47)","line":408,"loc":{"start":{"line":408,"column":20},"end":{"line":408,"column":49}}},"48":{"name":"(anonymous_48)","line":414,"loc":{"start":{"line":414,"column":20},"end":{"line":414,"column":49}}},"49":{"name":"(anonymous_49)","line":421,"loc":{"start":{"line":421,"column":20},"end":{"line":421,"column":49}}},"50":{"name":"(anonymous_50)","line":426,"loc":{"start":{"line":426,"column":14},"end":{"line":426,"column":28}}},"51":{"name":"(anonymous_51)","line":434,"loc":{"start":{"line":434,"column":11},"end":{"line":434,"column":25}}},"52":{"name":"(anonymous_52)","line":441,"loc":{"start":{"line":441,"column":16},"end":{"line":441,"column":50}}},"53":{"name":"(anonymous_53)","line":444,"loc":{"start":{"line":444,"column":16},"end":{"line":444,"column":42}}},"54":{"name":"(anonymous_54)","line":456,"loc":{"start":{"line":456,"column":30},"end":{"line":456,"column":56}}},"55":{"name":"(anonymous_55)","line":465,"loc":{"start":{"line":465,"column":14},"end":{"line":465,"column":40}}},"56":{"name":"(anonymous_56)","line":471,"loc":{"start":{"line":471,"column":11},"end":{"line":471,"column":37}}},"57":{"name":"(anonymous_57)","line":480,"loc":{"start":{"line":480,"column":29},"end":{"line":480,"column":55}}},"58":{"name":"(anonymous_58)","line":485,"loc":{"start":{"line":485,"column":14},"end":{"line":485,"column":30}}},"59":{"name":"(anonymous_59)","line":490,"loc":{"start":{"line":490,"column":16},"end":{"line":490,"column":61}}},"60":{"name":"(anonymous_60)","line":510,"loc":{"start":{"line":510,"column":14},"end":{"line":510,"column":39}}},"61":{"name":"(anonymous_61)","line":515,"loc":{"start":{"line":515,"column":14},"end":{"line":515,"column":30}}},"62":{"name":"(anonymous_62)","line":522,"loc":{"start":{"line":522,"column":22},"end":{"line":522,"column":67}}},"63":{"name":"(anonymous_63)","line":551,"loc":{"start":{"line":551,"column":12},"end":{"line":551,"column":23}}},"64":{"name":"(anonymous_64)","line":557,"loc":{"start":{"line":557,"column":19},"end":{"line":557,"column":35}}},"65":{"name":"(anonymous_65)","line":573,"loc":{"start":{"line":573,"column":17},"end":{"line":573,"column":33}}},"66":{"name":"(anonymous_66)","line":575,"loc":{"start":{"line":575,"column":27},"end":{"line":575,"column":42}}},"67":{"name":"(anonymous_67)","line":582,"loc":{"start":{"line":582,"column":10},"end":{"line":582,"column":21}}},"68":{"name":"(anonymous_68)","line":588,"loc":{"start":{"line":588,"column":12},"end":{"line":588,"column":28}}},"69":{"name":"(anonymous_69)","line":601,"loc":{"start":{"line":601,"column":13},"end":{"line":601,"column":36}}},"70":{"name":"createPredicateIndexFinder","line":614,"loc":{"start":{"line":614,"column":2},"end":{"line":614,"column":43}}},"71":{"name":"(anonymous_71)","line":615,"loc":{"start":{"line":615,"column":11},"end":{"line":615,"column":47}}},"72":{"name":"(anonymous_72)","line":632,"loc":{"start":{"line":632,"column":18},"end":{"line":632,"column":58}}},"73":{"name":"createIndexFinder","line":644,"loc":{"start":{"line":644,"column":2},"end":{"line":644,"column":62}}},"74":{"name":"(anonymous_74)","line":645,"loc":{"start":{"line":645,"column":11},"end":{"line":645,"column":38}}},"75":{"name":"(anonymous_75)","line":678,"loc":{"start":{"line":678,"column":12},"end":{"line":678,"column":40}}},"76":{"name":"(anonymous_76)","line":700,"loc":{"start":{"line":700,"column":21},"end":{"line":700,"column":84}}},"77":{"name":"(anonymous_77)","line":711,"loc":{"start":{"line":711,"column":11},"end":{"line":711,"column":35}}},"78":{"name":"(anonymous_78)","line":715,"loc":{"start":{"line":715,"column":16},"end":{"line":715,"column":27}}},"79":{"name":"(anonymous_79)","line":724,"loc":{"start":{"line":724,"column":14},"end":{"line":724,"column":29}}},"80":{"name":"(anonymous_80)","line":726,"loc":{"start":{"line":726,"column":16},"end":{"line":726,"column":27}}},"81":{"name":"(anonymous_81)","line":741,"loc":{"start":{"line":741,"column":14},"end":{"line":741,"column":28}}},"82":{"name":"(anonymous_82)","line":752,"loc":{"start":{"line":752,"column":14},"end":{"line":752,"column":37}}},"83":{"name":"(anonymous_83)","line":753,"loc":{"start":{"line":753,"column":18},"end":{"line":753,"column":32}}},"84":{"name":"(anonymous_84)","line":765,"loc":{"start":{"line":765,"column":12},"end":{"line":765,"column":33}}},"85":{"name":"(anonymous_85)","line":767,"loc":{"start":{"line":767,"column":22},"end":{"line":767,"column":32}}},"86":{"name":"(anonymous_86)","line":781,"loc":{"start":{"line":781,"column":15},"end":{"line":781,"column":45}}},"87":{"name":"(anonymous_87)","line":786,"loc":{"start":{"line":786,"column":16},"end":{"line":786,"column":27}}},"88":{"name":"(anonymous_88)","line":792,"loc":{"start":{"line":792,"column":11},"end":{"line":792,"column":22}}},"89":{"name":"(anonymous_89)","line":817,"loc":{"start":{"line":817,"column":15},"end":{"line":817,"column":47}}},"90":{"name":"(anonymous_90)","line":820,"loc":{"start":{"line":820,"column":16},"end":{"line":820,"column":27}}},"91":{"name":"(anonymous_91)","line":834,"loc":{"start":{"line":834,"column":11},"end":{"line":834,"column":22}}},"92":{"name":"(anonymous_92)","line":852,"loc":{"start":{"line":852,"column":11},"end":{"line":852,"column":35}}},"93":{"name":"(anonymous_93)","line":857,"loc":{"start":{"line":857,"column":13},"end":{"line":857,"column":33}}},"94":{"name":"(anonymous_94)","line":858,"loc":{"start":{"line":858,"column":11},"end":{"line":858,"column":22}}},"95":{"name":"(anonymous_95)","line":865,"loc":{"start":{"line":865,"column":14},"end":{"line":865,"column":25}}},"96":{"name":"(anonymous_96)","line":868,"loc":{"start":{"line":868,"column":11},"end":{"line":868,"column":22}}},"97":{"name":"(anonymous_97)","line":877,"loc":{"start":{"line":877,"column":12},"end":{"line":877,"column":34}}},"98":{"name":"(anonymous_98)","line":878,"loc":{"start":{"line":878,"column":11},"end":{"line":878,"column":22}}},"99":{"name":"(anonymous_99)","line":886,"loc":{"start":{"line":886,"column":13},"end":{"line":886,"column":35}}},"100":{"name":"(anonymous_100)","line":888,"loc":{"start":{"line":888,"column":11},"end":{"line":888,"column":22}}},"101":{"name":"collectNonEnumProps","line":909,"loc":{"start":{"line":909,"column":2},"end":{"line":909,"column":42}}},"102":{"name":"(anonymous_102)","line":928,"loc":{"start":{"line":928,"column":11},"end":{"line":928,"column":25}}},"103":{"name":"(anonymous_103)","line":939,"loc":{"start":{"line":939,"column":14},"end":{"line":939,"column":28}}},"104":{"name":"(anonymous_104)","line":949,"loc":{"start":{"line":949,"column":13},"end":{"line":949,"column":27}}},"105":{"name":"(anonymous_105)","line":961,"loc":{"start":{"line":961,"column":16},"end":{"line":961,"column":49}}},"106":{"name":"(anonymous_106)","line":975,"loc":{"start":{"line":975,"column":12},"end":{"line":975,"column":26}}},"107":{"name":"(anonymous_107)","line":986,"loc":{"start":{"line":986,"column":13},"end":{"line":986,"column":27}}},"108":{"name":"(anonymous_108)","line":997,"loc":{"start":{"line":997,"column":28},"end":{"line":997,"column":42}}},"109":{"name":"(anonymous_109)","line":1013,"loc":{"start":{"line":1013,"column":14},"end":{"line":1013,"column":48}}},"110":{"name":"(anonymous_110)","line":1023,"loc":{"start":{"line":1023,"column":11},"end":{"line":1023,"column":48}}},"111":{"name":"(anonymous_111)","line":1031,"loc":{"start":{"line":1031,"column":17},"end":{"line":1031,"column":43}}},"112":{"name":"(anonymous_112)","line":1043,"loc":{"start":{"line":1043,"column":11},"end":{"line":1043,"column":44}}},"113":{"name":"(anonymous_113)","line":1048,"loc":{"start":{"line":1048,"column":17},"end":{"line":1048,"column":38}}},"114":{"name":"(anonymous_114)","line":1061,"loc":{"start":{"line":1061,"column":13},"end":{"line":1061,"column":40}}},"115":{"name":"(anonymous_115)","line":1068,"loc":{"start":{"line":1068,"column":12},"end":{"line":1068,"column":26}}},"116":{"name":"(anonymous_116)","line":1076,"loc":{"start":{"line":1076,"column":10},"end":{"line":1076,"column":37}}},"117":{"name":"(anonymous_117)","line":1082,"loc":{"start":{"line":1082,"column":14},"end":{"line":1082,"column":38}}},"118":{"name":"(anonymous_118)","line":1095,"loc":{"start":{"line":1095,"column":11},"end":{"line":1095,"column":42}}},"119":{"name":"(anonymous_119)","line":1188,"loc":{"start":{"line":1188,"column":14},"end":{"line":1188,"column":29}}},"120":{"name":"(anonymous_120)","line":1194,"loc":{"start":{"line":1194,"column":14},"end":{"line":1194,"column":28}}},"121":{"name":"(anonymous_121)","line":1201,"loc":{"start":{"line":1201,"column":16},"end":{"line":1201,"column":30}}},"122":{"name":"(anonymous_122)","line":1207,"loc":{"start":{"line":1207,"column":31},"end":{"line":1207,"column":45}}},"123":{"name":"(anonymous_123)","line":1212,"loc":{"start":{"line":1212,"column":15},"end":{"line":1212,"column":29}}},"124":{"name":"(anonymous_124)","line":1218,"loc":{"start":{"line":1218,"column":83},"end":{"line":1218,"column":98}}},"125":{"name":"(anonymous_125)","line":1219,"loc":{"start":{"line":1219,"column":21},"end":{"line":1219,"column":35}}},"126":{"name":"(anonymous_126)","line":1227,"loc":{"start":{"line":1227,"column":20},"end":{"line":1227,"column":34}}},"127":{"name":"(anonymous_127)","line":1235,"loc":{"start":{"line":1235,"column":19},"end":{"line":1235,"column":33}}},"128":{"name":"(anonymous_128)","line":1241,"loc":{"start":{"line":1241,"column":15},"end":{"line":1241,"column":29}}},"129":{"name":"(anonymous_129)","line":1246,"loc":{"start":{"line":1246,"column":12},"end":{"line":1246,"column":26}}},"130":{"name":"(anonymous_130)","line":1251,"loc":{"start":{"line":1251,"column":16},"end":{"line":1251,"column":30}}},"131":{"name":"(anonymous_131)","line":1256,"loc":{"start":{"line":1256,"column":13},"end":{"line":1256,"column":27}}},"132":{"name":"(anonymous_132)","line":1261,"loc":{"start":{"line":1261,"column":18},"end":{"line":1261,"column":32}}},"133":{"name":"(anonymous_133)","line":1267,"loc":{"start":{"line":1267,"column":10},"end":{"line":1267,"column":29}}},"134":{"name":"(anonymous_134)","line":1276,"loc":{"start":{"line":1276,"column":17},"end":{"line":1276,"column":28}}},"135":{"name":"(anonymous_135)","line":1282,"loc":{"start":{"line":1282,"column":15},"end":{"line":1282,"column":31}}},"136":{"name":"(anonymous_136)","line":1287,"loc":{"start":{"line":1287,"column":15},"end":{"line":1287,"column":31}}},"137":{"name":"(anonymous_137)","line":1288,"loc":{"start":{"line":1288,"column":11},"end":{"line":1288,"column":22}}},"138":{"name":"(anonymous_138)","line":1293,"loc":{"start":{"line":1293,"column":11},"end":{"line":1293,"column":21}}},"139":{"name":"(anonymous_139)","line":1298,"loc":{"start":{"line":1298,"column":17},"end":{"line":1298,"column":31}}},"140":{"name":"(anonymous_140)","line":1299,"loc":{"start":{"line":1299,"column":25},"end":{"line":1299,"column":35}}},"141":{"name":"(anonymous_141)","line":1299,"loc":{"start":{"line":1299,"column":40},"end":{"line":1299,"column":54}}},"142":{"name":"(anonymous_142)","line":1306,"loc":{"start":{"line":1306,"column":26},"end":{"line":1306,"column":42}}},"143":{"name":"(anonymous_143)","line":1308,"loc":{"start":{"line":1308,"column":11},"end":{"line":1308,"column":25}}},"144":{"name":"(anonymous_144)","line":1314,"loc":{"start":{"line":1314,"column":12},"end":{"line":1314,"column":43}}},"145":{"name":"(anonymous_145)","line":1322,"loc":{"start":{"line":1322,"column":13},"end":{"line":1322,"column":32}}},"146":{"name":"(anonymous_146)","line":1331,"loc":{"start":{"line":1331,"column":22},"end":{"line":1331,"column":33}}},"147":{"name":"(anonymous_147)","line":1347,"loc":{"start":{"line":1347,"column":22},"end":{"line":1347,"column":36}}},"148":{"name":"(anonymous_148)","line":1348,"loc":{"start":{"line":1348,"column":18},"end":{"line":1348,"column":34}}},"149":{"name":"(anonymous_149)","line":1355,"loc":{"start":{"line":1355,"column":11},"end":{"line":1355,"column":28}}},"150":{"name":"(anonymous_150)","line":1365,"loc":{"start":{"line":1365,"column":13},"end":{"line":1365,"column":50}}},"151":{"name":"(anonymous_151)","line":1376,"loc":{"start":{"line":1376,"column":15},"end":{"line":1376,"column":32}}},"152":{"name":"(anonymous_152)","line":1407,"loc":{"start":{"line":1407,"column":19},"end":{"line":1407,"column":35}}},"153":{"name":"(anonymous_153)","line":1415,"loc":{"start":{"line":1415,"column":15},"end":{"line":1415,"column":53}}},"154":{"name":"(anonymous_154)","line":1429,"loc":{"start":{"line":1429,"column":26},"end":{"line":1429,"column":81}}},"155":{"name":"(anonymous_155)","line":1460,"loc":{"start":{"line":1460,"column":19},"end":{"line":1460,"column":34}}},"156":{"name":"(anonymous_156)","line":1472,"loc":{"start":{"line":1472,"column":12},"end":{"line":1472,"column":26}}},"157":{"name":"(anonymous_157)","line":1485,"loc":{"start":{"line":1485,"column":15},"end":{"line":1485,"column":39}}},"158":{"name":"(anonymous_158)","line":1490,"loc":{"start":{"line":1490,"column":12},"end":{"line":1490,"column":26}}},"159":{"name":"(anonymous_159)","line":1491,"loc":{"start":{"line":1491,"column":29},"end":{"line":1491,"column":44}}},"160":{"name":"(anonymous_160)","line":1493,"loc":{"start":{"line":1493,"column":26},"end":{"line":1493,"column":37}}},"161":{"name":"(anonymous_161)","line":1505,"loc":{"start":{"line":1505,"column":75},"end":{"line":1505,"column":90}}},"162":{"name":"(anonymous_162)","line":1507,"loc":{"start":{"line":1507,"column":24},"end":{"line":1507,"column":35}}},"163":{"name":"(anonymous_163)","line":1516,"loc":{"start":{"line":1516,"column":38},"end":{"line":1516,"column":53}}},"164":{"name":"(anonymous_164)","line":1518,"loc":{"start":{"line":1518,"column":24},"end":{"line":1518,"column":35}}},"165":{"nam
[...]
;","    while (length--) {","      // Linear search. Performance is inversely proportional to the number of","      // unique nested structures.","      if (aStack[length] === a) return bStack[length] === b;","    }","","    // Add the first object to the stack of traversed objects.","    aStack.push(a);","    bStack.push(b);","","    // Recursively compare objects and arrays.","    if (areArrays) {","      // Compare array lengths to determine if a deep comparison is necessary.","      length = a.length;","      if (length !== b.length) return false;","      // Deep compare the contents, ignoring non-numeric properties.","      while (length--) {","        if (!eq(a[length], b[length], aStack, bStack)) return false;","      }","    } else {","      // Deep compare objects.","      var keys = _.keys(a), key;","      length = keys.length;","      // Ensure that both objects contain the same number of properties before comparing deep equality.","      if (_.keys(b).length !== length) return false;","      while (length--) {","        // Deep compare each member","        key = keys[length];","        if (!(_.has(b, key) && eq(a[key], b[key], aStack, bStack))) return false;","      }","    }","    // Remove the first object from the stack of traversed objects.","    aStack.pop();","    bStack.pop();","    return true;","  };","","  // Perform a deep comparison to check if two objects are equal.","  _.isEqual = function(a, b) {","    return eq(a, b);","  };","","  // Is a given array, string, or object empty?","  // An \"empty\" object has no enumerable own-properties.","  _.isEmpty = function(obj) {","    if (obj == null) return true;","    if (isArrayLike(obj) && (_.isArray(obj) || _.isString(obj) || _.isArguments(obj))) return obj.length === 0;","    return _.keys(obj).length === 0;","  };","","  // Is a given value a DOM element?","  _.isElement = function(obj) {","    return !!(obj && obj.nodeType === 1);","  };","","  // Is a given value an array?","  // Delegates to ECMA5's native Array.isArray","  _.isArray = nativeIsArray || function(obj) {","    return toString.call(obj) === '[object Array]';","  };","","  // Is a given variable an object?","  _.isObject = function(obj) {","    var type = typeof obj;","    return type === 'function' || type === 'object' && !!obj;","  };","","  // Add some isType methods: isArguments, isFunction, isString, isNumber, isDate, isRegExp, isError.","  _.each(['Arguments', 'Function', 'String', 'Number', 'Date', 'RegExp', 'Error'], function(name) {","    _['is' + name] = function(obj) {","      return toString.call(obj) === '[object ' + name + ']';","    };","  });","","  // Define a fallback version of the method in browsers (ahem, IE < 9), where","  // there isn't any inspectable \"Arguments\" type.","  if (!_.isArguments(arguments)) {","    _.isArguments = function(obj) {","      return _.has(obj, 'callee');","    };","  }","","  // Optimize `isFunction` if appropriate. Work around some typeof bugs in old v8,","  // IE 11 (#1621), and in Safari 8 (#1929).","  if (typeof /./ != 'function' && typeof Int8Array != 'object') {","    _.isFunction = function(obj) {","      return typeof obj == 'function' || false;","    };","  }","","  // Is a given object a finite number?","  _.isFinite = function(obj) {","    return isFinite(obj) && !isNaN(parseFloat(obj));","  };","","  // Is the given value `NaN`? (NaN is the only number which does not equal itself).","  _.isNaN = function(obj) {","    return _.isNumber(obj) && obj !== +obj;","  };","","  // Is a given value a boolean?","  _.isBoolean = function(obj) {","    return obj === true || obj === false || toString.call(obj) === '[object Boolean]';","  };","","  // Is a given value equal to null?","  _.isNull = function(obj) {","    return obj === null;","  };","","  // Is a given variable undefined?","  _.isUndefined = function(obj) {","    return obj === void 0;","  };","","  // Shortcut function for checking if an object has a given property directly","  // on itself (in other words, not on a prototype).","  _.has = function(obj, key) {","    return obj != null && hasOwnProperty.call(obj, key);","  };","","  // Utility Functions","  // -----------------","","  // Run Underscore.js in *noConflict* mode, returning the `_` variable to its","  // previous owner. Returns a reference to the Underscore object.","  _.noConflict = function() {","    root._ = previousUnderscore;","    return this;","  };","","  // Keep the identity function around for default iteratees.","  _.identity = function(value) {","    return value;","  };","","  // Predicate-generating functions. Often useful outside of Underscore.","  _.constant = function(value) {","    return function() {","      return value;","    };","  };","","  _.noop = function(){};","","  _.property = property;","","  // Generates a function for a given object that returns a given property.","  _.propertyOf = function(obj) {","    return obj == null ? function(){} : function(key) {","      return obj[key];","    };","  };","","  // Returns a predicate for checking whether an object has a given set of","  // `key:value` pairs.","  _.matcher = _.matches = function(attrs) {","    attrs = _.extendOwn({}, attrs);","    return function(obj) {","      return _.isMatch(obj, attrs);","    };","  };","","  // Run a function **n** times.","  _.times = function(n, iteratee, context) {","    var accum = Array(Math.max(0, n));","    iteratee = optimizeCb(iteratee, context, 1);","    for (var i = 0; i < n; i++) accum[i] = iteratee(i);","    return accum;","  };","","  // Return a random integer between min and max (inclusive).","  _.random = function(min, max) {","    if (max == null) {","      max = min;","      min = 0;","    }","    return min + Math.floor(Math.random() * (max - min + 1));","  };","","  // A (possibly faster) way to get the current timestamp as an integer.","  _.now = Date.now || function() {","    return new Date().getTime();","  };","","   // List of HTML entities for escaping.","  var escapeMap = {","    '&': '&amp;',","    '<': '&lt;',","    '>': '&gt;',","    '\"': '&quot;',","    \"'\": '&#x27;',","    '`': '&#x60;'","  };","  var unescapeMap = _.invert(escapeMap);","","  // Functions for escaping and unescaping strings to/from HTML interpolation.","  var createEscaper = function(map) {","    var escaper = function(match) {","      return map[match];","    };","    // Regexes for identifying a key that needs to be escaped","    var source = '(?:' + _.keys(map).join('|') + ')';","    var testRegexp = RegExp(source);","    var replaceRegexp = RegExp(source, 'g');","    return function(string) {","      string = string == null ? '' : '' + string;","      return testRegexp.test(string) ? string.replace(replaceRegexp, escaper) : string;","    };","  };","  _.escape = createEscaper(escapeMap);","  _.unescape = createEscaper(unescapeMap);","","  // If the value of the named `property` is a function then invoke it with the","  // `object` as context; otherwise, return it.","  _.result = function(object, property, fallback) {","    var value = object == null ? void 0 : object[property];","    if (value === void 0) {","      value = fallback;","    }","    return _.isFunction(value) ? value.call(object) : value;","  };","","  // Generate a unique integer id (unique within the entire client session).","  // Useful for temporary DOM ids.","  var idCounter = 0;","  _.uniqueId = function(prefix) {","    var id = ++idCounter + '';","    return prefix ? prefix + id : id;","  };","","  // By default, Underscore uses ERB-style template delimiters, change the","  // following template settings to use alternative delimiters.","  _.templateSettings = {","    evaluate    : /<%([\\s\\S]+?)%>/g,","    interpolate : /<%=([\\s\\S]+?)%>/g,","    escape      : /<%-([\\s\\S]+?)%>/g","  };","","  // When customizing `templateSettings`, if you don't want to define an","  // interpolation, evaluation or escaping regex, we need one that is","  // guaranteed not to match.","  var noMatch = /(.)^/;","","  // Certain characters need to be escaped so that they can be put into a","  // string literal.","  var escapes = {","    \"'\":      \"'\",","    '\\\\':     '\\\\',","    '\\r':     'r',","    '\\n':     'n',","    '\\u2028': 'u2028',","    '\\u2029': 'u2029'","  };","","  var escaper = /\\\\|'|\\r|\\n|\\u2028|\\u2029/g;","","  var escapeChar = function(match) {","    return '\\\\' + escapes[match];","  };","","  // JavaScript micro-templating, similar to John Resig's implementation.","  // Underscore templating handles arbitrary delimiters, preserves whitespace,","  // and correctly escapes quotes within interpolated code.","  // NB: `oldSettings` only exists for backwards compatibility.","  _.template = function(text, settings, oldSettings) {","    if (!settings && oldSettings) settings = oldSettings;","    settings = _.defaults({}, settings, _.templateSettings);","","    // Combine delimiters into one regular expression via alternation.","    var matcher = RegExp([","      (settings.escape || noMatch).source,","      (settings.interpolate || noMatch).source,","      (settings.evaluate || noMatch).source","    ].join('|') + '|$', 'g');","","    // Compile the template source, escaping string literals appropriately.","    var index = 0;","    var source = \"__p+='\";","    text.replace(matcher, function(match, escape, interpolate, evaluate, offset) {","      source += text.slice(index, offset).replace(escaper, escapeChar);","      index = offset + match.length;","","      if (escape) {","        source += \"'+\\n((__t=(\" + escape + \"))==null?'':_.escape(__t))+\\n'\";","      } else if (interpolate) {","        source += \"'+\\n((__t=(\" + interpolate + \"))==null?'':__t)+\\n'\";","      } else if (evaluate) {","        source += \"';\\n\" + evaluate + \"\\n__p+='\";","      }","","      // Adobe VMs need the match returned to produce the correct offest.","      return match;","    });","    source += \"';\\n\";","","    // If a variable is not specified, place data values in local scope.","    if (!settings.variable) source = 'with(obj||{}){\\n' + source + '}\\n';","","    source = \"var __t,__p='',__j=Array.prototype.join,\" +","      \"print=function(){__p+=__j.call(arguments,'');};\\n\" +","      source + 'return __p;\\n';","","    try {","      var render = new Function(settings.variable || 'obj', '_', source);","    } catch (e) {","      e.source = source;","      throw e;","    }","","    var template = function(data) {","      return render.call(this, data, _);","    };","","    // Provide the compiled source as a convenience for precompilation.","    var argument = settings.variable || 'obj';","    template.source = 'function(' + argument + '){\\n' + source + '}';","","    return template;","  };","","  // Add a \"chain\" function. Start chaining a wrapped Underscore object.","  _.chain = function(obj) {","    var instance = _(obj);","    instance._chain = true;","    return instance;","  };","","  // OOP","  // ---------------","  // If Underscore is called as a function, it returns a wrapped object that","  // can be used OO-style. This wrapper holds altered versions of all the","  // underscore functions. Wrapped objects may be chained.","","  // Helper function to continue chaining intermediate results.","  var result = function(instance, obj) {","    return instance._chain ? _(obj).chain() : obj;","  };","","  // Add your own custom functions to the Underscore object.","  _.mixin = function(obj) {","    _.each(_.functions(obj), function(name) {","      var func = _[name] = obj[name];","      _.prototype[name] = function() {","        var args = [this._wrapped];","        push.apply(args, arguments);","        return result(this, func.apply(_, args));","      };","    });","  };","","  // Add all of the Underscore functions to the wrapper object.","  _.mixin(_);","","  // Add all mutator Array functions to the wrapper.","  _.each(['pop', 'push', 'reverse', 'shift', 'sort', 'splice', 'unshift'], function(name) {","    var method = ArrayProto[name];","    _.prototype[name] = function() {","      var obj = this._wrapped;","      method.apply(obj, arguments);","      if ((name === 'shift' || name === 'splice') && obj.length === 0) delete obj[0];","      return result(this, obj);","    };","  });","","  // Add all accessor Array functions to the wrapper.","  _.each(['concat', 'join', 'slice'], function(name) {","    var method = ArrayProto[name];","    _.prototype[name] = function() {","      return result(this, method.apply(this._wrapped, arguments));","    };","  });","","  // Extracts the result from a wrapped and chained object.","  _.prototype.value = function() {","    return this._wrapped;","  };","","  // Provide unwrapping proxy for some methods used in engine operations","  // such as arithmetic and JSON stringification.","  _.prototype.valueOf = _.prototype.toJSON = _.prototype.value;","","  _.prototype.toString = function() {","    return '' + this._wrapped;","  };","","  // AMD registration happens at the end for compatibility with AMD loaders","  // that may not enforce next-turn semantics on modules. Even though general","  // practice for AMD registration is to be anonymous, underscore registers","  // as a named module because, like jQuery, it is a base library that is","  // popular enough to be bundled in a third party lib, but not be part of","  // an AMD load request. Those cases could generate an error when an","  // anonymous define() is called outside of a loader request.","  if (typeof define === 'function' && define.amd) {","    define('underscore', [], function() {","      return _;","    });","  }","}.call(this));",""],"l":{"6":1,"12":1,"15":1,"18":1,"21":1,"29":1,"36":1,"39":1,"40":0,"41":0,"42":0,"48":1,"49":1,"50":1,"52":1,"54":0,"58":1,"63":1,"64":4,"65":0,"66":0,"67":0,"69":0,"70":0,"72":0,"73":0,"75":0,"76":0,"79":0,"80":0,"87":1,"88":0,"89":0,"90":0,"91":0,"93":1,"94":0,"98":1,"99":3,"100":0,"101":0,"102":0,"103":0,"106":0,"107":0,"108":0,"111":0,"116":1,"117":0,"118":0,"119":0,"120":0,"121":0,"122":0,"125":1,"126":1,"127":4,"135":1,"136":1,"137":1,"138":4,"139":4,"148":1,"149":4,"150":4,"151":4,"152":4,"153":149,"156":0,"157":0,"158":0,"161":4,"165":1,"166":0,"167":0,"170":0,"171":0,"172":0,"174":0,"178":1,"181":1,"182":0,"183":0,"184":0,"186":0,"189":2,"190":0,"191":0,"195":0,"196":0,"197":0,"199":0,"205":1,"208":1,"211":1,"212":0,"213":0,"214":0,"216":0,"218":0,"223":1,"224":0,"225":0,"226":0,"227":0,"229":0,"233":1,"234":0,"239":1,"240":0,"241":0,"243":0,"244":0,"245":0,"247":0,"252":1,"253":0,"254":0,"256":0,"257":0,"258":0,"260":0,"265":1,"266":0,"267":0,"268":0,"272":1,"273":0,"274":0,"275":0,"276":0,"277":0,"282":1,"283":0,"288":1,"289":0,"294":1,"295":0,"299":1,"300":0,"302":0,"303":0,"304":0,"305":0,"306":0,"307":0,"311":0,"312":0,"313":0,"314":0,"315":0,"316":0,"320":0,"324":1,"325":0,"327":0,"328":0,"329":0,"330":0,"331":0,"332":0,"336":0,"337":0,"338":0,"339":0,"340":0,"341":0,"345":0,"350":1,"351":0,"352":0,"353":0,"354":0,"355":0,"356":0,"357":0,"359":0,"365":1,"366":0,"367":0,"368":0,"370":0,"374":1,"375":0,"376":0,"377":0,"383":0,"384":0,"385":0,"386":0,"387":0,"389":0,"394":1,"395":3,"396":0,"397":0,"398":0,"399":0,"400":0,"402":0,"408":1,"409":0,"414":1,"415":0,"421":1,"422":0,"426":1,"427":0,"428":0,"429":0,"430":0,"434":1,"435":0,"436":0,"441":1,"442":0,"443":0,"444":0,"445":0,"447":0,"456":1,"457":0,"458":0,"459":0,"465":1,"466":0,"471":1,"472":0,"473":0,"474":0,"480":1,"481":0,"485":1,"486":0,"490":1,"491":0,"492":0,"493":0,"494":0,"496":0,"497":0,"498":0,"499":0,"500":0,"502":0,"503":0,"506":0,"510":1,"511":0,"515":1,"516":0,"522":1,"523":0,"524":0,"525":0,"526":0,"528":0,"529":0,"530":0,"531":0,"532":0,"534":0,"535":0,"536":0,"537":0,"538":0,"539":0,"540":0,"542":0,"543":0,"546":0,"551":1,"552":0,"557":1,"558":0,"559":0,"560":0,"561":0,"562":0,"563":0,"564":0,"566":0,"568":0,"573":1,"574":0,"575":0,"576":0,"582":1,"583":0,"588":1,"589":0,"590":0,"592":0,"593":0,"595":0,"601":1,"602":0,"603":0,"604":0,"605":0,"607":0,"610":0,"614":1,"615":2,"616":0,"617":0,"618":0,"619":0,"620":0,"622":0,"627":1,"628":1,"632":1,"633":0,"634":0,"635":0,"636":0,"637":0,"638":0,"640":0,"644":1,"645":2,"646":0,"647":0,"648":0,"649":0,"651":0,"653":0,"654":0,"655":0,"657":0,"658":0,"659":0,"661":0,"662":0,"664":0,"672":1,"673":1,"678":1,"679":0,"680":0,"681":0,"683":0,"685":0,"686":0,"688":0,"689":0,"692":0,"700":1,"701":0,"702":0,"703":0,"704":0,"705":0,"711":1,"712":0,"713":0,"714":0,"715":0,"716":0,"718":0,"724":1,"725":2,"726":2,"727":0,"728":0,"729":0,"730":0,"732":0,"733":0,"735":2,"741":1,"742":0,"743":0,"744":0,"745":0,"746":0,"748":0,"752":1,"753":0,"754":0,"755":0,"756":0,"757":0,"759":0,"760":0,"765":1,"766":0,"767":0,"768":0,"774":1,"781":1,"782":0,"783":0,"784":0,"785":0,"786":0,"787":0,"788":0,"789":0,"790":0,"792":0,"793":0,"794":0,"795":0,"796":0,"797":0,"798":0,"799":0,"800":0,"801":0,"803":0,"804":0,"805":0,"806":0,"807":0,"809":0,"817":1,"818":0,"820":0,"821":0,"823":0,"824":0,"826":0,"827":0,"828":0,"829":0,"834":0,"835":0,"836":0,"837":0,"838":0,"839":0,"840":0,"841":0,"842":0,"845":0,"852":1,"853":0,"857":1,"858":0,"859":0,"865":1,"866":0,"867":0,"868":0,"869":0,"870":0,"871":0,"872":0,"877":1,"878":0,"879":0,"880":0,"886":1,"887":0,"888":0,"889":0,"890":0,"892":0,"893":0,"899":1,"905":1,"906":1,"909":1,"910":0,"911":0,"912":0,"915":0,"916":0,"918":0,"919":0,"920":0,"921":0,"928":1,"929":3,"930":3,"931":0,"932":0,"934":0,"935":0,"939":1,"940":0,"941":0,"942":0,"944":0,"945":0,"949":1,"950":0,"951":0,"952":0,"953":0,"954":0,"956":0,"961":1,"962":0,"963":0,"967":0,"968":0,"969":0,"971":0,"975":1,"976":0,"977":0,"978":0,"979":0,"980":0,"982":0,"986":1,"987":1,"988":1,"989":1,"990":6,"992":1,"997":1,"998":1,"999":1,"1000":134,"1002":1,"1006":1,"1010":1,"1013":1,"1014":0,"1015":0,"1016":0,"1017":0,"1018":0,"1023":1,"1024":0,"1025":0,"1026":0,"1027":0,"1028":0,"1030":0,"1031":0,"1032":0,"1034":0,"1035":0,"1036":0,"1037":0,"1039":0,"1043":1,"1044":0,"1045":0,"1047":0,"1048":0,"1049":0,"1052":0,"1056":1,"1061":1,"1062":0,"1063":0,"1064":0,"1068":1,"1069":0,"1070":0,"1076":1,"1077":0,"1078":0,"1082":1,"1083":0,"1084":0,"1085":0,"1086":0,"1087":0,"1088":0,"1090":0,"1095":1,"1098":0,"1100":0,"1102":0,"1103":0,"1105":0,"1106":0,"1107":0,"1114":0,"1118":0,"1120":0,"1126":0,"1129":0,"1130":0,"1131":0,"1135":0,"1136":0,"1139":0,"1147":0,"1148":0,"1149":0,"1150":0,"1153":0,"1157":0,"1158":0,"1161":0,"1163":0,"1164":0,"1166":0,"1167":0,"1171":0,"1172":0,"1174":0,"1175":0,"1177":0,"1178":0,"1182":0,"1183":0,"1184":0,"1188":1,"1189":0,"1194":1,"1195":0,"1196":0,"1197":0,"1201":1,"1202":0,"1207":1,"1208":0,"1212":1,"1213":3,"1214":3,"1218":1,"1219":7,"1220":1,"1226":1,"1227":0,"1228":0,"1234":1,"1235":1,"1236":134,"1241":1,"1242":0,"1246":1,"1247":0,"1251":1,"1252":0,"1256":1,"1257":0,"1261":1,"1262":0,"1267":1,"1268":0,"1276":1,"1277":0,"1278":0,"1282":1,"1283":0,"1287":1,"1288":0,"1289":0,"1293":1,"1295":1,"1298":1,"1299":0,"1300":0,"1306":1,"1307":0,"1308":0,"1309":0,"1314":1,"1315":0,"1316":0,"1317":0,"1318":0,"1322":1,"1323":0,"1324":0,"1325":0,"1327":0,"1331":1,"1332":0,"1336":1,"1344":1,"1347":1,"1348":2,"1349":0,"1352":2,"1353":2,"1354":2,"1355":2,"1356":0,"1357":0,"1360":1,"1361":1,"1365":1,"1366":0,"1367":0,"1368":0,"1370":0,"1375":1,"1376":1,"1377":0,"1378":0,"1383":1,"1392":1,"1396":1,"1405":1,"1407":1,"1408":0,"1415":1,"1416":0,"1417":0,"1420":0,"1427":0,"1428":0,"1429":0,"1430":0,"1431":0,"1433":0,"1434":0,"1435":0,"1436":0,"1437":0,"1438":0,"1442":0,"1444":0,"1447":0,"1449":0,"1453":0,"1454":0,"1456":0,"1457":0,"1460":0,"1461":0,"1465":0,"1466":0,"1468":0,"1472":1,"1473":0,"1474":0,"1475":0,"1485":1,"1486":0,"1490":1,"1491":1,"1492":132,"1493":132,"1494":0,"1495":0,"1496":0,"1502":1,"1505":1,"1506":7,"1507":7,"1508":0,"1509":0,"1510":0,"1511":0,"1516":1,"1517":3,"1518":3,"1519":0,"1524":1,"1525":0,"1530":1,"1532":1,"1533":0,"1543":1,"1544":0,"1545":0}}}